[0.395s] Invoking command in '/home/marco/ros2_ws/build/6dof_package': DEBUGINFOD_URLS=https://debuginfod.ubuntu.com PYTHONPATH=/home/marco/ros2_ws/build/6dof_package/prefix_override:/usr/lib/python3/dist-packages/colcon_core/task/python/colcon_distutils_commands:/home/marco/ros2_ws/install/6dof_package/lib/python3.12/site-packages:${PYTHONPATH} /usr/bin/python3 -W ignore:setup.py install is deprecated -W ignore:easy_install command is deprecated setup.py develop --editable --build-directory /home/marco/ros2_ws/build/6dof_package/build --no-deps symlink_data
[0.558s] running develop
[0.649s] running egg_info
[0.649s] creating 6dof_package.egg-info
[0.658s] writing 6dof_package.egg-info/PKG-INFO
[0.658s] writing dependency_links to 6dof_package.egg-info/dependency_links.txt
[0.658s] writing entry points to 6dof_package.egg-info/entry_points.txt
[0.658s] writing requirements to 6dof_package.egg-info/requires.txt
[0.658s] writing top-level names to 6dof_package.egg-info/top_level.txt
[0.658s] writing manifest file '6dof_package.egg-info/SOURCES.txt'
[0.675s] reading manifest file '6dof_package.egg-info/SOURCES.txt'
[0.676s] writing manifest file '6dof_package.egg-info/SOURCES.txt'
[0.685s] running build_ext
[0.685s] Creating /home/marco/ros2_ws/install/6dof_package/lib/python3.12/site-packages/6dof-package.egg-link (link to .)
[0.685s] Installing 6dof_node script to /home/marco/ros2_ws/install/6dof_package/lib/6dof_package
[0.685s] 
[0.685s] Installed /home/marco/ros2_ws/build/6dof_package
[0.685s] running symlink_data
[0.685s] creating /home/marco/ros2_ws/install/6dof_package/share/ament_index
[0.685s] creating /home/marco/ros2_ws/install/6dof_package/share/ament_index/resource_index
[0.685s] creating /home/marco/ros2_ws/install/6dof_package/share/ament_index/resource_index/packages
[0.685s] symbolically linking /home/marco/ros2_ws/build/6dof_package/resource/6dof_package -> /home/marco/ros2_ws/install/6dof_package/share/ament_index/resource_index/packages
[0.685s] symbolically linking /home/marco/ros2_ws/build/6dof_package/package.xml -> /home/marco/ros2_ws/install/6dof_package/share/6dof_package
[0.703s] Invoked command in '/home/marco/ros2_ws/build/6dof_package' returned '0': DEBUGINFOD_URLS=https://debuginfod.ubuntu.com PYTHONPATH=/home/marco/ros2_ws/build/6dof_package/prefix_override:/usr/lib/python3/dist-packages/colcon_core/task/python/colcon_distutils_commands:/home/marco/ros2_ws/install/6dof_package/lib/python3.12/site-packages:${PYTHONPATH} /usr/bin/python3 -W ignore:setup.py install is deprecated -W ignore:easy_install command is deprecated setup.py develop --editable --build-directory /home/marco/ros2_ws/build/6dof_package/build --no-deps symlink_data
