[0.008s] Invoking command in '/home/marco/ros2_ws/build/urdf_tutorial': DEBUGINFOD_URLS=https://debuginfod.ubuntu.com /usr/bin/cmake /home/marco/ros2_ws/src/urdf_tutorial -DCATKIN_INSTALL_INTO_PREFIX_ROOT=0 -DCATKIN_SYMLINK_INSTALL=ON -DCMAKE_INSTALL_PREFIX=/home/marco/ros2_ws/install/urdf_tutorial
[0.096s] -- The C compiler identification is GNU 13.3.0
[0.173s] -- The CXX compiler identification is GNU 13.3.0
[0.186s] -- Detecting C compiler ABI info
[0.248s] -- Detecting C compiler ABI info - done
[0.254s] -- Check for working C compiler: /usr/bin/cc - skipped
[0.255s] -- Detecting C compile features
[0.255s] -- Detecting C compile features - done
[0.263s] -- Detecting CXX compiler ABI info
[0.327s] -- Detecting CXX compiler ABI info - done
[0.337s] -- Check for working CXX compiler: /usr/bin/c++ - skipped
[0.337s] -- Detecting CXX compile features
[0.337s] -- Detecting CXX compile features - done
[0.345s] [31mCMake Error at CMakeLists.txt:4 (find_package):
[0.345s]   By not providing "Findcatkin.cmake" in CMAKE_MODULE_PATH this project has
[0.346s]   asked CMake to find a package configuration file provided by "catkin", but
[0.346s]   CMake did not find one.
[0.346s] 
[0.346s]   Could not find a package configuration file provided by "catkin" with any
[0.346s]   of the following names:
[0.346s] 
[0.346s]     catkinConfig.cmake
[0.346s]     catkin-config.cmake
[0.346s] 
[0.346s]   Add the installation prefix of "catkin" to CMAKE_PREFIX_PATH or set
[0.346s]   "catkin_DIR" to a directory containing one of the above files.  If "catkin"
[0.346s]   provides a separate development package or SDK, be sure it has been
[0.346s]   installed.
[0.346s] 
[0.346s] [0m
[0.346s] -- Configuring incomplete, errors occurred!
[0.347s] Invoked command in '/home/marco/ros2_ws/build/urdf_tutorial' returned '1': DEBUGINFOD_URLS=https://debuginfod.ubuntu.com /usr/bin/cmake /home/marco/ros2_ws/src/urdf_tutorial -DCATKIN_INSTALL_INTO_PREFIX_ROOT=0 -DCATKIN_SYMLINK_INSTALL=ON -DCMAKE_INSTALL_PREFIX=/home/marco/ros2_ws/install/urdf_tutorial
