[0.925s] Invoking command in '/home/marco/ros2_ws/src/robot_square': DEBUGINFOD_URLS=https://debuginfod.ubuntu.com PYTHONPATH=/home/marco/ros2_ws/build/robot_square/prefix_override:/usr/lib/python3/dist-packages/colcon_core/task/python/colcon_distutils_commands:/home/marco/ros2_ws/install/robot_square/lib/python3.12/site-packages:${PYTHONPATH} /usr/bin/python3 -W ignore:setup.py install is deprecated -W ignore:easy_install command is deprecated setup.py egg_info --egg-base ../../build/robot_square build --build-base /home/marco/ros2_ws/build/robot_square/build install --record /home/marco/ros2_ws/build/robot_square/install.log --single-version-externally-managed install_data
[1.084s] running egg_info
[1.094s] writing ../../build/robot_square/robot_square.egg-info/PKG-INFO
[1.094s] writing dependency_links to ../../build/robot_square/robot_square.egg-info/dependency_links.txt
[1.094s] writing entry points to ../../build/robot_square/robot_square.egg-info/entry_points.txt
[1.094s] writing requirements to ../../build/robot_square/robot_square.egg-info/requires.txt
[1.094s] writing top-level names to ../../build/robot_square/robot_square.egg-info/top_level.txt
[1.116s] reading manifest file '../../build/robot_square/robot_square.egg-info/SOURCES.txt'
[1.116s] adding license file 'LICENSE'
[1.116s] writing manifest file '../../build/robot_square/robot_square.egg-info/SOURCES.txt'
[1.116s] running build
[1.116s] running build_py
[1.117s] running install
[1.121s] running install_lib
[1.132s] running install_data
[1.133s] running install_egg_info
[1.147s] removing '/home/marco/ros2_ws/install/robot_square/lib/python3.12/site-packages/robot_square-0.0.0-py3.12.egg-info' (and everything under it)
[1.147s] Copying ../../build/robot_square/robot_square.egg-info to /home/marco/ros2_ws/install/robot_square/lib/python3.12/site-packages/robot_square-0.0.0-py3.12.egg-info
[1.147s] running install_scripts
[1.221s] Installing talker script to /home/marco/ros2_ws/install/robot_square/lib/robot_square
[1.221s] writing list of installed files to '/home/marco/ros2_ws/build/robot_square/install.log'
[1.251s] Invoked command in '/home/marco/ros2_ws/src/robot_square' returned '0': DEBUGINFOD_URLS=https://debuginfod.ubuntu.com PYTHONPATH=/home/marco/ros2_ws/build/robot_square/prefix_override:/usr/lib/python3/dist-packages/colcon_core/task/python/colcon_distutils_commands:/home/marco/ros2_ws/install/robot_square/lib/python3.12/site-packages:${PYTHONPATH} /usr/bin/python3 -W ignore:setup.py install is deprecated -W ignore:easy_install command is deprecated setup.py egg_info --egg-base ../../build/robot_square build --build-base /home/marco/ros2_ws/build/robot_square/build install --record /home/marco/ros2_ws/build/robot_square/install.log --single-version-externally-managed install_data
