[0.057s] DEBUG:colcon:Command line arguments: ['/usr/bin/colcon', 'build', '--symlink-install']
[0.057s] DEBUG:colcon:Parsed command line arguments: Namespace(log_base=None, log_level=None, verb_name='build', build_base='build', install_base='install', merge_install=False, symlink_install=True, test_result_base=None, continue_on_error=False, executor='parallel', parallel_workers=16, event_handlers=None, ignore_user_meta=False, metas=['./colcon.meta'], base_paths=['.'], packages_ignore=None, packages_ignore_regex=None, paths=None, packages_up_to=None, packages_up_to_regex=None, packages_above=None, packages_above_and_dependencies=None, packages_above_depth=None, packages_select_by_dep=None, packages_skip_by_dep=None, packages_skip_up_to=None, packages_select_build_failed=False, packages_skip_build_finished=False, packages_select_test_failures=False, packages_skip_test_passed=False, packages_select=None, packages_skip=None, packages_select_regex=None, packages_skip_regex=None, packages_start=None, packages_end=None, allow_overriding=[], cmake_args=None, cmake_target=None, cmake_target_skip_unavailable=False, cmake_clean_cache=False, cmake_clean_first=False, cmake_force_configure=False, ament_cmake_args=None, catkin_cmake_args=None, catkin_skip_building_tests=False, verb_parser=<colcon_defaults.argument_parser.defaults.DefaultArgumentsDecorator object at 0x7025f4bb0290>, verb_extension=<colcon_core.verb.build.BuildVerb object at 0x7025f4b2baa0>, main=<bound method BuildVerb.main of <colcon_core.verb.build.BuildVerb object at 0x7025f4b2baa0>>)
[0.079s] Level 1:colcon.colcon_core.package_discovery:discover_packages(colcon_meta) check parameters
[0.079s] Level 1:colcon.colcon_core.package_discovery:discover_packages(recursive) check parameters
[0.079s] Level 1:colcon.colcon_core.package_discovery:discover_packages(ignore) check parameters
[0.079s] Level 1:colcon.colcon_core.package_discovery:discover_packages(path) check parameters
[0.079s] Level 1:colcon.colcon_core.package_discovery:discover_packages(colcon_meta) discover
[0.079s] Level 1:colcon.colcon_core.package_discovery:discover_packages(recursive) discover
[0.079s] INFO:colcon.colcon_core.package_discovery:Crawling recursively for packages in '/home/marco/ros2_ws'
[0.079s] Level 1:colcon.colcon_core.package_identification:_identify(.) by extensions ['ignore', 'ignore_ament_install']
[0.079s] Level 1:colcon.colcon_core.package_identification:_identify(.) by extension 'ignore'
[0.079s] Level 1:colcon.colcon_core.package_identification:_identify(.) by extension 'ignore_ament_install'
[0.079s] Level 1:colcon.colcon_core.package_identification:_identify(.) by extensions ['colcon_pkg']
[0.079s] Level 1:colcon.colcon_core.package_identification:_identify(.) by extension 'colcon_pkg'
[0.079s] Level 1:colcon.colcon_core.package_identification:_identify(.) by extensions ['colcon_meta']
[0.079s] Level 1:colcon.colcon_core.package_identification:_identify(.) by extension 'colcon_meta'
[0.079s] Level 1:colcon.colcon_core.package_identification:_identify(.) by extensions ['ros']
[0.079s] Level 1:colcon.colcon_core.package_identification:_identify(.) by extension 'ros'
[0.094s] Level 1:colcon.colcon_core.package_identification:_identify(.) by extensions ['cmake', 'python']
[0.094s] Level 1:colcon.colcon_core.package_identification:_identify(.) by extension 'cmake'
[0.094s] Level 1:colcon.colcon_core.package_identification:_identify(.) by extension 'python'
[0.094s] Level 1:colcon.colcon_core.package_identification:_identify(.) by extensions ['python_setup_py']
[0.094s] Level 1:colcon.colcon_core.package_identification:_identify(.) by extension 'python_setup_py'
[0.094s] Level 1:colcon.colcon_core.package_identification:_identify(build) by extensions ['ignore', 'ignore_ament_install']
[0.094s] Level 1:colcon.colcon_core.package_identification:_identify(build) by extension 'ignore'
[0.094s] Level 1:colcon.colcon_core.package_identification:_identify(build) ignored
[0.094s] Level 1:colcon.colcon_core.package_identification:_identify(install) by extensions ['ignore', 'ignore_ament_install']
[0.094s] Level 1:colcon.colcon_core.package_identification:_identify(install) by extension 'ignore'
[0.094s] Level 1:colcon.colcon_core.package_identification:_identify(install) ignored
[0.094s] Level 1:colcon.colcon_core.package_identification:_identify(log) by extensions ['ignore', 'ignore_ament_install']
[0.094s] Level 1:colcon.colcon_core.package_identification:_identify(log) by extension 'ignore'
[0.095s] Level 1:colcon.colcon_core.package_identification:_identify(log) ignored
[0.095s] Level 1:colcon.colcon_core.package_identification:_identify(src) by extensions ['ignore', 'ignore_ament_install']
[0.095s] Level 1:colcon.colcon_core.package_identification:_identify(src) by extension 'ignore'
[0.095s] Level 1:colcon.colcon_core.package_identification:_identify(src) by extension 'ignore_ament_install'
[0.095s] Level 1:colcon.colcon_core.package_identification:_identify(src) by extensions ['colcon_pkg']
[0.095s] Level 1:colcon.colcon_core.package_identification:_identify(src) by extension 'colcon_pkg'
[0.095s] Level 1:colcon.colcon_core.package_identification:_identify(src) by extensions ['colcon_meta']
[0.095s] Level 1:colcon.colcon_core.package_identification:_identify(src) by extension 'colcon_meta'
[0.095s] Level 1:colcon.colcon_core.package_identification:_identify(src) by extensions ['ros']
[0.095s] Level 1:colcon.colcon_core.package_identification:_identify(src) by extension 'ros'
[0.095s] Level 1:colcon.colcon_core.package_identification:_identify(src) by extensions ['cmake', 'python']
[0.095s] Level 1:colcon.colcon_core.package_identification:_identify(src) by extension 'cmake'
[0.095s] Level 1:colcon.colcon_core.package_identification:_identify(src) by extension 'python'
[0.095s] Level 1:colcon.colcon_core.package_identification:_identify(src) by extensions ['python_setup_py']
[0.095s] Level 1:colcon.colcon_core.package_identification:_identify(src) by extension 'python_setup_py'
[0.095s] Level 1:colcon.colcon_core.package_identification:_identify(src/6dof_package) by extensions ['ignore', 'ignore_ament_install']
[0.095s] Level 1:colcon.colcon_core.package_identification:_identify(src/6dof_package) by extension 'ignore'
[0.095s] Level 1:colcon.colcon_core.package_identification:_identify(src/6dof_package) by extension 'ignore_ament_install'
[0.095s] Level 1:colcon.colcon_core.package_identification:_identify(src/6dof_package) by extensions ['colcon_pkg']
[0.095s] Level 1:colcon.colcon_core.package_identification:_identify(src/6dof_package) by extension 'colcon_pkg'
[0.095s] Level 1:colcon.colcon_core.package_identification:_identify(src/6dof_package) by extensions ['colcon_meta']
[0.095s] Level 1:colcon.colcon_core.package_identification:_identify(src/6dof_package) by extension 'colcon_meta'
[0.095s] Level 1:colcon.colcon_core.package_identification:_identify(src/6dof_package) by extensions ['ros']
[0.095s] Level 1:colcon.colcon_core.package_identification:_identify(src/6dof_package) by extension 'ros'
[0.096s] DEBUG:colcon.colcon_core.package_identification:Package 'src/6dof_package' with type 'ros.ament_python' and name '6dof_package'
[0.096s] Level 1:colcon.colcon_core.package_identification:_identify(src/prova_gz) by extensions ['ignore', 'ignore_ament_install']
[0.096s] Level 1:colcon.colcon_core.package_identification:_identify(src/prova_gz) by extension 'ignore'
[0.097s] Level 1:colcon.colcon_core.package_identification:_identify(src/prova_gz) by extension 'ignore_ament_install'
[0.097s] Level 1:colcon.colcon_core.package_identification:_identify(src/prova_gz) by extensions ['colcon_pkg']
[0.097s] Level 1:colcon.colcon_core.package_identification:_identify(src/prova_gz) by extension 'colcon_pkg'
[0.097s] Level 1:colcon.colcon_core.package_identification:_identify(src/prova_gz) by extensions ['colcon_meta']
[0.097s] Level 1:colcon.colcon_core.package_identification:_identify(src/prova_gz) by extension 'colcon_meta'
[0.097s] Level 1:colcon.colcon_core.package_identification:_identify(src/prova_gz) by extensions ['ros']
[0.097s] Level 1:colcon.colcon_core.package_identification:_identify(src/prova_gz) by extension 'ros'
[0.097s] DEBUG:colcon.colcon_core.package_identification:Package 'src/prova_gz' with type 'ros.ament_python' and name 'prova_gz'
[0.097s] Level 1:colcon.colcon_core.package_identification:_identify(src/robot_plan_1dof) by extensions ['ignore', 'ignore_ament_install']
[0.097s] Level 1:colcon.colcon_core.package_identification:_identify(src/robot_plan_1dof) by extension 'ignore'
[0.097s] Level 1:colcon.colcon_core.package_identification:_identify(src/robot_plan_1dof) by extension 'ignore_ament_install'
[0.097s] Level 1:colcon.colcon_core.package_identification:_identify(src/robot_plan_1dof) by extensions ['colcon_pkg']
[0.097s] Level 1:colcon.colcon_core.package_identification:_identify(src/robot_plan_1dof) by extension 'colcon_pkg'
[0.097s] Level 1:colcon.colcon_core.package_identification:_identify(src/robot_plan_1dof) by extensions ['colcon_meta']
[0.097s] Level 1:colcon.colcon_core.package_identification:_identify(src/robot_plan_1dof) by extension 'colcon_meta'
[0.097s] Level 1:colcon.colcon_core.package_identification:_identify(src/robot_plan_1dof) by extensions ['ros']
[0.097s] Level 1:colcon.colcon_core.package_identification:_identify(src/robot_plan_1dof) by extension 'ros'
[0.097s] DEBUG:colcon.colcon_core.package_identification:Package 'src/robot_plan_1dof' with type 'ros.ament_python' and name 'robot_plan_1dof'
[0.097s] Level 1:colcon.colcon_core.package_identification:_identify(src/robot_square) by extensions ['ignore', 'ignore_ament_install']
[0.097s] Level 1:colcon.colcon_core.package_identification:_identify(src/robot_square) by extension 'ignore'
[0.097s] Level 1:colcon.colcon_core.package_identification:_identify(src/robot_square) by extension 'ignore_ament_install'
[0.098s] Level 1:colcon.colcon_core.package_identification:_identify(src/robot_square) by extensions ['colcon_pkg']
[0.098s] Level 1:colcon.colcon_core.package_identification:_identify(src/robot_square) by extension 'colcon_pkg'
[0.098s] Level 1:colcon.colcon_core.package_identification:_identify(src/robot_square) by extensions ['colcon_meta']
[0.098s] Level 1:colcon.colcon_core.package_identification:_identify(src/robot_square) by extension 'colcon_meta'
[0.098s] Level 1:colcon.colcon_core.package_identification:_identify(src/robot_square) by extensions ['ros']
[0.098s] Level 1:colcon.colcon_core.package_identification:_identify(src/robot_square) by extension 'ros'
[0.098s] DEBUG:colcon.colcon_core.package_identification:Package 'src/robot_square' with type 'ros.ament_python' and name 'robot_square'
[0.098s] Level 1:colcon.colcon_core.package_identification:_identify(src/robot_wasd) by extensions ['ignore', 'ignore_ament_install']
[0.098s] Level 1:colcon.colcon_core.package_identification:_identify(src/robot_wasd) by extension 'ignore'
[0.098s] Level 1:colcon.colcon_core.package_identification:_identify(src/robot_wasd) by extension 'ignore_ament_install'
[0.098s] Level 1:colcon.colcon_core.package_identification:_identify(src/robot_wasd) by extensions ['colcon_pkg']
[0.098s] Level 1:colcon.colcon_core.package_identification:_identify(src/robot_wasd) by extension 'colcon_pkg'
[0.098s] Level 1:colcon.colcon_core.package_identification:_identify(src/robot_wasd) by extensions ['colcon_meta']
[0.098s] Level 1:colcon.colcon_core.package_identification:_identify(src/robot_wasd) by extension 'colcon_meta'
[0.098s] Level 1:colcon.colcon_core.package_identification:_identify(src/robot_wasd) by extensions ['ros']
[0.098s] Level 1:colcon.colcon_core.package_identification:_identify(src/robot_wasd) by extension 'ros'
[0.098s] DEBUG:colcon.colcon_core.package_identification:Package 'src/robot_wasd' with type 'ros.ament_python' and name 'robot_wasd'
[0.098s] Level 1:colcon.colcon_core.package_identification:_identify(src/urdf_tutorial) by extensions ['ignore', 'ignore_ament_install']
[0.098s] Level 1:colcon.colcon_core.package_identification:_identify(src/urdf_tutorial) by extension 'ignore'
[0.099s] Level 1:colcon.colcon_core.package_identification:_identify(src/urdf_tutorial) by extension 'ignore_ament_install'
[0.099s] Level 1:colcon.colcon_core.package_identification:_identify(src/urdf_tutorial) by extensions ['colcon_pkg']
[0.099s] Level 1:colcon.colcon_core.package_identification:_identify(src/urdf_tutorial) by extension 'colcon_pkg'
[0.099s] Level 1:colcon.colcon_core.package_identification:_identify(src/urdf_tutorial) by extensions ['colcon_meta']
[0.099s] Level 1:colcon.colcon_core.package_identification:_identify(src/urdf_tutorial) by extension 'colcon_meta'
[0.099s] Level 1:colcon.colcon_core.package_identification:_identify(src/urdf_tutorial) by extensions ['ros']
[0.099s] Level 1:colcon.colcon_core.package_identification:_identify(src/urdf_tutorial) by extension 'ros'
[0.099s] DEBUG:colcon.colcon_core.package_identification:Package 'src/urdf_tutorial' with type 'ros.ament_cmake' and name 'urdf_tutorial'
[0.099s] Level 1:colcon.colcon_core.package_identification:_identify(src/utils) by extensions ['ignore', 'ignore_ament_install']
[0.099s] Level 1:colcon.colcon_core.package_identification:_identify(src/utils) by extension 'ignore'
[0.099s] Level 1:colcon.colcon_core.package_identification:_identify(src/utils) by extension 'ignore_ament_install'
[0.099s] Level 1:colcon.colcon_core.package_identification:_identify(src/utils) by extensions ['colcon_pkg']
[0.099s] Level 1:colcon.colcon_core.package_identification:_identify(src/utils) by extension 'colcon_pkg'
[0.099s] Level 1:colcon.colcon_core.package_identification:_identify(src/utils) by extensions ['colcon_meta']
[0.099s] Level 1:colcon.colcon_core.package_identification:_identify(src/utils) by extension 'colcon_meta'
[0.099s] Level 1:colcon.colcon_core.package_identification:_identify(src/utils) by extensions ['ros']
[0.099s] Level 1:colcon.colcon_core.package_identification:_identify(src/utils) by extension 'ros'
[0.099s] Level 1:colcon.colcon_core.package_identification:_identify(src/utils) by extensions ['cmake', 'python']
[0.099s] Level 1:colcon.colcon_core.package_identification:_identify(src/utils) by extension 'cmake'
[0.099s] Level 1:colcon.colcon_core.package_identification:_identify(src/utils) by extension 'python'
[0.099s] Level 1:colcon.colcon_core.package_identification:_identify(src/utils) by extensions ['python_setup_py']
[0.099s] Level 1:colcon.colcon_core.package_identification:_identify(src/utils) by extension 'python_setup_py'
[0.099s] Level 1:colcon.colcon_core.package_discovery:discover_packages(recursive) using defaults
[0.099s] Level 1:colcon.colcon_core.package_discovery:discover_packages(ignore) discover
[0.099s] Level 1:colcon.colcon_core.package_discovery:discover_packages(ignore) using defaults
[0.099s] Level 1:colcon.colcon_core.package_discovery:discover_packages(path) discover
[0.099s] Level 1:colcon.colcon_core.package_discovery:discover_packages(path) using defaults
[0.110s] Level 1:colcon.colcon_core.package_discovery:discover_packages(prefix_path) check parameters
[0.110s] Level 1:colcon.colcon_core.package_discovery:discover_packages(prefix_path) discover
[0.111s] WARNING:colcon.colcon_ros.prefix_path.ament:The path '/home/marco/ros2_ws/install/turtlesim' in the environment variable AMENT_PREFIX_PATH doesn't exist
[0.111s] WARNING:colcon.colcon_ros.prefix_path.ament:The path '/home/marco/ros2_ws/install/robot_master_slave' in the environment variable AMENT_PREFIX_PATH doesn't exist
[0.111s] WARNING:colcon.colcon_ros.prefix_path.ament:The path '/home/marco/ros2_ws/install/py_pubsub' in the environment variable AMENT_PREFIX_PATH doesn't exist
[0.111s] WARNING:colcon.colcon_ros.prefix_path.ament:The path '/home/marco/ros2_ws/install/6dof' in the environment variable AMENT_PREFIX_PATH doesn't exist
[0.111s] WARNING:colcon.colcon_ros.prefix_path.catkin:The path '/home/marco/ros2_ws/install/turtlesim' in the environment variable CMAKE_PREFIX_PATH doesn't exist
[0.111s] DEBUG:colcon.colcon_installed_package_information.package_discovery:Found 6 installed packages in /home/marco/ros2_ws/install
[0.112s] DEBUG:colcon.colcon_installed_package_information.package_discovery:Found 318 installed packages in /opt/ros/jazzy
[0.113s] Level 1:colcon.colcon_core.package_discovery:discover_packages(prefix_path) using defaults
[0.135s] Level 5:colcon.colcon_core.verb:set package '6dof_package' build argument 'cmake_args' from command line to 'None'
[0.135s] Level 5:colcon.colcon_core.verb:set package '6dof_package' build argument 'cmake_target' from command line to 'None'
[0.135s] Level 5:colcon.colcon_core.verb:set package '6dof_package' build argument 'cmake_target_skip_unavailable' from command line to 'False'
[0.135s] Level 5:colcon.colcon_core.verb:set package '6dof_package' build argument 'cmake_clean_cache' from command line to 'False'
[0.135s] Level 5:colcon.colcon_core.verb:set package '6dof_package' build argument 'cmake_clean_first' from command line to 'False'
[0.135s] Level 5:colcon.colcon_core.verb:set package '6dof_package' build argument 'cmake_force_configure' from command line to 'False'
[0.135s] Level 5:colcon.colcon_core.verb:set package '6dof_package' build argument 'ament_cmake_args' from command line to 'None'
[0.135s] Level 5:colcon.colcon_core.verb:set package '6dof_package' build argument 'catkin_cmake_args' from command line to 'None'
[0.135s] Level 5:colcon.colcon_core.verb:set package '6dof_package' build argument 'catkin_skip_building_tests' from command line to 'False'
[0.135s] DEBUG:colcon.colcon_core.verb:Building package '6dof_package' with the following arguments: {'ament_cmake_args': None, 'build_base': '/home/marco/ros2_ws/build/6dof_package', 'catkin_cmake_args': None, 'catkin_skip_building_tests': False, 'cmake_args': None, 'cmake_clean_cache': False, 'cmake_clean_first': False, 'cmake_force_configure': False, 'cmake_target': None, 'cmake_target_skip_unavailable': False, 'install_base': '/home/marco/ros2_ws/install/6dof_package', 'merge_install': False, 'path': '/home/marco/ros2_ws/src/6dof_package', 'symlink_install': True, 'test_result_base': None}
[0.135s] Level 5:colcon.colcon_core.verb:set package 'prova_gz' build argument 'cmake_args' from command line to 'None'
[0.135s] Level 5:colcon.colcon_core.verb:set package 'prova_gz' build argument 'cmake_target' from command line to 'None'
[0.135s] Level 5:colcon.colcon_core.verb:set package 'prova_gz' build argument 'cmake_target_skip_unavailable' from command line to 'False'
[0.135s] Level 5:colcon.colcon_core.verb:set package 'prova_gz' build argument 'cmake_clean_cache' from command line to 'False'
[0.135s] Level 5:colcon.colcon_core.verb:set package 'prova_gz' build argument 'cmake_clean_first' from command line to 'False'
[0.135s] Level 5:colcon.colcon_core.verb:set package 'prova_gz' build argument 'cmake_force_configure' from command line to 'False'
[0.135s] Level 5:colcon.colcon_core.verb:set package 'prova_gz' build argument 'ament_cmake_args' from command line to 'None'
[0.135s] Level 5:colcon.colcon_core.verb:set package 'prova_gz' build argument 'catkin_cmake_args' from command line to 'None'
[0.135s] Level 5:colcon.colcon_core.verb:set package 'prova_gz' build argument 'catkin_skip_building_tests' from command line to 'False'
[0.135s] DEBUG:colcon.colcon_core.verb:Building package 'prova_gz' with the following arguments: {'ament_cmake_args': None, 'build_base': '/home/marco/ros2_ws/build/prova_gz', 'catkin_cmake_args': None, 'catkin_skip_building_tests': False, 'cmake_args': None, 'cmake_clean_cache': False, 'cmake_clean_first': False, 'cmake_force_configure': False, 'cmake_target': None, 'cmake_target_skip_unavailable': False, 'install_base': '/home/marco/ros2_ws/install/prova_gz', 'merge_install': False, 'path': '/home/marco/ros2_ws/src/prova_gz', 'symlink_install': True, 'test_result_base': None}
[0.135s] Level 5:colcon.colcon_core.verb:set package 'robot_plan_1dof' build argument 'cmake_args' from command line to 'None'
[0.135s] Level 5:colcon.colcon_core.verb:set package 'robot_plan_1dof' build argument 'cmake_target' from command line to 'None'
[0.135s] Level 5:colcon.colcon_core.verb:set package 'robot_plan_1dof' build argument 'cmake_target_skip_unavailable' from command line to 'False'
[0.135s] Level 5:colcon.colcon_core.verb:set package 'robot_plan_1dof' build argument 'cmake_clean_cache' from command line to 'False'
[0.135s] Level 5:colcon.colcon_core.verb:set package 'robot_plan_1dof' build argument 'cmake_clean_first' from command line to 'False'
[0.135s] Level 5:colcon.colcon_core.verb:set package 'robot_plan_1dof' build argument 'cmake_force_configure' from command line to 'False'
[0.135s] Level 5:colcon.colcon_core.verb:set package 'robot_plan_1dof' build argument 'ament_cmake_args' from command line to 'None'
[0.135s] Level 5:colcon.colcon_core.verb:set package 'robot_plan_1dof' build argument 'catkin_cmake_args' from command line to 'None'
[0.135s] Level 5:colcon.colcon_core.verb:set package 'robot_plan_1dof' build argument 'catkin_skip_building_tests' from command line to 'False'
[0.135s] DEBUG:colcon.colcon_core.verb:Building package 'robot_plan_1dof' with the following arguments: {'ament_cmake_args': None, 'build_base': '/home/marco/ros2_ws/build/robot_plan_1dof', 'catkin_cmake_args': None, 'catkin_skip_building_tests': False, 'cmake_args': None, 'cmake_clean_cache': False, 'cmake_clean_first': False, 'cmake_force_configure': False, 'cmake_target': None, 'cmake_target_skip_unavailable': False, 'install_base': '/home/marco/ros2_ws/install/robot_plan_1dof', 'merge_install': False, 'path': '/home/marco/ros2_ws/src/robot_plan_1dof', 'symlink_install': True, 'test_result_base': None}
[0.135s] Level 5:colcon.colcon_core.verb:set package 'robot_square' build argument 'cmake_args' from command line to 'None'
[0.135s] Level 5:colcon.colcon_core.verb:set package 'robot_square' build argument 'cmake_target' from command line to 'None'
[0.135s] Level 5:colcon.colcon_core.verb:set package 'robot_square' build argument 'cmake_target_skip_unavailable' from command line to 'False'
[0.135s] Level 5:colcon.colcon_core.verb:set package 'robot_square' build argument 'cmake_clean_cache' from command line to 'False'
[0.135s] Level 5:colcon.colcon_core.verb:set package 'robot_square' build argument 'cmake_clean_first' from command line to 'False'
[0.135s] Level 5:colcon.colcon_core.verb:set package 'robot_square' build argument 'cmake_force_configure' from command line to 'False'
[0.136s] Level 5:colcon.colcon_core.verb:set package 'robot_square' build argument 'ament_cmake_args' from command line to 'None'
[0.136s] Level 5:colcon.colcon_core.verb:set package 'robot_square' build argument 'catkin_cmake_args' from command line to 'None'
[0.136s] Level 5:colcon.colcon_core.verb:set package 'robot_square' build argument 'catkin_skip_building_tests' from command line to 'False'
[0.136s] DEBUG:colcon.colcon_core.verb:Building package 'robot_square' with the following arguments: {'ament_cmake_args': None, 'build_base': '/home/marco/ros2_ws/build/robot_square', 'catkin_cmake_args': None, 'catkin_skip_building_tests': False, 'cmake_args': None, 'cmake_clean_cache': False, 'cmake_clean_first': False, 'cmake_force_configure': False, 'cmake_target': None, 'cmake_target_skip_unavailable': False, 'install_base': '/home/marco/ros2_ws/install/robot_square', 'merge_install': False, 'path': '/home/marco/ros2_ws/src/robot_square', 'symlink_install': True, 'test_result_base': None}
[0.136s] Level 5:colcon.colcon_core.verb:set package 'robot_wasd' build argument 'cmake_args' from command line to 'None'
[0.136s] Level 5:colcon.colcon_core.verb:set package 'robot_wasd' build argument 'cmake_target' from command line to 'None'
[0.136s] Level 5:colcon.colcon_core.verb:set package 'robot_wasd' build argument 'cmake_target_skip_unavailable' from command line to 'False'
[0.136s] Level 5:colcon.colcon_core.verb:set package 'robot_wasd' build argument 'cmake_clean_cache' from command line to 'False'
[0.136s] Level 5:colcon.colcon_core.verb:set package 'robot_wasd' build argument 'cmake_clean_first' from command line to 'False'
[0.136s] Level 5:colcon.colcon_core.verb:set package 'robot_wasd' build argument 'cmake_force_configure' from command line to 'False'
[0.136s] Level 5:colcon.colcon_core.verb:set package 'robot_wasd' build argument 'ament_cmake_args' from command line to 'None'
[0.136s] Level 5:colcon.colcon_core.verb:set package 'robot_wasd' build argument 'catkin_cmake_args' from command line to 'None'
[0.136s] Level 5:colcon.colcon_core.verb:set package 'robot_wasd' build argument 'catkin_skip_building_tests' from command line to 'False'
[0.136s] DEBUG:colcon.colcon_core.verb:Building package 'robot_wasd' with the following arguments: {'ament_cmake_args': None, 'build_base': '/home/marco/ros2_ws/build/robot_wasd', 'catkin_cmake_args': None, 'catkin_skip_building_tests': False, 'cmake_args': None, 'cmake_clean_cache': False, 'cmake_clean_first': False, 'cmake_force_configure': False, 'cmake_target': None, 'cmake_target_skip_unavailable': False, 'install_base': '/home/marco/ros2_ws/install/robot_wasd', 'merge_install': False, 'path': '/home/marco/ros2_ws/src/robot_wasd', 'symlink_install': True, 'test_result_base': None}
[0.136s] Level 5:colcon.colcon_core.verb:set package 'urdf_tutorial' build argument 'cmake_args' from command line to 'None'
[0.136s] Level 5:colcon.colcon_core.verb:set package 'urdf_tutorial' build argument 'cmake_target' from command line to 'None'
[0.136s] Level 5:colcon.colcon_core.verb:set package 'urdf_tutorial' build argument 'cmake_target_skip_unavailable' from command line to 'False'
[0.136s] Level 5:colcon.colcon_core.verb:set package 'urdf_tutorial' build argument 'cmake_clean_cache' from command line to 'False'
[0.136s] Level 5:colcon.colcon_core.verb:set package 'urdf_tutorial' build argument 'cmake_clean_first' from command line to 'False'
[0.136s] Level 5:colcon.colcon_core.verb:set package 'urdf_tutorial' build argument 'cmake_force_configure' from command line to 'False'
[0.136s] Level 5:colcon.colcon_core.verb:set package 'urdf_tutorial' build argument 'ament_cmake_args' from command line to 'None'
[0.136s] Level 5:colcon.colcon_core.verb:set package 'urdf_tutorial' build argument 'catkin_cmake_args' from command line to 'None'
[0.136s] Level 5:colcon.colcon_core.verb:set package 'urdf_tutorial' build argument 'catkin_skip_building_tests' from command line to 'False'
[0.136s] DEBUG:colcon.colcon_core.verb:Building package 'urdf_tutorial' with the following arguments: {'ament_cmake_args': None, 'build_base': '/home/marco/ros2_ws/build/urdf_tutorial', 'catkin_cmake_args': None, 'catkin_skip_building_tests': False, 'cmake_args': None, 'cmake_clean_cache': False, 'cmake_clean_first': False, 'cmake_force_configure': False, 'cmake_target': None, 'cmake_target_skip_unavailable': False, 'install_base': '/home/marco/ros2_ws/install/urdf_tutorial', 'merge_install': False, 'path': '/home/marco/ros2_ws/src/urdf_tutorial', 'symlink_install': True, 'test_result_base': None}
[0.136s] INFO:colcon.colcon_core.executor:Executing jobs using 'parallel' executor
[0.137s] DEBUG:colcon.colcon_parallel_executor.executor.parallel:run_until_complete
[0.137s] INFO:colcon.colcon_ros.task.ament_python.build:Building ROS package in '/home/marco/ros2_ws/src/6dof_package' with build type 'ament_python'
[0.137s] Level 1:colcon.colcon_core.shell:create_environment_hook('6dof_package', 'ament_prefix_path')
[0.138s] INFO:colcon.colcon_core.plugin_system:Skipping extension 'colcon_core.shell.bat': Not used on non-Windows systems
[0.138s] INFO:colcon.colcon_core.shell:Creating environment hook '/home/marco/ros2_ws/install/6dof_package/share/6dof_package/hook/ament_prefix_path.ps1'
[0.139s] INFO:colcon.colcon_core.shell:Creating environment descriptor '/home/marco/ros2_ws/install/6dof_package/share/6dof_package/hook/ament_prefix_path.dsv'
[0.139s] INFO:colcon.colcon_core.shell:Creating environment hook '/home/marco/ros2_ws/install/6dof_package/share/6dof_package/hook/ament_prefix_path.sh'
[0.139s] INFO:colcon.colcon_core.shell:Skip shell extension 'powershell' for command environment: Not usable outside of PowerShell
[0.139s] DEBUG:colcon.colcon_core.shell:Skip shell extension 'dsv' for command environment
[0.141s] INFO:colcon.colcon_ros.task.ament_python.build:Building ROS package in '/home/marco/ros2_ws/src/prova_gz' with build type 'ament_python'
[0.141s] Level 1:colcon.colcon_core.shell:create_environment_hook('prova_gz', 'ament_prefix_path')
[0.141s] INFO:colcon.colcon_core.shell:Creating environment hook '/home/marco/ros2_ws/install/prova_gz/share/prova_gz/hook/ament_prefix_path.ps1'
[0.141s] INFO:colcon.colcon_core.shell:Creating environment descriptor '/home/marco/ros2_ws/install/prova_gz/share/prova_gz/hook/ament_prefix_path.dsv'
[0.142s] INFO:colcon.colcon_core.shell:Creating environment hook '/home/marco/ros2_ws/install/prova_gz/share/prova_gz/hook/ament_prefix_path.sh'
[0.142s] INFO:colcon.colcon_core.shell:Skip shell extension 'powershell' for command environment: Not usable outside of PowerShell
[0.142s] DEBUG:colcon.colcon_core.shell:Skip shell extension 'dsv' for command environment
[0.143s] INFO:colcon.colcon_ros.task.ament_python.build:Building ROS package in '/home/marco/ros2_ws/src/robot_plan_1dof' with build type 'ament_python'
[0.144s] Level 1:colcon.colcon_core.shell:create_environment_hook('robot_plan_1dof', 'ament_prefix_path')
[0.144s] INFO:colcon.colcon_core.shell:Creating environment hook '/home/marco/ros2_ws/install/robot_plan_1dof/share/robot_plan_1dof/hook/ament_prefix_path.ps1'
[0.144s] INFO:colcon.colcon_core.shell:Creating environment descriptor '/home/marco/ros2_ws/install/robot_plan_1dof/share/robot_plan_1dof/hook/ament_prefix_path.dsv'
[0.144s] INFO:colcon.colcon_core.shell:Creating environment hook '/home/marco/ros2_ws/install/robot_plan_1dof/share/robot_plan_1dof/hook/ament_prefix_path.sh'
[0.144s] INFO:colcon.colcon_core.shell:Skip shell extension 'powershell' for command environment: Not usable outside of PowerShell
[0.144s] DEBUG:colcon.colcon_core.shell:Skip shell extension 'dsv' for command environment
[0.146s] INFO:colcon.colcon_ros.task.ament_python.build:Building ROS package in '/home/marco/ros2_ws/src/robot_square' with build type 'ament_python'
[0.146s] Level 1:colcon.colcon_core.shell:create_environment_hook('robot_square', 'ament_prefix_path')
[0.146s] INFO:colcon.colcon_core.shell:Creating environment hook '/home/marco/ros2_ws/install/robot_square/share/robot_square/hook/ament_prefix_path.ps1'
[0.146s] INFO:colcon.colcon_core.shell:Creating environment descriptor '/home/marco/ros2_ws/install/robot_square/share/robot_square/hook/ament_prefix_path.dsv'
[0.146s] INFO:colcon.colcon_core.shell:Creating environment hook '/home/marco/ros2_ws/install/robot_square/share/robot_square/hook/ament_prefix_path.sh'
[0.147s] INFO:colcon.colcon_core.shell:Skip shell extension 'powershell' for command environment: Not usable outside of PowerShell
[0.147s] DEBUG:colcon.colcon_core.shell:Skip shell extension 'dsv' for command environment
[0.148s] INFO:colcon.colcon_ros.task.ament_python.build:Building ROS package in '/home/marco/ros2_ws/src/robot_wasd' with build type 'ament_python'
[0.148s] Level 1:colcon.colcon_core.shell:create_environment_hook('robot_wasd', 'ament_prefix_path')
[0.149s] INFO:colcon.colcon_core.shell:Creating environment hook '/home/marco/ros2_ws/install/robot_wasd/share/robot_wasd/hook/ament_prefix_path.ps1'
[0.149s] INFO:colcon.colcon_core.shell:Creating environment descriptor '/home/marco/ros2_ws/install/robot_wasd/share/robot_wasd/hook/ament_prefix_path.dsv'
[0.149s] INFO:colcon.colcon_core.shell:Creating environment hook '/home/marco/ros2_ws/install/robot_wasd/share/robot_wasd/hook/ament_prefix_path.sh'
[0.149s] INFO:colcon.colcon_core.shell:Skip shell extension 'powershell' for command environment: Not usable outside of PowerShell
[0.149s] DEBUG:colcon.colcon_core.shell:Skip shell extension 'dsv' for command environment
[0.151s] INFO:colcon.colcon_ros.task.ament_cmake.build:Building ROS package in '/home/marco/ros2_ws/src/urdf_tutorial' with build type 'ament_cmake'
[0.151s] INFO:colcon.colcon_cmake.task.cmake.build:Building CMake package in '/home/marco/ros2_ws/src/urdf_tutorial'
[0.151s] INFO:colcon.colcon_core.shell:Skip shell extension 'powershell' for command environment: Not usable outside of PowerShell
[0.151s] DEBUG:colcon.colcon_core.shell:Skip shell extension 'dsv' for command environment
[0.272s] INFO:colcon.colcon_core.task.python.build:Building Python package in '/home/marco/ros2_ws/src/6dof_package'
[0.272s] INFO:colcon.colcon_core.shell:Skip shell extension 'powershell' for command environment: Not usable outside of PowerShell
[0.272s] DEBUG:colcon.colcon_core.shell:Skip shell extension 'dsv' for command environment
[0.394s] INFO:colcon.colcon_core.task.python.build:Building Python package in '/home/marco/ros2_ws/src/prova_gz'
[0.394s] INFO:colcon.colcon_core.shell:Skip shell extension 'powershell' for command environment: Not usable outside of PowerShell
[0.394s] DEBUG:colcon.colcon_core.shell:Skip shell extension 'dsv' for command environment
[0.514s] INFO:colcon.colcon_core.task.python.build:Building Python package in '/home/marco/ros2_ws/src/robot_plan_1dof'
[0.514s] INFO:colcon.colcon_core.shell:Skip shell extension 'powershell' for command environment: Not usable outside of PowerShell
[0.514s] DEBUG:colcon.colcon_core.shell:Skip shell extension 'dsv' for command environment
[0.642s] INFO:colcon.colcon_core.task.python.build:Building Python package in '/home/marco/ros2_ws/src/robot_square'
[0.642s] INFO:colcon.colcon_core.shell:Skip shell extension 'powershell' for command environment: Not usable outside of PowerShell
[0.642s] DEBUG:colcon.colcon_core.shell:Skip shell extension 'dsv' for command environment
[0.766s] INFO:colcon.colcon_core.task.python.build:Building Python package in '/home/marco/ros2_ws/src/robot_wasd'
[0.766s] INFO:colcon.colcon_core.shell:Skip shell extension 'powershell' for command environment: Not usable outside of PowerShell
[0.766s] DEBUG:colcon.colcon_core.shell:Skip shell extension 'dsv' for command environment
[0.770s] DEBUG:colcon.colcon_core.event_handler.log_command:Invoking command in '/home/marco/ros2_ws/build/urdf_tutorial': CMAKE_PREFIX_PATH=${CMAKE_PREFIX_PATH}:/home/marco/ros2_ws/install/robot_wasd:/home/marco/ros2_ws/install/robot_square:/home/marco/ros2_ws/install/robot_plan_1dof:/home/marco/ros2_ws/install/robot_master_slave:/home/marco/ros2_ws/install/py_pubsub:/home/marco/ros2_ws/install/prova_gz:/home/marco/ros2_ws/install/6dof_package:/home/marco/ros2_ws/install/6dof:/opt/ros/jazzy DEBUGINFOD_URLS=https://debuginfod.ubuntu.com /usr/bin/cmake /home/marco/ros2_ws/src/urdf_tutorial -DAMENT_CMAKE_SYMLINK_INSTALL=1 -DCMAKE_INSTALL_PREFIX=/home/marco/ros2_ws/install/urdf_tutorial
[1.030s] DEBUG:colcon.colcon_core.event_handler.log_command:Invoked command in '/home/marco/ros2_ws/build/urdf_tutorial' returned '0': CMAKE_PREFIX_PATH=${CMAKE_PREFIX_PATH}:/home/marco/ros2_ws/install/robot_wasd:/home/marco/ros2_ws/install/robot_square:/home/marco/ros2_ws/install/robot_plan_1dof:/home/marco/ros2_ws/install/robot_master_slave:/home/marco/ros2_ws/install/py_pubsub:/home/marco/ros2_ws/install/prova_gz:/home/marco/ros2_ws/install/6dof_package:/home/marco/ros2_ws/install/6dof:/opt/ros/jazzy DEBUGINFOD_URLS=https://debuginfod.ubuntu.com /usr/bin/cmake /home/marco/ros2_ws/src/urdf_tutorial -DAMENT_CMAKE_SYMLINK_INSTALL=1 -DCMAKE_INSTALL_PREFIX=/home/marco/ros2_ws/install/urdf_tutorial
[1.031s] DEBUG:colcon.colcon_core.event_handler.log_command:Invoking command in '/home/marco/ros2_ws/build/urdf_tutorial': CMAKE_PREFIX_PATH=${CMAKE_PREFIX_PATH}:/home/marco/ros2_ws/install/robot_wasd:/home/marco/ros2_ws/install/robot_square:/home/marco/ros2_ws/install/robot_plan_1dof:/home/marco/ros2_ws/install/robot_master_slave:/home/marco/ros2_ws/install/py_pubsub:/home/marco/ros2_ws/install/prova_gz:/home/marco/ros2_ws/install/6dof_package:/home/marco/ros2_ws/install/6dof:/opt/ros/jazzy DEBUGINFOD_URLS=https://debuginfod.ubuntu.com /usr/bin/cmake --build /home/marco/ros2_ws/build/urdf_tutorial -- -j16 -l16
[1.066s] DEBUG:colcon.colcon_core.event_handler.log_command:Invoked command in '/home/marco/ros2_ws/build/urdf_tutorial' returned '0': CMAKE_PREFIX_PATH=${CMAKE_PREFIX_PATH}:/home/marco/ros2_ws/install/robot_wasd:/home/marco/ros2_ws/install/robot_square:/home/marco/ros2_ws/install/robot_plan_1dof:/home/marco/ros2_ws/install/robot_master_slave:/home/marco/ros2_ws/install/py_pubsub:/home/marco/ros2_ws/install/prova_gz:/home/marco/ros2_ws/install/6dof_package:/home/marco/ros2_ws/install/6dof:/opt/ros/jazzy DEBUGINFOD_URLS=https://debuginfod.ubuntu.com /usr/bin/cmake --build /home/marco/ros2_ws/build/urdf_tutorial -- -j16 -l16
[1.075s] DEBUG:colcon.colcon_core.event_handler.log_command:Invoking command in '/home/marco/ros2_ws/build/urdf_tutorial': CMAKE_PREFIX_PATH=${CMAKE_PREFIX_PATH}:/home/marco/ros2_ws/install/robot_wasd:/home/marco/ros2_ws/install/robot_square:/home/marco/ros2_ws/install/robot_plan_1dof:/home/marco/ros2_ws/install/robot_master_slave:/home/marco/ros2_ws/install/py_pubsub:/home/marco/ros2_ws/install/prova_gz:/home/marco/ros2_ws/install/6dof_package:/home/marco/ros2_ws/install/6dof:/opt/ros/jazzy DEBUGINFOD_URLS=https://debuginfod.ubuntu.com /usr/bin/cmake --install /home/marco/ros2_ws/build/urdf_tutorial
[1.096s] Level 1:colcon.colcon_core.environment:create_environment_scripts_only(urdf_tutorial)
[1.096s] DEBUG:colcon.colcon_core.event_handler.log_command:Invoked command in '/home/marco/ros2_ws/build/urdf_tutorial' returned '0': CMAKE_PREFIX_PATH=${CMAKE_PREFIX_PATH}:/home/marco/ros2_ws/install/robot_wasd:/home/marco/ros2_ws/install/robot_square:/home/marco/ros2_ws/install/robot_plan_1dof:/home/marco/ros2_ws/install/robot_master_slave:/home/marco/ros2_ws/install/py_pubsub:/home/marco/ros2_ws/install/prova_gz:/home/marco/ros2_ws/install/6dof_package:/home/marco/ros2_ws/install/6dof:/opt/ros/jazzy DEBUGINFOD_URLS=https://debuginfod.ubuntu.com /usr/bin/cmake --install /home/marco/ros2_ws/build/urdf_tutorial
[1.098s] Level 1:colcon.colcon_core.environment:checking '/home/marco/ros2_ws/install/urdf_tutorial' for CMake module files
[1.098s] Level 1:colcon.colcon_core.environment:checking '/home/marco/ros2_ws/install/urdf_tutorial' for CMake config files
[1.098s] Level 1:colcon.colcon_core.shell:create_environment_hook('urdf_tutorial', 'cmake_prefix_path')
[1.099s] INFO:colcon.colcon_core.shell:Creating environment hook '/home/marco/ros2_ws/install/urdf_tutorial/share/urdf_tutorial/hook/cmake_prefix_path.ps1'
[1.099s] INFO:colcon.colcon_core.shell:Creating environment descriptor '/home/marco/ros2_ws/install/urdf_tutorial/share/urdf_tutorial/hook/cmake_prefix_path.dsv'
[1.099s] INFO:colcon.colcon_core.shell:Creating environment hook '/home/marco/ros2_ws/install/urdf_tutorial/share/urdf_tutorial/hook/cmake_prefix_path.sh'
[1.100s] Level 1:colcon.colcon_core.environment:checking '/home/marco/ros2_ws/install/urdf_tutorial/bin'
[1.100s] Level 1:colcon.colcon_core.environment:checking '/home/marco/ros2_ws/install/urdf_tutorial/lib/pkgconfig/urdf_tutorial.pc'
[1.100s] Level 1:colcon.colcon_core.environment:checking '/home/marco/ros2_ws/install/urdf_tutorial/lib/python3.12/site-packages'
[1.100s] Level 1:colcon.colcon_core.environment:checking '/home/marco/ros2_ws/install/urdf_tutorial/bin'
[1.100s] INFO:colcon.colcon_core.shell:Creating package script '/home/marco/ros2_ws/install/urdf_tutorial/share/urdf_tutorial/package.ps1'
[1.101s] INFO:colcon.colcon_core.shell:Creating package descriptor '/home/marco/ros2_ws/install/urdf_tutorial/share/urdf_tutorial/package.dsv'
[1.101s] INFO:colcon.colcon_core.shell:Creating package script '/home/marco/ros2_ws/install/urdf_tutorial/share/urdf_tutorial/package.sh'
[1.101s] INFO:colcon.colcon_core.shell:Creating package script '/home/marco/ros2_ws/install/urdf_tutorial/share/urdf_tutorial/package.bash'
[1.102s] INFO:colcon.colcon_core.shell:Creating package script '/home/marco/ros2_ws/install/urdf_tutorial/share/urdf_tutorial/package.zsh'
[1.102s] Level 1:colcon.colcon_core.environment:create_file_with_runtime_dependencies(/home/marco/ros2_ws/install/urdf_tutorial/share/colcon-core/packages/urdf_tutorial)
[1.102s] Level 1:colcon.colcon_core.environment:create_environment_scripts_only(urdf_tutorial)
[1.103s] Level 1:colcon.colcon_core.environment:checking '/home/marco/ros2_ws/install/urdf_tutorial' for CMake module files
[1.103s] Level 1:colcon.colcon_core.environment:checking '/home/marco/ros2_ws/install/urdf_tutorial' for CMake config files
[1.103s] Level 1:colcon.colcon_core.shell:create_environment_hook('urdf_tutorial', 'cmake_prefix_path')
[1.103s] INFO:colcon.colcon_core.shell:Creating environment hook '/home/marco/ros2_ws/install/urdf_tutorial/share/urdf_tutorial/hook/cmake_prefix_path.ps1'
[1.103s] INFO:colcon.colcon_core.shell:Creating environment descriptor '/home/marco/ros2_ws/install/urdf_tutorial/share/urdf_tutorial/hook/cmake_prefix_path.dsv'
[1.104s] INFO:colcon.colcon_core.shell:Creating environment hook '/home/marco/ros2_ws/install/urdf_tutorial/share/urdf_tutorial/hook/cmake_prefix_path.sh'
[1.104s] Level 1:colcon.colcon_core.environment:checking '/home/marco/ros2_ws/install/urdf_tutorial/bin'
[1.104s] Level 1:colcon.colcon_core.environment:checking '/home/marco/ros2_ws/install/urdf_tutorial/lib/pkgconfig/urdf_tutorial.pc'
[1.104s] Level 1:colcon.colcon_core.environment:checking '/home/marco/ros2_ws/install/urdf_tutorial/lib/python3.12/site-packages'
[1.104s] Level 1:colcon.colcon_core.environment:checking '/home/marco/ros2_ws/install/urdf_tutorial/bin'
[1.104s] INFO:colcon.colcon_core.shell:Creating package script '/home/marco/ros2_ws/install/urdf_tutorial/share/urdf_tutorial/package.ps1'
[1.105s] INFO:colcon.colcon_core.shell:Creating package descriptor '/home/marco/ros2_ws/install/urdf_tutorial/share/urdf_tutorial/package.dsv'
[1.105s] INFO:colcon.colcon_core.shell:Creating package script '/home/marco/ros2_ws/install/urdf_tutorial/share/urdf_tutorial/package.sh'
[1.105s] INFO:colcon.colcon_core.shell:Creating package script '/home/marco/ros2_ws/install/urdf_tutorial/share/urdf_tutorial/package.bash'
[1.105s] INFO:colcon.colcon_core.shell:Creating package script '/home/marco/ros2_ws/install/urdf_tutorial/share/urdf_tutorial/package.zsh'
[1.106s] Level 1:colcon.colcon_core.environment:create_file_with_runtime_dependencies(/home/marco/ros2_ws/install/urdf_tutorial/share/colcon-core/packages/urdf_tutorial)
[1.106s] DEBUG:colcon.colcon_core.task.python.build:While undoing a previous installation files outside the Python library path are being ignored: /home/marco/ros2_ws/install/robot_wasd/share/ament_index/resource_index/packages/robot_wasd
[1.107s] DEBUG:colcon.colcon_core.task.python.build:While undoing a previous installation files outside the Python library path are being ignored: /home/marco/ros2_ws/install/robot_wasd/share/robot_wasd/package.xml
[1.107s] DEBUG:colcon.colcon_core.task.python.build:While undoing a previous installation files outside the Python library path are being ignored: /home/marco/ros2_ws/install/robot_wasd/share/robot_wasd/launch/rob.launch.py
[1.107s] DEBUG:colcon.colcon_core.task.python.build:While undoing a previous installation files outside the Python library path are being ignored: /home/marco/ros2_ws/install/robot_wasd/share/robot_wasd/urdf/robot_plan.urdf
[1.107s] DEBUG:colcon.colcon_core.task.python.build:While undoing a previous installation files outside the Python library path are being ignored: /home/marco/ros2_ws/install/robot_wasd/share/robot_wasd/rviz/view.rviz
[1.107s] DEBUG:colcon.colcon_core.task.python.build:While undoing a previous installation files outside the Python library path are being ignored: /home/marco/ros2_ws/install/robot_wasd/lib/robot_wasd/main_node
[1.108s] DEBUG:colcon.colcon_core.event_handler.log_command:Invoking command in '/home/marco/ros2_ws/build/robot_wasd': DEBUGINFOD_URLS=https://debuginfod.ubuntu.com PYTHONPATH=/home/marco/ros2_ws/build/robot_wasd/prefix_override:/usr/lib/python3/dist-packages/colcon_core/task/python/colcon_distutils_commands:/home/marco/ros2_ws/install/robot_wasd/lib/python3.12/site-packages:${PYTHONPATH} /usr/bin/python3 -W ignore:setup.py install is deprecated -W ignore:easy_install command is deprecated setup.py develop --editable --build-directory /home/marco/ros2_ws/build/robot_wasd/build --no-deps symlink_data --force
[1.108s] DEBUG:colcon.colcon_core.task.python.build:While undoing a previous installation files outside the Python library path are being ignored: /home/marco/ros2_ws/install/prova_gz/share/ament_index/resource_index/packages/prova_gz
[1.108s] DEBUG:colcon.colcon_core.task.python.build:While undoing a previous installation files outside the Python library path are being ignored: /home/marco/ros2_ws/install/prova_gz/share/prova_gz/package.xml
[1.108s] DEBUG:colcon.colcon_core.task.python.build:While undoing a previous installation files outside the Python library path are being ignored: /home/marco/ros2_ws/install/prova_gz/share/prova_gz/launch/gz_prova.launch.py
[1.108s] DEBUG:colcon.colcon_core.task.python.build:While undoing a previous installation files outside the Python library path are being ignored: /home/marco/ros2_ws/install/prova_gz/share/prova_gz/urdf/robot.urdf
[1.109s] DEBUG:colcon.colcon_core.event_handler.log_command:Invoking command in '/home/marco/ros2_ws/build/prova_gz': DEBUGINFOD_URLS=https://debuginfod.ubuntu.com PYTHONPATH=/home/marco/ros2_ws/build/prova_gz/prefix_override:/usr/lib/python3/dist-packages/colcon_core/task/python/colcon_distutils_commands:/home/marco/ros2_ws/install/prova_gz/lib/python3.12/site-packages:${PYTHONPATH} /usr/bin/python3 -W ignore:setup.py install is deprecated -W ignore:easy_install command is deprecated setup.py develop --editable --build-directory /home/marco/ros2_ws/build/prova_gz/build --no-deps symlink_data --force
[1.109s] DEBUG:colcon.colcon_core.task.python.build:While undoing a previous installation files outside the Python library path are being ignored: /home/marco/ros2_ws/install/robot_plan_1dof/share/ament_index/resource_index/packages/robot_plan_1dof
[1.109s] DEBUG:colcon.colcon_core.task.python.build:While undoing a previous installation files outside the Python library path are being ignored: /home/marco/ros2_ws/install/robot_plan_1dof/share/robot_plan_1dof/package.xml
[1.109s] DEBUG:colcon.colcon_core.task.python.build:While undoing a previous installation files outside the Python library path are being ignored: /home/marco/ros2_ws/install/robot_plan_1dof/share/robot_plan_1dof/launch/plan.launch.py
[1.109s] DEBUG:colcon.colcon_core.task.python.build:While undoing a previous installation files outside the Python library path are being ignored: /home/marco/ros2_ws/install/robot_plan_1dof/share/robot_plan_1dof/urdf/robot_plan.urdf
[1.109s] DEBUG:colcon.colcon_core.task.python.build:While undoing a previous installation files outside the Python library path are being ignored: /home/marco/ros2_ws/install/robot_plan_1dof/share/robot_plan_1dof/rviz/view.rviz
[1.109s] DEBUG:colcon.colcon_core.task.python.build:While undoing a previous installation files outside the Python library path are being ignored: /home/marco/ros2_ws/install/robot_plan_1dof/share/robot_plan_1dof/rviz/test.rviz
[1.109s] DEBUG:colcon.colcon_core.task.python.build:While undoing a previous installation files outside the Python library path are being ignored: /home/marco/ros2_ws/install/robot_plan_1dof/lib/robot_plan_1dof/listener
[1.109s] DEBUG:colcon.colcon_core.task.python.build:While undoing a previous installation files outside the Python library path are being ignored: /home/marco/ros2_ws/install/robot_plan_1dof/lib/robot_plan_1dof/talker
[1.111s] DEBUG:colcon.colcon_core.event_handler.log_command:Invoking command in '/home/marco/ros2_ws/build/robot_plan_1dof': DEBUGINFOD_URLS=https://debuginfod.ubuntu.com PYTHONPATH=/home/marco/ros2_ws/build/robot_plan_1dof/prefix_override:/usr/lib/python3/dist-packages/colcon_core/task/python/colcon_distutils_commands:/home/marco/ros2_ws/install/robot_plan_1dof/lib/python3.12/site-packages:${PYTHONPATH} /usr/bin/python3 -W ignore:setup.py install is deprecated -W ignore:easy_install command is deprecated setup.py develop --editable --build-directory /home/marco/ros2_ws/build/robot_plan_1dof/build --no-deps symlink_data --force
[1.112s] DEBUG:colcon.colcon_core.task.python.build:While undoing a previous installation files outside the Python library path are being ignored: /home/marco/ros2_ws/install/robot_square/share/ament_index/resource_index/packages/robot_square
[1.112s] DEBUG:colcon.colcon_core.task.python.build:While undoing a previous installation files outside the Python library path are being ignored: /home/marco/ros2_ws/install/robot_square/share/robot_square/package.xml
[1.112s] DEBUG:colcon.colcon_core.task.python.build:While undoing a previous installation files outside the Python library path are being ignored: /home/marco/ros2_ws/install/robot_square/share/robot_square/launch/robot.launch.py
[1.112s] DEBUG:colcon.colcon_core.task.python.build:While undoing a previous installation files outside the Python library path are being ignored: /home/marco/ros2_ws/install/robot_square/share/robot_square/urdf/robot.urdf
[1.112s] DEBUG:colcon.colcon_core.task.python.build:While undoing a previous installation files outside the Python library path are being ignored: /home/marco/ros2_ws/install/robot_square/share/robot_square/rviz/view.rviz
[1.112s] DEBUG:colcon.colcon_core.task.python.build:While undoing a previous installation files outside the Python library path are being ignored: /home/marco/ros2_ws/install/robot_square/lib/robot_square/talker
[1.114s] DEBUG:colcon.colcon_core.event_handler.log_command:Invoking command in '/home/marco/ros2_ws/build/robot_square': DEBUGINFOD_URLS=https://debuginfod.ubuntu.com PYTHONPATH=/home/marco/ros2_ws/build/robot_square/prefix_override:/usr/lib/python3/dist-packages/colcon_core/task/python/colcon_distutils_commands:/home/marco/ros2_ws/install/robot_square/lib/python3.12/site-packages:${PYTHONPATH} /usr/bin/python3 -W ignore:setup.py install is deprecated -W ignore:easy_install command is deprecated setup.py develop --editable --build-directory /home/marco/ros2_ws/build/robot_square/build --no-deps symlink_data --force
[1.128s] DEBUG:colcon.colcon_core.task.python.build:While undoing a previous installation files outside the Python library path are being ignored: /home/marco/ros2_ws/install/6dof_package/share/ament_index/resource_index/packages/6dof_package
[1.128s] DEBUG:colcon.colcon_core.task.python.build:While undoing a previous installation files outside the Python library path are being ignored: /home/marco/ros2_ws/install/6dof_package/share/6dof_package/package.xml
[1.128s] DEBUG:colcon.colcon_core.task.python.build:While undoing a previous installation files outside the Python library path are being ignored: /home/marco/ros2_ws/install/6dof_package/share/6dof_package/launch/6dof.launch.py
[1.128s] DEBUG:colcon.colcon_core.task.python.build:While undoing a previous installation files outside the Python library path are being ignored: /home/marco/ros2_ws/install/6dof_package/share/6dof_package/urdf/robot_6dof.urdf
[1.128s] DEBUG:colcon.colcon_core.task.python.build:While undoing a previous installation files outside the Python library path are being ignored: /home/marco/ros2_ws/install/6dof_package/share/6dof_package/urdf/cylinder.urdf.disable
[1.128s] DEBUG:colcon.colcon_core.task.python.build:While undoing a previous installation files outside the Python library path are being ignored: /home/marco/ros2_ws/install/6dof_package/share/6dof_package/rviz/view.rviz.disable
[1.128s] DEBUG:colcon.colcon_core.task.python.build:While undoing a previous installation files outside the Python library path are being ignored: /home/marco/ros2_ws/install/6dof_package/share/6dof_package/rviz/view.rviz
[1.128s] DEBUG:colcon.colcon_core.task.python.build:While undoing a previous installation files outside the Python library path are being ignored: /home/marco/ros2_ws/install/6dof_package/lib/6dof_package/6dof_node
[1.129s] DEBUG:colcon.colcon_core.event_handler.log_command:Invoking command in '/home/marco/ros2_ws/build/6dof_package': DEBUGINFOD_URLS=https://debuginfod.ubuntu.com PYTHONPATH=/home/marco/ros2_ws/build/6dof_package/prefix_override:/usr/lib/python3/dist-packages/colcon_core/task/python/colcon_distutils_commands:/home/marco/ros2_ws/install/6dof_package/lib/python3.12/site-packages:${PYTHONPATH} /usr/bin/python3 -W ignore:setup.py install is deprecated -W ignore:easy_install command is deprecated setup.py develop --editable --build-directory /home/marco/ros2_ws/build/6dof_package/build --no-deps symlink_data --force
[1.487s] Level 1:colcon.colcon_core.shell:create_environment_hook('robot_wasd', 'pythonpath_develop')
[1.487s] INFO:colcon.colcon_core.shell:Creating environment hook '/home/marco/ros2_ws/build/robot_wasd/share/robot_wasd/hook/pythonpath_develop.ps1'
[1.488s] DEBUG:colcon.colcon_core.event_handler.log_command:Invoked command in '/home/marco/ros2_ws/build/robot_wasd' returned '0': DEBUGINFOD_URLS=https://debuginfod.ubuntu.com PYTHONPATH=/home/marco/ros2_ws/build/robot_wasd/prefix_override:/usr/lib/python3/dist-packages/colcon_core/task/python/colcon_distutils_commands:/home/marco/ros2_ws/install/robot_wasd/lib/python3.12/site-packages:${PYTHONPATH} /usr/bin/python3 -W ignore:setup.py install is deprecated -W ignore:easy_install command is deprecated setup.py develop --editable --build-directory /home/marco/ros2_ws/build/robot_wasd/build --no-deps symlink_data --force
[1.488s] INFO:colcon.colcon_core.shell:Creating environment descriptor '/home/marco/ros2_ws/build/robot_wasd/share/robot_wasd/hook/pythonpath_develop.dsv'
[1.488s] INFO:colcon.colcon_core.shell:Creating environment hook '/home/marco/ros2_ws/build/robot_wasd/share/robot_wasd/hook/pythonpath_develop.sh'
[1.489s] Level 1:colcon.colcon_core.environment:checking '/home/marco/ros2_ws/install/robot_wasd' for CMake module files
[1.490s] Level 1:colcon.colcon_core.environment:checking '/home/marco/ros2_ws/install/robot_wasd' for CMake config files
[1.490s] Level 1:colcon.colcon_core.environment:checking '/home/marco/ros2_ws/install/robot_wasd/lib'
[1.490s] Level 1:colcon.colcon_core.environment:checking '/home/marco/ros2_ws/install/robot_wasd/bin'
[1.490s] Level 1:colcon.colcon_core.environment:checking '/home/marco/ros2_ws/install/robot_wasd/lib/pkgconfig/robot_wasd.pc'
[1.491s] Level 1:colcon.colcon_core.environment:checking '/home/marco/ros2_ws/install/robot_wasd/lib/python3.12/site-packages'
[1.491s] Level 1:colcon.colcon_core.shell:create_environment_hook('robot_wasd', 'pythonpath')
[1.491s] INFO:colcon.colcon_core.shell:Creating environment hook '/home/marco/ros2_ws/install/robot_wasd/share/robot_wasd/hook/pythonpath.ps1'
[1.491s] INFO:colcon.colcon_core.shell:Creating environment descriptor '/home/marco/ros2_ws/install/robot_wasd/share/robot_wasd/hook/pythonpath.dsv'
[1.491s] INFO:colcon.colcon_core.shell:Creating environment hook '/home/marco/ros2_ws/install/robot_wasd/share/robot_wasd/hook/pythonpath.sh'
[1.492s] Level 1:colcon.colcon_core.environment:checking '/home/marco/ros2_ws/install/robot_wasd/bin'
[1.492s] Level 1:colcon.colcon_core.environment:create_environment_scripts_only(robot_wasd)
[1.492s] INFO:colcon.colcon_core.shell:Creating package script '/home/marco/ros2_ws/install/robot_wasd/share/robot_wasd/package.ps1'
[1.492s] INFO:colcon.colcon_core.shell:Creating package descriptor '/home/marco/ros2_ws/install/robot_wasd/share/robot_wasd/package.dsv'
[1.492s] INFO:colcon.colcon_core.shell:Creating package script '/home/marco/ros2_ws/install/robot_wasd/share/robot_wasd/package.sh'
[1.493s] INFO:colcon.colcon_core.shell:Creating package script '/home/marco/ros2_ws/install/robot_wasd/share/robot_wasd/package.bash'
[1.493s] INFO:colcon.colcon_core.shell:Creating package script '/home/marco/ros2_ws/install/robot_wasd/share/robot_wasd/package.zsh'
[1.493s] Level 1:colcon.colcon_core.environment:create_file_with_runtime_dependencies(/home/marco/ros2_ws/install/robot_wasd/share/colcon-core/packages/robot_wasd)
[1.494s] Level 1:colcon.colcon_core.shell:create_environment_hook('robot_plan_1dof', 'pythonpath_develop')
[1.494s] INFO:colcon.colcon_core.shell:Creating environment hook '/home/marco/ros2_ws/build/robot_plan_1dof/share/robot_plan_1dof/hook/pythonpath_develop.ps1'
[1.494s] DEBUG:colcon.colcon_core.event_handler.log_command:Invoked command in '/home/marco/ros2_ws/build/robot_plan_1dof' returned '0': DEBUGINFOD_URLS=https://debuginfod.ubuntu.com PYTHONPATH=/home/marco/ros2_ws/build/robot_plan_1dof/prefix_override:/usr/lib/python3/dist-packages/colcon_core/task/python/colcon_distutils_commands:/home/marco/ros2_ws/install/robot_plan_1dof/lib/python3.12/site-packages:${PYTHONPATH} /usr/bin/python3 -W ignore:setup.py install is deprecated -W ignore:easy_install command is deprecated setup.py develop --editable --build-directory /home/marco/ros2_ws/build/robot_plan_1dof/build --no-deps symlink_data --force
[1.495s] INFO:colcon.colcon_core.shell:Creating environment descriptor '/home/marco/ros2_ws/build/robot_plan_1dof/share/robot_plan_1dof/hook/pythonpath_develop.dsv'
[1.495s] INFO:colcon.colcon_core.shell:Creating environment hook '/home/marco/ros2_ws/build/robot_plan_1dof/share/robot_plan_1dof/hook/pythonpath_develop.sh'
[1.495s] Level 1:colcon.colcon_core.environment:checking '/home/marco/ros2_ws/install/robot_plan_1dof' for CMake module files
[1.495s] Level 1:colcon.colcon_core.environment:checking '/home/marco/ros2_ws/install/robot_plan_1dof' for CMake config files
[1.496s] Level 1:colcon.colcon_core.environment:checking '/home/marco/ros2_ws/install/robot_plan_1dof/lib'
[1.496s] Level 1:colcon.colcon_core.environment:checking '/home/marco/ros2_ws/install/robot_plan_1dof/bin'
[1.496s] Level 1:colcon.colcon_core.environment:checking '/home/marco/ros2_ws/install/robot_plan_1dof/lib/pkgconfig/robot_plan_1dof.pc'
[1.496s] Level 1:colcon.colcon_core.environment:checking '/home/marco/ros2_ws/install/robot_plan_1dof/lib/python3.12/site-packages'
[1.496s] Level 1:colcon.colcon_core.shell:create_environment_hook('robot_plan_1dof', 'pythonpath')
[1.496s] INFO:colcon.colcon_core.shell:Creating environment hook '/home/marco/ros2_ws/install/robot_plan_1dof/share/robot_plan_1dof/hook/pythonpath.ps1'
[1.496s] INFO:colcon.colcon_core.shell:Creating environment descriptor '/home/marco/ros2_ws/install/robot_plan_1dof/share/robot_plan_1dof/hook/pythonpath.dsv'
[1.496s] INFO:colcon.colcon_core.shell:Creating environment hook '/home/marco/ros2_ws/install/robot_plan_1dof/share/robot_plan_1dof/hook/pythonpath.sh'
[1.497s] Level 1:colcon.colcon_core.environment:checking '/home/marco/ros2_ws/install/robot_plan_1dof/bin'
[1.497s] Level 1:colcon.colcon_core.environment:create_environment_scripts_only(robot_plan_1dof)
[1.497s] INFO:colcon.colcon_core.shell:Creating package script '/home/marco/ros2_ws/install/robot_plan_1dof/share/robot_plan_1dof/package.ps1'
[1.497s] INFO:colcon.colcon_core.shell:Creating package descriptor '/home/marco/ros2_ws/install/robot_plan_1dof/share/robot_plan_1dof/package.dsv'
[1.497s] INFO:colcon.colcon_core.shell:Creating package script '/home/marco/ros2_ws/install/robot_plan_1dof/share/robot_plan_1dof/package.sh'
[1.498s] INFO:colcon.colcon_core.shell:Creating package script '/home/marco/ros2_ws/install/robot_plan_1dof/share/robot_plan_1dof/package.bash'
[1.498s] INFO:colcon.colcon_core.shell:Creating package script '/home/marco/ros2_ws/install/robot_plan_1dof/share/robot_plan_1dof/package.zsh'
[1.498s] Level 1:colcon.colcon_core.environment:create_file_with_runtime_dependencies(/home/marco/ros2_ws/install/robot_plan_1dof/share/colcon-core/packages/robot_plan_1dof)
[1.498s] Level 1:colcon.colcon_core.shell:create_environment_hook('prova_gz', 'pythonpath_develop')
[1.498s] INFO:colcon.colcon_core.shell:Creating environment hook '/home/marco/ros2_ws/build/prova_gz/share/prova_gz/hook/pythonpath_develop.ps1'
[1.499s] DEBUG:colcon.colcon_core.event_handler.log_command:Invoked command in '/home/marco/ros2_ws/build/prova_gz' returned '0': DEBUGINFOD_URLS=https://debuginfod.ubuntu.com PYTHONPATH=/home/marco/ros2_ws/build/prova_gz/prefix_override:/usr/lib/python3/dist-packages/colcon_core/task/python/colcon_distutils_commands:/home/marco/ros2_ws/install/prova_gz/lib/python3.12/site-packages:${PYTHONPATH} /usr/bin/python3 -W ignore:setup.py install is deprecated -W ignore:easy_install command is deprecated setup.py develop --editable --build-directory /home/marco/ros2_ws/build/prova_gz/build --no-deps symlink_data --force
[1.499s] INFO:colcon.colcon_core.shell:Creating environment descriptor '/home/marco/ros2_ws/build/prova_gz/share/prova_gz/hook/pythonpath_develop.dsv'
[1.499s] INFO:colcon.colcon_core.shell:Creating environment hook '/home/marco/ros2_ws/build/prova_gz/share/prova_gz/hook/pythonpath_develop.sh'
[1.499s] Level 1:colcon.colcon_core.environment:checking '/home/marco/ros2_ws/install/prova_gz' for CMake module files
[1.500s] Level 1:colcon.colcon_core.environment:checking '/home/marco/ros2_ws/install/prova_gz' for CMake config files
[1.500s] Level 1:colcon.colcon_core.environment:checking '/home/marco/ros2_ws/install/prova_gz/lib'
[1.500s] Level 1:colcon.colcon_core.environment:checking '/home/marco/ros2_ws/install/prova_gz/bin'
[1.500s] Level 1:colcon.colcon_core.environment:checking '/home/marco/ros2_ws/install/prova_gz/lib/pkgconfig/prova_gz.pc'
[1.501s] Level 1:colcon.colcon_core.environment:checking '/home/marco/ros2_ws/install/prova_gz/lib/python3.12/site-packages'
[1.501s] Level 1:colcon.colcon_core.shell:create_environment_hook('prova_gz', 'pythonpath')
[1.501s] INFO:colcon.colcon_core.shell:Creating environment hook '/home/marco/ros2_ws/install/prova_gz/share/prova_gz/hook/pythonpath.ps1'
[1.501s] INFO:colcon.colcon_core.shell:Creating environment descriptor '/home/marco/ros2_ws/install/prova_gz/share/prova_gz/hook/pythonpath.dsv'
[1.502s] INFO:colcon.colcon_core.shell:Creating environment hook '/home/marco/ros2_ws/install/prova_gz/share/prova_gz/hook/pythonpath.sh'
[1.502s] Level 1:colcon.colcon_core.environment:checking '/home/marco/ros2_ws/install/prova_gz/bin'
[1.502s] Level 1:colcon.colcon_core.environment:create_environment_scripts_only(prova_gz)
[1.502s] INFO:colcon.colcon_core.shell:Creating package script '/home/marco/ros2_ws/install/prova_gz/share/prova_gz/package.ps1'
[1.503s] INFO:colcon.colcon_core.shell:Creating package descriptor '/home/marco/ros2_ws/install/prova_gz/share/prova_gz/package.dsv'
[1.503s] INFO:colcon.colcon_core.shell:Creating package script '/home/marco/ros2_ws/install/prova_gz/share/prova_gz/package.sh'
[1.504s] INFO:colcon.colcon_core.shell:Creating package script '/home/marco/ros2_ws/install/prova_gz/share/prova_gz/package.bash'
[1.504s] INFO:colcon.colcon_core.shell:Creating package script '/home/marco/ros2_ws/install/prova_gz/share/prova_gz/package.zsh'
[1.504s] Level 1:colcon.colcon_core.environment:create_file_with_runtime_dependencies(/home/marco/ros2_ws/install/prova_gz/share/colcon-core/packages/prova_gz)
[1.505s] Level 1:colcon.colcon_core.shell:create_environment_hook('6dof_package', 'pythonpath_develop')
[1.505s] INFO:colcon.colcon_core.shell:Creating environment hook '/home/marco/ros2_ws/build/6dof_package/share/6dof_package/hook/pythonpath_develop.ps1'
[1.505s] DEBUG:colcon.colcon_core.event_handler.log_command:Invoked command in '/home/marco/ros2_ws/build/6dof_package' returned '0': DEBUGINFOD_URLS=https://debuginfod.ubuntu.com PYTHONPATH=/home/marco/ros2_ws/build/6dof_package/prefix_override:/usr/lib/python3/dist-packages/colcon_core/task/python/colcon_distutils_commands:/home/marco/ros2_ws/install/6dof_package/lib/python3.12/site-packages:${PYTHONPATH} /usr/bin/python3 -W ignore:setup.py install is deprecated -W ignore:easy_install command is deprecated setup.py develop --editable --build-directory /home/marco/ros2_ws/build/6dof_package/build --no-deps symlink_data --force
[1.506s] INFO:colcon.colcon_core.shell:Creating environment descriptor '/home/marco/ros2_ws/build/6dof_package/share/6dof_package/hook/pythonpath_develop.dsv'
[1.506s] INFO:colcon.colcon_core.shell:Creating environment hook '/home/marco/ros2_ws/build/6dof_package/share/6dof_package/hook/pythonpath_develop.sh'
[1.506s] Level 1:colcon.colcon_core.environment:checking '/home/marco/ros2_ws/install/6dof_package' for CMake module files
[1.506s] Level 1:colcon.colcon_core.environment:checking '/home/marco/ros2_ws/install/6dof_package' for CMake config files
[1.507s] Level 1:colcon.colcon_core.environment:checking '/home/marco/ros2_ws/install/6dof_package/lib'
[1.507s] Level 1:colcon.colcon_core.environment:checking '/home/marco/ros2_ws/install/6dof_package/bin'
[1.507s] Level 1:colcon.colcon_core.environment:checking '/home/marco/ros2_ws/install/6dof_package/lib/pkgconfig/6dof_package.pc'
[1.507s] Level 1:colcon.colcon_core.environment:checking '/home/marco/ros2_ws/install/6dof_package/lib/python3.12/site-packages'
[1.507s] Level 1:colcon.colcon_core.shell:create_environment_hook('6dof_package', 'pythonpath')
[1.507s] INFO:colcon.colcon_core.shell:Creating environment hook '/home/marco/ros2_ws/install/6dof_package/share/6dof_package/hook/pythonpath.ps1'
[1.507s] INFO:colcon.colcon_core.shell:Creating environment descriptor '/home/marco/ros2_ws/install/6dof_package/share/6dof_package/hook/pythonpath.dsv'
[1.507s] INFO:colcon.colcon_core.shell:Creating environment hook '/home/marco/ros2_ws/install/6dof_package/share/6dof_package/hook/pythonpath.sh'
[1.508s] Level 1:colcon.colcon_core.environment:checking '/home/marco/ros2_ws/install/6dof_package/bin'
[1.508s] Level 1:colcon.colcon_core.environment:create_environment_scripts_only(6dof_package)
[1.508s] INFO:colcon.colcon_core.shell:Creating package script '/home/marco/ros2_ws/install/6dof_package/share/6dof_package/package.ps1'
[1.508s] INFO:colcon.colcon_core.shell:Creating package descriptor '/home/marco/ros2_ws/install/6dof_package/share/6dof_package/package.dsv'
[1.508s] INFO:colcon.colcon_core.shell:Creating package script '/home/marco/ros2_ws/install/6dof_package/share/6dof_package/package.sh'
[1.508s] INFO:colcon.colcon_core.shell:Creating package script '/home/marco/ros2_ws/install/6dof_package/share/6dof_package/package.bash'
[1.509s] INFO:colcon.colcon_core.shell:Creating package script '/home/marco/ros2_ws/install/6dof_package/share/6dof_package/package.zsh'
[1.509s] Level 1:colcon.colcon_core.environment:create_file_with_runtime_dependencies(/home/marco/ros2_ws/install/6dof_package/share/colcon-core/packages/6dof_package)
[1.509s] Level 1:colcon.colcon_core.shell:create_environment_hook('robot_square', 'pythonpath_develop')
[1.509s] INFO:colcon.colcon_core.shell:Creating environment hook '/home/marco/ros2_ws/build/robot_square/share/robot_square/hook/pythonpath_develop.ps1'
[1.509s] DEBUG:colcon.colcon_core.event_handler.log_command:Invoked command in '/home/marco/ros2_ws/build/robot_square' returned '0': DEBUGINFOD_URLS=https://debuginfod.ubuntu.com PYTHONPATH=/home/marco/ros2_ws/build/robot_square/prefix_override:/usr/lib/python3/dist-packages/colcon_core/task/python/colcon_distutils_commands:/home/marco/ros2_ws/install/robot_square/lib/python3.12/site-packages:${PYTHONPATH} /usr/bin/python3 -W ignore:setup.py install is deprecated -W ignore:easy_install command is deprecated setup.py develop --editable --build-directory /home/marco/ros2_ws/build/robot_square/build --no-deps symlink_data --force
[1.509s] INFO:colcon.colcon_core.shell:Creating environment descriptor '/home/marco/ros2_ws/build/robot_square/share/robot_square/hook/pythonpath_develop.dsv'
[1.510s] INFO:colcon.colcon_core.shell:Creating environment hook '/home/marco/ros2_ws/build/robot_square/share/robot_square/hook/pythonpath_develop.sh'
[1.510s] Level 1:colcon.colcon_core.environment:checking '/home/marco/ros2_ws/install/robot_square' for CMake module files
[1.510s] Level 1:colcon.colcon_core.environment:checking '/home/marco/ros2_ws/install/robot_square' for CMake config files
[1.510s] Level 1:colcon.colcon_core.environment:checking '/home/marco/ros2_ws/install/robot_square/lib'
[1.510s] Level 1:colcon.colcon_core.environment:checking '/home/marco/ros2_ws/install/robot_square/bin'
[1.510s] Level 1:colcon.colcon_core.environment:checking '/home/marco/ros2_ws/install/robot_square/lib/pkgconfig/robot_square.pc'
[1.510s] Level 1:colcon.colcon_core.environment:checking '/home/marco/ros2_ws/install/robot_square/lib/python3.12/site-packages'
[1.510s] Level 1:colcon.colcon_core.shell:create_environment_hook('robot_square', 'pythonpath')
[1.511s] INFO:colcon.colcon_core.shell:Creating environment hook '/home/marco/ros2_ws/install/robot_square/share/robot_square/hook/pythonpath.ps1'
[1.511s] INFO:colcon.colcon_core.shell:Creating environment descriptor '/home/marco/ros2_ws/install/robot_square/share/robot_square/hook/pythonpath.dsv'
[1.511s] INFO:colcon.colcon_core.shell:Creating environment hook '/home/marco/ros2_ws/install/robot_square/share/robot_square/hook/pythonpath.sh'
[1.511s] Level 1:colcon.colcon_core.environment:checking '/home/marco/ros2_ws/install/robot_square/bin'
[1.511s] Level 1:colcon.colcon_core.environment:create_environment_scripts_only(robot_square)
[1.511s] INFO:colcon.colcon_core.shell:Creating package script '/home/marco/ros2_ws/install/robot_square/share/robot_square/package.ps1'
[1.512s] INFO:colcon.colcon_core.shell:Creating package descriptor '/home/marco/ros2_ws/install/robot_square/share/robot_square/package.dsv'
[1.512s] INFO:colcon.colcon_core.shell:Creating package script '/home/marco/ros2_ws/install/robot_square/share/robot_square/package.sh'
[1.512s] INFO:colcon.colcon_core.shell:Creating package script '/home/marco/ros2_ws/install/robot_square/share/robot_square/package.bash'
[1.512s] INFO:colcon.colcon_core.shell:Creating package script '/home/marco/ros2_ws/install/robot_square/share/robot_square/package.zsh'
[1.512s] Level 1:colcon.colcon_core.environment:create_file_with_runtime_dependencies(/home/marco/ros2_ws/install/robot_square/share/colcon-core/packages/robot_square)
[1.512s] DEBUG:colcon.colcon_parallel_executor.executor.parallel:closing loop
[1.513s] DEBUG:colcon.colcon_parallel_executor.executor.parallel:loop closed
[1.513s] DEBUG:colcon.colcon_parallel_executor.executor.parallel:run_until_complete finished with '0'
[1.513s] DEBUG:colcon.colcon_core.event_reactor:joining thread
[1.516s] INFO:colcon.colcon_core.plugin_system:Skipping extension 'colcon_notification.desktop_notification.terminal_notifier': Not used on non-Darwin systems
[1.516s] INFO:colcon.colcon_core.plugin_system:Skipping extension 'colcon_notification.desktop_notification.win32': Not used on non-Windows systems
[1.516s] INFO:colcon.colcon_notification.desktop_notification:Sending desktop notification using 'notify2'
[1.528s] DEBUG:colcon.colcon_core.event_reactor:joined thread
[1.529s] INFO:colcon.colcon_core.shell:Creating prefix script '/home/marco/ros2_ws/install/local_setup.ps1'
[1.529s] INFO:colcon.colcon_core.shell:Creating prefix util module '/home/marco/ros2_ws/install/_local_setup_util_ps1.py'
[1.530s] INFO:colcon.colcon_core.shell:Creating prefix chain script '/home/marco/ros2_ws/install/setup.ps1'
[1.531s] INFO:colcon.colcon_core.shell:Creating prefix script '/home/marco/ros2_ws/install/local_setup.sh'
[1.531s] INFO:colcon.colcon_core.shell:Creating prefix util module '/home/marco/ros2_ws/install/_local_setup_util_sh.py'
[1.531s] INFO:colcon.colcon_core.shell:Creating prefix chain script '/home/marco/ros2_ws/install/setup.sh'
[1.532s] INFO:colcon.colcon_core.shell:Creating prefix script '/home/marco/ros2_ws/install/local_setup.bash'
[1.532s] INFO:colcon.colcon_core.shell:Creating prefix chain script '/home/marco/ros2_ws/install/setup.bash'
[1.532s] INFO:colcon.colcon_core.shell:Creating prefix script '/home/marco/ros2_ws/install/local_setup.zsh'
[1.533s] INFO:colcon.colcon_core.shell:Creating prefix chain script '/home/marco/ros2_ws/install/setup.zsh'
