[0.945s] Invoking command in '/home/marco/ros2_ws/build/robot_wasd': DEBUGINFOD_URLS=https://debuginfod.ubuntu.com PYTHONPATH=/home/marco/ros2_ws/build/robot_wasd/prefix_override:/usr/lib/python3/dist-packages/colcon_core/task/python/colcon_distutils_commands:/home/marco/ros2_ws/install/robot_wasd/lib/python3.12/site-packages:${PYTHONPATH} /usr/bin/python3 -W ignore:setup.py install is deprecated -W ignore:easy_install command is deprecated setup.py develop --editable --build-directory /home/marco/ros2_ws/build/robot_wasd/build --no-deps symlink_data --force
[1.144s] running develop
[1.247s] running egg_info
[1.258s] writing robot_wasd.egg-info/PKG-INFO
[1.258s] writing dependency_links to robot_wasd.egg-info/dependency_links.txt
[1.258s] writing entry points to robot_wasd.egg-info/entry_points.txt
[1.258s] writing requirements to robot_wasd.egg-info/requires.txt
[1.258s] writing top-level names to robot_wasd.egg-info/top_level.txt
[1.278s] reading manifest file 'robot_wasd.egg-info/SOURCES.txt'
[1.278s] writing manifest file 'robot_wasd.egg-info/SOURCES.txt'
[1.290s] running build_ext
[1.290s] Creating /home/marco/ros2_ws/install/robot_wasd/lib/python3.12/site-packages/robot-wasd.egg-link (link to .)
[1.290s] Installing main_node script to /home/marco/ros2_ws/install/robot_wasd/lib/robot_wasd
[1.290s] 
[1.290s] Installed /home/marco/ros2_ws/build/robot_wasd
[1.290s] running symlink_data
[1.290s] creating /home/marco/ros2_ws/install/robot_wasd/share/ament_index
[1.290s] creating /home/marco/ros2_ws/install/robot_wasd/share/ament_index/resource_index
[1.290s] creating /home/marco/ros2_ws/install/robot_wasd/share/ament_index/resource_index/packages
[1.291s] error: [Errno 2] No such file or directory: '/home/marco/ros2_ws/install/robot_wasd/share/ament_index/resource_index/packages/robot_wasd'
[1.319s] Invoked command in '/home/marco/ros2_ws/build/robot_wasd' returned '1': DEBUGINFOD_URLS=https://debuginfod.ubuntu.com PYTHONPATH=/home/marco/ros2_ws/build/robot_wasd/prefix_override:/usr/lib/python3/dist-packages/colcon_core/task/python/colcon_distutils_commands:/home/marco/ros2_ws/install/robot_wasd/lib/python3.12/site-packages:${PYTHONPATH} /usr/bin/python3 -W ignore:setup.py install is deprecated -W ignore:easy_install command is deprecated setup.py develop --editable --build-directory /home/marco/ros2_ws/build/robot_wasd/build --no-deps symlink_data --force
