running egg_info
writing ../../build/6dof_package/6dof_package.egg-info/PKG-INFO
writing dependency_links to ../../build/6dof_package/6dof_package.egg-info/dependency_links.txt
writing entry points to ../../build/6dof_package/6dof_package.egg-info/entry_points.txt
writing requirements to ../../build/6dof_package/6dof_package.egg-info/requires.txt
writing top-level names to ../../build/6dof_package/6dof_package.egg-info/top_level.txt
reading manifest file '../../build/6dof_package/6dof_package.egg-info/SOURCES.txt'
adding license file 'LICENSE'
writing manifest file '../../build/6dof_package/6dof_package.egg-info/SOURCES.txt'
running build
running build_py
running install
running install_lib
running install_data
running install_egg_info
removing '/home/marco/ros2_ws/install/6dof_package/lib/python3.12/site-packages/6dof_package-0.0.0-py3.12.egg-info' (and everything under it)
Copying ../../build/6dof_package/6dof_package.egg-info to /home/marco/ros2_ws/install/6dof_package/lib/python3.12/site-packages/6dof_package-0.0.0-py3.12.egg-info
running install_scripts
Installing 6dof_node script to /home/marco/ros2_ws/install/6dof_package/lib/6dof_package
writing list of installed files to '/home/marco/ros2_ws/build/6dof_package/install.log'
