[0.936s] Invoking command in '/home/marco/ros2_ws/src/6dof_package': DEBUGINFOD_URLS=https://debuginfod.ubuntu.com PYTHONPATH=/home/marco/ros2_ws/build/6dof_package/prefix_override:/usr/lib/python3/dist-packages/colcon_core/task/python/colcon_distutils_commands:/home/marco/ros2_ws/install/6dof_package/lib/python3.12/site-packages:${PYTHONPATH} /usr/bin/python3 -W ignore:setup.py install is deprecated -W ignore:easy_install command is deprecated setup.py egg_info --egg-base ../../build/6dof_package build --build-base /home/marco/ros2_ws/build/6dof_package/build install --record /home/marco/ros2_ws/build/6dof_package/install.log --single-version-externally-managed install_data
[1.089s] running egg_info
[1.099s] writing ../../build/6dof_package/6dof_package.egg-info/PKG-INFO
[1.099s] writing dependency_links to ../../build/6dof_package/6dof_package.egg-info/dependency_links.txt
[1.099s] writing entry points to ../../build/6dof_package/6dof_package.egg-info/entry_points.txt
[1.099s] writing requirements to ../../build/6dof_package/6dof_package.egg-info/requires.txt
[1.099s] writing top-level names to ../../build/6dof_package/6dof_package.egg-info/top_level.txt
[1.120s] reading manifest file '../../build/6dof_package/6dof_package.egg-info/SOURCES.txt'
[1.120s] adding license file 'LICENSE'
[1.120s] writing manifest file '../../build/6dof_package/6dof_package.egg-info/SOURCES.txt'
[1.120s] running build
[1.120s] running build_py
[1.120s] running install
[1.124s] running install_lib
[1.135s] running install_data
[1.135s] running install_egg_info
[1.146s] removing '/home/marco/ros2_ws/install/6dof_package/lib/python3.12/site-packages/6dof_package-0.0.0-py3.12.egg-info' (and everything under it)
[1.146s] Copying ../../build/6dof_package/6dof_package.egg-info to /home/marco/ros2_ws/install/6dof_package/lib/python3.12/site-packages/6dof_package-0.0.0-py3.12.egg-info
[1.147s] running install_scripts
[1.219s] Installing 6dof_node script to /home/marco/ros2_ws/install/6dof_package/lib/6dof_package
[1.219s] writing list of installed files to '/home/marco/ros2_ws/build/6dof_package/install.log'
[1.242s] Invoked command in '/home/marco/ros2_ws/src/6dof_package' returned '0': DEBUGINFOD_URLS=https://debuginfod.ubuntu.com PYTHONPATH=/home/marco/ros2_ws/build/6dof_package/prefix_override:/usr/lib/python3/dist-packages/colcon_core/task/python/colcon_distutils_commands:/home/marco/ros2_ws/install/6dof_package/lib/python3.12/site-packages:${PYTHONPATH} /usr/bin/python3 -W ignore:setup.py install is deprecated -W ignore:easy_install command is deprecated setup.py egg_info --egg-base ../../build/6dof_package build --build-base /home/marco/ros2_ws/build/6dof_package/build install --record /home/marco/ros2_ws/build/6dof_package/install.log --single-version-externally-managed install_data
