running develop
Removing /home/marco/ros2_ws/install/robot_plan_1dof/lib/python3.12/site-packages/robot-plan-1dof.egg-link (link to .)
running egg_info
writing ../../build/robot_plan_1dof/robot_plan_1dof.egg-info/PKG-INFO
writing dependency_links to ../../build/robot_plan_1dof/robot_plan_1dof.egg-info/dependency_links.txt
writing entry points to ../../build/robot_plan_1dof/robot_plan_1dof.egg-info/entry_points.txt
writing requirements to ../../build/robot_plan_1dof/robot_plan_1dof.egg-info/requires.txt
writing top-level names to ../../build/robot_plan_1dof/robot_plan_1dof.egg-info/top_level.txt
reading manifest file '../../build/robot_plan_1dof/robot_plan_1dof.egg-info/SOURCES.txt'
adding license file 'LICENSE'
writing manifest file '../../build/robot_plan_1dof/robot_plan_1dof.egg-info/SOURCES.txt'
running build
running build_py
running install
running install_lib
creating /home/marco/ros2_ws/install/robot_plan_1dof/lib/python3.12/site-packages/robot_plan_1dof
copying /home/marco/ros2_ws/build/robot_plan_1dof/build/lib/robot_plan_1dof/publisher_function.py -> /home/marco/ros2_ws/install/robot_plan_1dof/lib/python3.12/site-packages/robot_plan_1dof
copying /home/marco/ros2_ws/build/robot_plan_1dof/build/lib/robot_plan_1dof/__init__.py -> /home/marco/ros2_ws/install/robot_plan_1dof/lib/python3.12/site-packages/robot_plan_1dof
copying /home/marco/ros2_ws/build/robot_plan_1dof/build/lib/robot_plan_1dof/subscriber_function.py -> /home/marco/ros2_ws/install/robot_plan_1dof/lib/python3.12/site-packages/robot_plan_1dof
byte-compiling /home/marco/ros2_ws/install/robot_plan_1dof/lib/python3.12/site-packages/robot_plan_1dof/publisher_function.py to publisher_function.cpython-312.pyc
byte-compiling /home/marco/ros2_ws/install/robot_plan_1dof/lib/python3.12/site-packages/robot_plan_1dof/__init__.py to __init__.cpython-312.pyc
byte-compiling /home/marco/ros2_ws/install/robot_plan_1dof/lib/python3.12/site-packages/robot_plan_1dof/subscriber_function.py to subscriber_function.cpython-312.pyc
running install_data
copying resource/robot_plan_1dof -> /home/marco/ros2_ws/install/robot_plan_1dof/share/ament_index/resource_index/packages
copying package.xml -> /home/marco/ros2_ws/install/robot_plan_1dof/share/robot_plan_1dof
creating /home/marco/ros2_ws/install/robot_plan_1dof/share/robot_plan_1dof/launch
copying robot_plan_1dof/launch/plan.launch.py -> /home/marco/ros2_ws/install/robot_plan_1dof/share/robot_plan_1dof/launch
creating /home/marco/ros2_ws/install/robot_plan_1dof/share/robot_plan_1dof/urdf
copying robot_plan_1dof/urdf/robot_plan.urdf -> /home/marco/ros2_ws/install/robot_plan_1dof/share/robot_plan_1dof/urdf
creating /home/marco/ros2_ws/install/robot_plan_1dof/share/robot_plan_1dof/rviz
copying robot_plan_1dof/rviz/view.rviz -> /home/marco/ros2_ws/install/robot_plan_1dof/share/robot_plan_1dof/rviz
copying robot_plan_1dof/rviz/test.rviz -> /home/marco/ros2_ws/install/robot_plan_1dof/share/robot_plan_1dof/rviz
running install_egg_info
Copying ../../build/robot_plan_1dof/robot_plan_1dof.egg-info to /home/marco/ros2_ws/install/robot_plan_1dof/lib/python3.12/site-packages/robot_plan_1dof-0.0.0-py3.12.egg-info
running install_scripts
Installing listener script to /home/marco/ros2_ws/install/robot_plan_1dof/lib/robot_plan_1dof
Installing talker script to /home/marco/ros2_ws/install/robot_plan_1dof/lib/robot_plan_1dof
writing list of installed files to '/home/marco/ros2_ws/build/robot_plan_1dof/install.log'
