[0.956s] Invoking command in '/home/marco/ros2_ws/build/robot_plan_1dof': DEBUGINFOD_URLS=https://debuginfod.ubuntu.com PYTHONPATH=/home/marco/ros2_ws/build/robot_plan_1dof/prefix_override:/usr/lib/python3/dist-packages/colcon_core/task/python/colcon_distutils_commands:/home/marco/ros2_ws/install/robot_plan_1dof/lib/python3.12/site-packages:${PYTHONPATH} /usr/bin/python3 -W ignore:setup.py install is deprecated -W ignore:easy_install command is deprecated setup.py develop --uninstall --editable --build-directory /home/marco/ros2_ws/build/robot_plan_1dof/build
[1.137s] running develop
[1.246s] Removing /home/marco/ros2_ws/install/robot_plan_1dof/lib/python3.12/site-packages/robot-plan-1dof.egg-link (link to .)
[1.279s] Invoked command in '/home/marco/ros2_ws/build/robot_plan_1dof' returned '0': DEBUGINFOD_URLS=https://debuginfod.ubuntu.com PYTHONPATH=/home/marco/ros2_ws/build/robot_plan_1dof/prefix_override:/usr/lib/python3/dist-packages/colcon_core/task/python/colcon_distutils_commands:/home/marco/ros2_ws/install/robot_plan_1dof/lib/python3.12/site-packages:${PYTHONPATH} /usr/bin/python3 -W ignore:setup.py install is deprecated -W ignore:easy_install command is deprecated setup.py develop --uninstall --editable --build-directory /home/marco/ros2_ws/build/robot_plan_1dof/build
[1.279s] Invoking command in '/home/marco/ros2_ws/src/robot_plan_1dof': DEBUGINFOD_URLS=https://debuginfod.ubuntu.com PYTHONPATH=/home/marco/ros2_ws/build/robot_plan_1dof/prefix_override:/usr/lib/python3/dist-packages/colcon_core/task/python/colcon_distutils_commands:/home/marco/ros2_ws/install/robot_plan_1dof/lib/python3.12/site-packages:${PYTHONPATH} /usr/bin/python3 -W ignore:setup.py install is deprecated -W ignore:easy_install command is deprecated setup.py egg_info --egg-base ../../build/robot_plan_1dof build --build-base /home/marco/ros2_ws/build/robot_plan_1dof/build install --record /home/marco/ros2_ws/build/robot_plan_1dof/install.log --single-version-externally-managed install_data --force
[1.438s] running egg_info
[1.449s] writing ../../build/robot_plan_1dof/robot_plan_1dof.egg-info/PKG-INFO
[1.449s] writing dependency_links to ../../build/robot_plan_1dof/robot_plan_1dof.egg-info/dependency_links.txt
[1.449s] writing entry points to ../../build/robot_plan_1dof/robot_plan_1dof.egg-info/entry_points.txt
[1.449s] writing requirements to ../../build/robot_plan_1dof/robot_plan_1dof.egg-info/requires.txt
[1.449s] writing top-level names to ../../build/robot_plan_1dof/robot_plan_1dof.egg-info/top_level.txt
[1.473s] reading manifest file '../../build/robot_plan_1dof/robot_plan_1dof.egg-info/SOURCES.txt'
[1.473s] adding license file 'LICENSE'
[1.473s] writing manifest file '../../build/robot_plan_1dof/robot_plan_1dof.egg-info/SOURCES.txt'
[1.473s] running build
[1.473s] running build_py
[1.473s] running install
[1.477s] running install_lib
[1.488s] creating /home/marco/ros2_ws/install/robot_plan_1dof/lib/python3.12/site-packages/robot_plan_1dof
[1.488s] copying /home/marco/ros2_ws/build/robot_plan_1dof/build/lib/robot_plan_1dof/publisher_function.py -> /home/marco/ros2_ws/install/robot_plan_1dof/lib/python3.12/site-packages/robot_plan_1dof
[1.488s] copying /home/marco/ros2_ws/build/robot_plan_1dof/build/lib/robot_plan_1dof/__init__.py -> /home/marco/ros2_ws/install/robot_plan_1dof/lib/python3.12/site-packages/robot_plan_1dof
[1.488s] copying /home/marco/ros2_ws/build/robot_plan_1dof/build/lib/robot_plan_1dof/subscriber_function.py -> /home/marco/ros2_ws/install/robot_plan_1dof/lib/python3.12/site-packages/robot_plan_1dof
[1.488s] byte-compiling /home/marco/ros2_ws/install/robot_plan_1dof/lib/python3.12/site-packages/robot_plan_1dof/publisher_function.py to publisher_function.cpython-312.pyc
[1.489s] byte-compiling /home/marco/ros2_ws/install/robot_plan_1dof/lib/python3.12/site-packages/robot_plan_1dof/__init__.py to __init__.cpython-312.pyc
[1.489s] byte-compiling /home/marco/ros2_ws/install/robot_plan_1dof/lib/python3.12/site-packages/robot_plan_1dof/subscriber_function.py to subscriber_function.cpython-312.pyc
[1.489s] running install_data
[1.489s] copying resource/robot_plan_1dof -> /home/marco/ros2_ws/install/robot_plan_1dof/share/ament_index/resource_index/packages
[1.490s] copying package.xml -> /home/marco/ros2_ws/install/robot_plan_1dof/share/robot_plan_1dof
[1.490s] creating /home/marco/ros2_ws/install/robot_plan_1dof/share/robot_plan_1dof/launch
[1.490s] copying robot_plan_1dof/launch/plan.launch.py -> /home/marco/ros2_ws/install/robot_plan_1dof/share/robot_plan_1dof/launch
[1.490s] creating /home/marco/ros2_ws/install/robot_plan_1dof/share/robot_plan_1dof/urdf
[1.490s] copying robot_plan_1dof/urdf/robot_plan.urdf -> /home/marco/ros2_ws/install/robot_plan_1dof/share/robot_plan_1dof/urdf
[1.490s] creating /home/marco/ros2_ws/install/robot_plan_1dof/share/robot_plan_1dof/rviz
[1.490s] copying robot_plan_1dof/rviz/view.rviz -> /home/marco/ros2_ws/install/robot_plan_1dof/share/robot_plan_1dof/rviz
[1.491s] copying robot_plan_1dof/rviz/test.rviz -> /home/marco/ros2_ws/install/robot_plan_1dof/share/robot_plan_1dof/rviz
[1.491s] running install_egg_info
[1.501s] Copying ../../build/robot_plan_1dof/robot_plan_1dof.egg-info to /home/marco/ros2_ws/install/robot_plan_1dof/lib/python3.12/site-packages/robot_plan_1dof-0.0.0-py3.12.egg-info
[1.501s] running install_scripts
[1.576s] Installing listener script to /home/marco/ros2_ws/install/robot_plan_1dof/lib/robot_plan_1dof
[1.576s] Installing talker script to /home/marco/ros2_ws/install/robot_plan_1dof/lib/robot_plan_1dof
[1.576s] writing list of installed files to '/home/marco/ros2_ws/build/robot_plan_1dof/install.log'
[1.605s] Invoked command in '/home/marco/ros2_ws/src/robot_plan_1dof' returned '0': DEBUGINFOD_URLS=https://debuginfod.ubuntu.com PYTHONPATH=/home/marco/ros2_ws/build/robot_plan_1dof/prefix_override:/usr/lib/python3/dist-packages/colcon_core/task/python/colcon_distutils_commands:/home/marco/ros2_ws/install/robot_plan_1dof/lib/python3.12/site-packages:${PYTHONPATH} /usr/bin/python3 -W ignore:setup.py install is deprecated -W ignore:easy_install command is deprecated setup.py egg_info --egg-base ../../build/robot_plan_1dof build --build-base /home/marco/ros2_ws/build/robot_plan_1dof/build install --record /home/marco/ros2_ws/build/robot_plan_1dof/install.log --single-version-externally-managed install_data --force
