[0.966s] Invoking command in '/home/marco/ros2_ws/build/robot_plan_1dof': DEBUGINFOD_URLS=https://debuginfod.ubuntu.com PYTHONPATH=/home/marco/ros2_ws/build/robot_plan_1dof/prefix_override:/usr/lib/python3/dist-packages/colcon_core/task/python/colcon_distutils_commands:/home/marco/ros2_ws/install/robot_plan_1dof/lib/python3.12/site-packages:${PYTHONPATH} /usr/bin/python3 -W ignore:setup.py install is deprecated -W ignore:easy_install command is deprecated setup.py develop --editable --build-directory /home/marco/ros2_ws/build/robot_plan_1dof/build --no-deps symlink_data --force
[1.169s] running develop
[1.274s] running egg_info
[1.284s] writing robot_plan_1dof.egg-info/PKG-INFO
[1.284s] writing dependency_links to robot_plan_1dof.egg-info/dependency_links.txt
[1.284s] writing entry points to robot_plan_1dof.egg-info/entry_points.txt
[1.284s] writing requirements to robot_plan_1dof.egg-info/requires.txt
[1.284s] writing top-level names to robot_plan_1dof.egg-info/top_level.txt
[1.305s] reading manifest file 'robot_plan_1dof.egg-info/SOURCES.txt'
[1.305s] writing manifest file 'robot_plan_1dof.egg-info/SOURCES.txt'
[1.316s] running build_ext
[1.316s] Creating /home/marco/ros2_ws/install/robot_plan_1dof/lib/python3.12/site-packages/robot-plan-1dof.egg-link (link to .)
[1.316s] Installing listener script to /home/marco/ros2_ws/install/robot_plan_1dof/lib/robot_plan_1dof
[1.317s] Installing talker script to /home/marco/ros2_ws/install/robot_plan_1dof/lib/robot_plan_1dof
[1.317s] 
[1.317s] Installed /home/marco/ros2_ws/build/robot_plan_1dof
[1.317s] running symlink_data
[1.317s] symbolically linking /home/marco/ros2_ws/build/robot_plan_1dof/resource/robot_plan_1dof -> /home/marco/ros2_ws/install/robot_plan_1dof/share/ament_index/resource_index/packages
[1.317s] symbolically linking /home/marco/ros2_ws/build/robot_plan_1dof/package.xml -> /home/marco/ros2_ws/install/robot_plan_1dof/share/robot_plan_1dof
[1.317s] symbolically linking /home/marco/ros2_ws/build/robot_plan_1dof/robot_plan_1dof/launch/plan.launch.py -> /home/marco/ros2_ws/install/robot_plan_1dof/share/robot_plan_1dof/launch
[1.317s] symbolically linking /home/marco/ros2_ws/build/robot_plan_1dof/robot_plan_1dof/urdf/robot_plan.urdf -> /home/marco/ros2_ws/install/robot_plan_1dof/share/robot_plan_1dof/urdf
[1.317s] symbolically linking /home/marco/ros2_ws/build/robot_plan_1dof/robot_plan_1dof/rviz/view.rviz -> /home/marco/ros2_ws/install/robot_plan_1dof/share/robot_plan_1dof/rviz
[1.317s] symbolically linking /home/marco/ros2_ws/build/robot_plan_1dof/robot_plan_1dof/rviz/test.rviz -> /home/marco/ros2_ws/install/robot_plan_1dof/share/robot_plan_1dof/rviz
[1.350s] Invoked command in '/home/marco/ros2_ws/build/robot_plan_1dof' returned '0': DEBUGINFOD_URLS=https://debuginfod.ubuntu.com PYTHONPATH=/home/marco/ros2_ws/build/robot_plan_1dof/prefix_override:/usr/lib/python3/dist-packages/colcon_core/task/python/colcon_distutils_commands:/home/marco/ros2_ws/install/robot_plan_1dof/lib/python3.12/site-packages:${PYTHONPATH} /usr/bin/python3 -W ignore:setup.py install is deprecated -W ignore:easy_install command is deprecated setup.py develop --editable --build-directory /home/marco/ros2_ws/build/robot_plan_1dof/build --no-deps symlink_data --force
