running develop
running egg_info
creating robot_master_slave.egg-info
writing robot_master_slave.egg-info/PKG-INFO
writing dependency_links to robot_master_slave.egg-info/dependency_links.txt
writing entry points to robot_master_slave.egg-info/entry_points.txt
writing requirements to robot_master_slave.egg-info/requires.txt
writing top-level names to robot_master_slave.egg-info/top_level.txt
writing manifest file 'robot_master_slave.egg-info/SOURCES.txt'
reading manifest file 'robot_master_slave.egg-info/SOURCES.txt'
writing manifest file 'robot_master_slave.egg-info/SOURCES.txt'
running build_ext
Creating /home/marco/ros2_ws/install/robot_master_slave/lib/python3.12/site-packages/robot-master-slave.egg-link (link to .)
Installing slave script to /home/marco/ros2_ws/install/robot_master_slave/lib/robot_master_slave

Installed /home/marco/ros2_ws/build/robot_master_slave
running symlink_data
creating /home/marco/ros2_ws/install/robot_master_slave/share/ament_index
creating /home/marco/ros2_ws/install/robot_master_slave/share/ament_index/resource_index
creating /home/marco/ros2_ws/install/robot_master_slave/share/ament_index/resource_index/packages
symbolically linking /home/marco/ros2_ws/build/robot_master_slave/resource/robot_master_slave -> /home/marco/ros2_ws/install/robot_master_slave/share/ament_index/resource_index/packages
symbolically linking /home/marco/ros2_ws/build/robot_master_slave/package.xml -> /home/marco/ros2_ws/install/robot_master_slave/share/robot_master_slave
creating /home/marco/ros2_ws/install/robot_master_slave/share/robot_master_slave/launch
symbolically linking /home/marco/ros2_ws/build/robot_master_slave/robot_master_slave/launch/robot.launch.py -> /home/marco/ros2_ws/install/robot_master_slave/share/robot_master_slave/launch
creating /home/marco/ros2_ws/install/robot_master_slave/share/robot_master_slave/urdf
symbolically linking /home/marco/ros2_ws/build/robot_master_slave/robot_master_slave/urdf/robot.urdf -> /home/marco/ros2_ws/install/robot_master_slave/share/robot_master_slave/urdf
creating /home/marco/ros2_ws/install/robot_master_slave/share/robot_master_slave/rviz
symbolically linking /home/marco/ros2_ws/build/robot_master_slave/robot_master_slave/rviz/view.rviz -> /home/marco/ros2_ws/install/robot_master_slave/share/robot_master_slave/rviz
