[0.481s] Invoking command in '/home/marco/ros2_ws/build/robot_master_slave': DEBUGINFOD_URLS=https://debuginfod.ubuntu.com PYTHONPATH=/home/marco/ros2_ws/build/robot_master_slave/prefix_override:/usr/lib/python3/dist-packages/colcon_core/task/python/colcon_distutils_commands:/home/marco/ros2_ws/install/robot_master_slave/lib/python3.12/site-packages:${PYTHONPATH} /usr/bin/python3 -W ignore:setup.py install is deprecated -W ignore:easy_install command is deprecated setup.py develop --editable --build-directory /home/marco/ros2_ws/build/robot_master_slave/build --no-deps symlink_data
[0.650s] running develop
[0.748s] running egg_info
[0.748s] creating robot_master_slave.egg-info
[0.757s] writing robot_master_slave.egg-info/PKG-INFO
[0.758s] writing dependency_links to robot_master_slave.egg-info/dependency_links.txt
[0.758s] writing entry points to robot_master_slave.egg-info/entry_points.txt
[0.758s] writing requirements to robot_master_slave.egg-info/requires.txt
[0.758s] writing top-level names to robot_master_slave.egg-info/top_level.txt
[0.758s] writing manifest file 'robot_master_slave.egg-info/SOURCES.txt'
[0.776s] reading manifest file 'robot_master_slave.egg-info/SOURCES.txt'
[0.776s] writing manifest file 'robot_master_slave.egg-info/SOURCES.txt'
[0.785s] running build_ext
[0.785s] Creating /home/marco/ros2_ws/install/robot_master_slave/lib/python3.12/site-packages/robot-master-slave.egg-link (link to .)
[0.786s] Installing slave script to /home/marco/ros2_ws/install/robot_master_slave/lib/robot_master_slave
[0.786s] 
[0.786s] Installed /home/marco/ros2_ws/build/robot_master_slave
[0.786s] running symlink_data
[0.786s] creating /home/marco/ros2_ws/install/robot_master_slave/share/ament_index
[0.786s] creating /home/marco/ros2_ws/install/robot_master_slave/share/ament_index/resource_index
[0.786s] creating /home/marco/ros2_ws/install/robot_master_slave/share/ament_index/resource_index/packages
[0.786s] symbolically linking /home/marco/ros2_ws/build/robot_master_slave/resource/robot_master_slave -> /home/marco/ros2_ws/install/robot_master_slave/share/ament_index/resource_index/packages
[0.786s] symbolically linking /home/marco/ros2_ws/build/robot_master_slave/package.xml -> /home/marco/ros2_ws/install/robot_master_slave/share/robot_master_slave
[0.786s] creating /home/marco/ros2_ws/install/robot_master_slave/share/robot_master_slave/launch
[0.786s] symbolically linking /home/marco/ros2_ws/build/robot_master_slave/robot_master_slave/launch/robot.launch.py -> /home/marco/ros2_ws/install/robot_master_slave/share/robot_master_slave/launch
[0.786s] creating /home/marco/ros2_ws/install/robot_master_slave/share/robot_master_slave/urdf
[0.787s] symbolically linking /home/marco/ros2_ws/build/robot_master_slave/robot_master_slave/urdf/robot.urdf -> /home/marco/ros2_ws/install/robot_master_slave/share/robot_master_slave/urdf
[0.787s] creating /home/marco/ros2_ws/install/robot_master_slave/share/robot_master_slave/rviz
[0.787s] symbolically linking /home/marco/ros2_ws/build/robot_master_slave/robot_master_slave/rviz/view.rviz -> /home/marco/ros2_ws/install/robot_master_slave/share/robot_master_slave/rviz
[0.804s] Invoked command in '/home/marco/ros2_ws/build/robot_master_slave' returned '0': DEBUGINFOD_URLS=https://debuginfod.ubuntu.com PYTHONPATH=/home/marco/ros2_ws/build/robot_master_slave/prefix_override:/usr/lib/python3/dist-packages/colcon_core/task/python/colcon_distutils_commands:/home/marco/ros2_ws/install/robot_master_slave/lib/python3.12/site-packages:${PYTHONPATH} /usr/bin/python3 -W ignore:setup.py install is deprecated -W ignore:easy_install command is deprecated setup.py develop --editable --build-directory /home/marco/ros2_ws/build/robot_master_slave/build --no-deps symlink_data
