[0.423s] Invoking command in '/home/marco/ros2_ws/build/robot_plan_1dof': DEBUGINFOD_URLS=https://debuginfod.ubuntu.com PYTHONPATH=/home/marco/ros2_ws/build/robot_plan_1dof/prefix_override:/usr/lib/python3/dist-packages/colcon_core/task/python/colcon_distutils_commands:/home/marco/ros2_ws/install/robot_plan_1dof/lib/python3.12/site-packages:${PYTHONPATH} /usr/bin/python3 -W ignore:setup.py install is deprecated -W ignore:easy_install command is deprecated setup.py develop --editable --build-directory /home/marco/ros2_ws/build/robot_plan_1dof/build --no-deps symlink_data
[0.589s] running develop
[0.681s] running egg_info
[0.681s] creating robot_plan_1dof.egg-info
[0.689s] writing robot_plan_1dof.egg-info/PKG-INFO
[0.689s] writing dependency_links to robot_plan_1dof.egg-info/dependency_links.txt
[0.689s] writing entry points to robot_plan_1dof.egg-info/entry_points.txt
[0.689s] writing requirements to robot_plan_1dof.egg-info/requires.txt
[0.690s] writing top-level names to robot_plan_1dof.egg-info/top_level.txt
[0.690s] writing manifest file 'robot_plan_1dof.egg-info/SOURCES.txt'
[0.707s] reading manifest file 'robot_plan_1dof.egg-info/SOURCES.txt'
[0.707s] writing manifest file 'robot_plan_1dof.egg-info/SOURCES.txt'
[0.716s] running build_ext
[0.716s] Creating /home/marco/ros2_ws/install/robot_plan_1dof/lib/python3.12/site-packages/robot-plan-1dof.egg-link (link to .)
[0.717s] Installing taker script to /home/marco/ros2_ws/install/robot_plan_1dof/lib/robot_plan_1dof
[0.717s] 
[0.717s] Installed /home/marco/ros2_ws/build/robot_plan_1dof
[0.717s] running symlink_data
[0.717s] creating /home/marco/ros2_ws/install/robot_plan_1dof/share/ament_index
[0.717s] creating /home/marco/ros2_ws/install/robot_plan_1dof/share/ament_index/resource_index
[0.717s] creating /home/marco/ros2_ws/install/robot_plan_1dof/share/ament_index/resource_index/packages
[0.717s] symbolically linking /home/marco/ros2_ws/build/robot_plan_1dof/resource/robot_plan_1dof -> /home/marco/ros2_ws/install/robot_plan_1dof/share/ament_index/resource_index/packages
[0.717s] symbolically linking /home/marco/ros2_ws/build/robot_plan_1dof/package.xml -> /home/marco/ros2_ws/install/robot_plan_1dof/share/robot_plan_1dof
[0.734s] Invoked command in '/home/marco/ros2_ws/build/robot_plan_1dof' returned '0': DEBUGINFOD_URLS=https://debuginfod.ubuntu.com PYTHONPATH=/home/marco/ros2_ws/build/robot_plan_1dof/prefix_override:/usr/lib/python3/dist-packages/colcon_core/task/python/colcon_distutils_commands:/home/marco/ros2_ws/install/robot_plan_1dof/lib/python3.12/site-packages:${PYTHONPATH} /usr/bin/python3 -W ignore:setup.py install is deprecated -W ignore:easy_install command is deprecated setup.py develop --editable --build-directory /home/marco/ros2_ws/build/robot_plan_1dof/build --no-deps symlink_data
