[0.959s] Invoking command in '/home/marco/ros2_ws/build/robot_wasd': DEBUGINFOD_URLS=https://debuginfod.ubuntu.com PYTHONPATH=/home/marco/ros2_ws/build/robot_wasd/prefix_override:/usr/lib/python3/dist-packages/colcon_core/task/python/colcon_distutils_commands:/home/marco/ros2_ws/install/robot_wasd/lib/python3.12/site-packages:${PYTHONPATH} /usr/bin/python3 -W ignore:setup.py install is deprecated -W ignore:easy_install command is deprecated setup.py develop --editable --build-directory /home/marco/ros2_ws/build/robot_wasd/build --no-deps symlink_data --force
[1.163s] running develop
[1.268s] running egg_info
[1.278s] writing robot_wasd.egg-info/PKG-INFO
[1.278s] writing dependency_links to robot_wasd.egg-info/dependency_links.txt
[1.278s] writing entry points to robot_wasd.egg-info/entry_points.txt
[1.278s] writing requirements to robot_wasd.egg-info/requires.txt
[1.279s] writing top-level names to robot_wasd.egg-info/top_level.txt
[1.299s] reading manifest file 'robot_wasd.egg-info/SOURCES.txt'
[1.299s] writing manifest file 'robot_wasd.egg-info/SOURCES.txt'
[1.310s] running build_ext
[1.310s] Creating /home/marco/ros2_ws/install/robot_wasd/lib/python3.12/site-packages/robot-wasd.egg-link (link to .)
[1.311s] Installing main_node script to /home/marco/ros2_ws/install/robot_wasd/lib/robot_wasd
[1.311s] 
[1.311s] Installed /home/marco/ros2_ws/build/robot_wasd
[1.311s] running symlink_data
[1.311s] symbolically linking /home/marco/ros2_ws/build/robot_wasd/resource/robot_wasd -> /home/marco/ros2_ws/install/robot_wasd/share/ament_index/resource_index/packages
[1.311s] symbolically linking /home/marco/ros2_ws/build/robot_wasd/package.xml -> /home/marco/ros2_ws/install/robot_wasd/share/robot_wasd
[1.311s] symbolically linking /home/marco/ros2_ws/build/robot_wasd/robot_wasd/launch/rob.launch.py -> /home/marco/ros2_ws/install/robot_wasd/share/robot_wasd/launch
[1.311s] symbolically linking /home/marco/ros2_ws/build/robot_wasd/robot_wasd/urdf/robot_plan.urdf -> /home/marco/ros2_ws/install/robot_wasd/share/robot_wasd/urdf
[1.312s] symbolically linking /home/marco/ros2_ws/build/robot_wasd/robot_wasd/rviz/view.rviz -> /home/marco/ros2_ws/install/robot_wasd/share/robot_wasd/rviz
[1.339s] Invoked command in '/home/marco/ros2_ws/build/robot_wasd' returned '0': DEBUGINFOD_URLS=https://debuginfod.ubuntu.com PYTHONPATH=/home/marco/ros2_ws/build/robot_wasd/prefix_override:/usr/lib/python3/dist-packages/colcon_core/task/python/colcon_distutils_commands:/home/marco/ros2_ws/install/robot_wasd/lib/python3.12/site-packages:${PYTHONPATH} /usr/bin/python3 -W ignore:setup.py install is deprecated -W ignore:easy_install command is deprecated setup.py develop --editable --build-directory /home/marco/ros2_ws/build/robot_wasd/build --no-deps symlink_data --force
