[0.932s] Invoking command in '/home/marco/ros2_ws/src/robot_wasd': DEBUGINFOD_URLS=https://debuginfod.ubuntu.com PYTHONPATH=/home/marco/ros2_ws/build/robot_wasd/prefix_override:/usr/lib/python3/dist-packages/colcon_core/task/python/colcon_distutils_commands:/home/marco/ros2_ws/install/robot_wasd/lib/python3.12/site-packages:${PYTHONPATH} /usr/bin/python3 -W ignore:setup.py install is deprecated -W ignore:easy_install command is deprecated setup.py egg_info --egg-base ../../build/robot_wasd build --build-base /home/marco/ros2_ws/build/robot_wasd/build install --record /home/marco/ros2_ws/build/robot_wasd/install.log --single-version-externally-managed install_data
[1.085s] running egg_info
[1.095s] writing ../../build/robot_wasd/robot_wasd.egg-info/PKG-INFO
[1.095s] writing dependency_links to ../../build/robot_wasd/robot_wasd.egg-info/dependency_links.txt
[1.095s] writing entry points to ../../build/robot_wasd/robot_wasd.egg-info/entry_points.txt
[1.095s] writing requirements to ../../build/robot_wasd/robot_wasd.egg-info/requires.txt
[1.095s] writing top-level names to ../../build/robot_wasd/robot_wasd.egg-info/top_level.txt
[1.115s] reading manifest file '../../build/robot_wasd/robot_wasd.egg-info/SOURCES.txt'
[1.116s] adding license file 'LICENSE'
[1.116s] writing manifest file '../../build/robot_wasd/robot_wasd.egg-info/SOURCES.txt'
[1.116s] running build
[1.116s] running build_py
[1.116s] running install
[1.120s] running install_lib
[1.131s] running install_data
[1.131s] running install_egg_info
[1.142s] removing '/home/marco/ros2_ws/install/robot_wasd/lib/python3.12/site-packages/robot_wasd-0.0.0-py3.12.egg-info' (and everything under it)
[1.142s] Copying ../../build/robot_wasd/robot_wasd.egg-info to /home/marco/ros2_ws/install/robot_wasd/lib/python3.12/site-packages/robot_wasd-0.0.0-py3.12.egg-info
[1.143s] running install_scripts
[1.215s] Installing main_node script to /home/marco/ros2_ws/install/robot_wasd/lib/robot_wasd
[1.215s] writing list of installed files to '/home/marco/ros2_ws/build/robot_wasd/install.log'
[1.242s] Invoked command in '/home/marco/ros2_ws/src/robot_wasd' returned '0': DEBUGINFOD_URLS=https://debuginfod.ubuntu.com PYTHONPATH=/home/marco/ros2_ws/build/robot_wasd/prefix_override:/usr/lib/python3/dist-packages/colcon_core/task/python/colcon_distutils_commands:/home/marco/ros2_ws/install/robot_wasd/lib/python3.12/site-packages:${PYTHONPATH} /usr/bin/python3 -W ignore:setup.py install is deprecated -W ignore:easy_install command is deprecated setup.py egg_info --egg-base ../../build/robot_wasd build --build-base /home/marco/ros2_ws/build/robot_wasd/build install --record /home/marco/ros2_ws/build/robot_wasd/install.log --single-version-externally-managed install_data
