[0.935s] Invoking command in '/home/marco/ros2_ws/build/prova_gz': DEBUGINFOD_URLS=https://debuginfod.ubuntu.com PYTHONPATH=/home/marco/ros2_ws/build/prova_gz/prefix_override:/usr/lib/python3/dist-packages/colcon_core/task/python/colcon_distutils_commands:/home/marco/ros2_ws/install/prova_gz/lib/python3.12/site-packages:${PYTHONPATH} /usr/bin/python3 -W ignore:setup.py install is deprecated -W ignore:easy_install command is deprecated setup.py develop --uninstall --editable --build-directory /home/marco/ros2_ws/build/prova_gz/build
[1.111s] running develop
[1.214s] Removing /home/marco/ros2_ws/install/prova_gz/lib/python3.12/site-packages/prova-gz.egg-link (link to .)
[1.238s] Invoked command in '/home/marco/ros2_ws/build/prova_gz' returned '0': DEBUGINFOD_URLS=https://debuginfod.ubuntu.com PYTHONPATH=/home/marco/ros2_ws/build/prova_gz/prefix_override:/usr/lib/python3/dist-packages/colcon_core/task/python/colcon_distutils_commands:/home/marco/ros2_ws/install/prova_gz/lib/python3.12/site-packages:${PYTHONPATH} /usr/bin/python3 -W ignore:setup.py install is deprecated -W ignore:easy_install command is deprecated setup.py develop --uninstall --editable --build-directory /home/marco/ros2_ws/build/prova_gz/build
[1.239s] Invoking command in '/home/marco/ros2_ws/src/prova_gz': DEBUGINFOD_URLS=https://debuginfod.ubuntu.com PYTHONPATH=/home/marco/ros2_ws/build/prova_gz/prefix_override:/usr/lib/python3/dist-packages/colcon_core/task/python/colcon_distutils_commands:/home/marco/ros2_ws/install/prova_gz/lib/python3.12/site-packages:${PYTHONPATH} /usr/bin/python3 -W ignore:setup.py install is deprecated -W ignore:easy_install command is deprecated setup.py egg_info --egg-base ../../build/prova_gz build --build-base /home/marco/ros2_ws/build/prova_gz/build install --record /home/marco/ros2_ws/build/prova_gz/install.log --single-version-externally-managed install_data --force
[1.390s] running egg_info
[1.401s] writing ../../build/prova_gz/prova_gz.egg-info/PKG-INFO
[1.401s] writing dependency_links to ../../build/prova_gz/prova_gz.egg-info/dependency_links.txt
[1.401s] writing requirements to ../../build/prova_gz/prova_gz.egg-info/requires.txt
[1.401s] writing top-level names to ../../build/prova_gz/prova_gz.egg-info/top_level.txt
[1.421s] reading manifest file '../../build/prova_gz/prova_gz.egg-info/SOURCES.txt'
[1.421s] adding license file 'LICENSE'
[1.421s] writing manifest file '../../build/prova_gz/prova_gz.egg-info/SOURCES.txt'
[1.421s] running build
[1.421s] running build_py
[1.421s] creating /home/marco/ros2_ws/build/prova_gz/build
[1.421s] creating /home/marco/ros2_ws/build/prova_gz/build/lib
[1.421s] creating /home/marco/ros2_ws/build/prova_gz/build/lib/prova_gz
[1.422s] copying prova_gz/__init__.py -> /home/marco/ros2_ws/build/prova_gz/build/lib/prova_gz
[1.422s] running install
[1.426s] running install_lib
[1.436s] creating /home/marco/ros2_ws/install/prova_gz/lib/python3.12/site-packages/prova_gz
[1.436s] copying /home/marco/ros2_ws/build/prova_gz/build/lib/prova_gz/__init__.py -> /home/marco/ros2_ws/install/prova_gz/lib/python3.12/site-packages/prova_gz
[1.437s] byte-compiling /home/marco/ros2_ws/install/prova_gz/lib/python3.12/site-packages/prova_gz/__init__.py to __init__.cpython-312.pyc
[1.437s] running install_data
[1.437s] copying resource/prova_gz -> /home/marco/ros2_ws/install/prova_gz/share/ament_index/resource_index/packages
[1.437s] copying package.xml -> /home/marco/ros2_ws/install/prova_gz/share/prova_gz
[1.437s] copying prova_gz/launch/gz_prova.launch.py -> /home/marco/ros2_ws/install/prova_gz/share/prova_gz/launch
[1.437s] running install_egg_info
[1.448s] Copying ../../build/prova_gz/prova_gz.egg-info to /home/marco/ros2_ws/install/prova_gz/lib/python3.12/site-packages/prova_gz-0.0.0-py3.12.egg-info
[1.448s] running install_scripts
[1.522s] writing list of installed files to '/home/marco/ros2_ws/build/prova_gz/install.log'
[1.542s] Invoked command in '/home/marco/ros2_ws/src/prova_gz' returned '0': DEBUGINFOD_URLS=https://debuginfod.ubuntu.com PYTHONPATH=/home/marco/ros2_ws/build/prova_gz/prefix_override:/usr/lib/python3/dist-packages/colcon_core/task/python/colcon_distutils_commands:/home/marco/ros2_ws/install/prova_gz/lib/python3.12/site-packages:${PYTHONPATH} /usr/bin/python3 -W ignore:setup.py install is deprecated -W ignore:easy_install command is deprecated setup.py egg_info --egg-base ../../build/prova_gz build --build-base /home/marco/ros2_ws/build/prova_gz/build install --record /home/marco/ros2_ws/build/prova_gz/install.log --single-version-externally-managed install_data --force
