running develop
running egg_info
creating robot_wasd.egg-info
writing robot_wasd.egg-info/PKG-INFO
writing dependency_links to robot_wasd.egg-info/dependency_links.txt
writing requirements to robot_wasd.egg-info/requires.txt
writing top-level names to robot_wasd.egg-info/top_level.txt
writing manifest file 'robot_wasd.egg-info/SOURCES.txt'
reading manifest file 'robot_wasd.egg-info/SOURCES.txt'
writing manifest file 'robot_wasd.egg-info/SOURCES.txt'
running build_ext
Creating /home/marco/ros2_ws/install/robot_wasd/lib/python3.12/site-packages/robot-wasd.egg-link (link to .)

Installed /home/marco/ros2_ws/build/robot_wasd
running symlink_data
creating /home/marco/ros2_ws/install/robot_wasd/share/ament_index
creating /home/marco/ros2_ws/install/robot_wasd/share/ament_index/resource_index
creating /home/marco/ros2_ws/install/robot_wasd/share/ament_index/resource_index/packages
symbolically linking /home/marco/ros2_ws/build/robot_wasd/resource/robot_wasd -> /home/marco/ros2_ws/install/robot_wasd/share/ament_index/resource_index/packages
symbolically linking /home/marco/ros2_ws/build/robot_wasd/package.xml -> /home/marco/ros2_ws/install/robot_wasd/share/robot_wasd
creating /home/marco/ros2_ws/install/robot_wasd/share/robot_wasd/launch
