[0.796s] Invoking command in '/home/marco/ros2_ws/build/robot_wasd': DEBUGINFOD_URLS=https://debuginfod.ubuntu.com PYTHONPATH=/home/marco/ros2_ws/build/robot_wasd/prefix_override:/usr/lib/python3/dist-packages/colcon_core/task/python/colcon_distutils_commands:/home/marco/ros2_ws/install/robot_wasd/lib/python3.12/site-packages:${PYTHONPATH} /usr/bin/python3 -W ignore:setup.py install is deprecated -W ignore:easy_install command is deprecated setup.py develop --editable --build-directory /home/marco/ros2_ws/build/robot_wasd/build --no-deps symlink_data
[1.131s] running develop
[1.318s] running egg_info
[1.318s] creating robot_wasd.egg-info
[1.337s] writing robot_wasd.egg-info/PKG-INFO
[1.337s] writing dependency_links to robot_wasd.egg-info/dependency_links.txt
[1.337s] writing requirements to robot_wasd.egg-info/requires.txt
[1.337s] writing top-level names to robot_wasd.egg-info/top_level.txt
[1.338s] writing manifest file 'robot_wasd.egg-info/SOURCES.txt'
[1.375s] reading manifest file 'robot_wasd.egg-info/SOURCES.txt'
[1.375s] writing manifest file 'robot_wasd.egg-info/SOURCES.txt'
[1.395s] running build_ext
[1.395s] Creating /home/marco/ros2_ws/install/robot_wasd/lib/python3.12/site-packages/robot-wasd.egg-link (link to .)
[1.396s] 
[1.396s] Installed /home/marco/ros2_ws/build/robot_wasd
[1.396s] running symlink_data
[1.396s] creating /home/marco/ros2_ws/install/robot_wasd/share/ament_index
[1.396s] creating /home/marco/ros2_ws/install/robot_wasd/share/ament_index/resource_index
[1.396s] creating /home/marco/ros2_ws/install/robot_wasd/share/ament_index/resource_index/packages
[1.396s] symbolically linking /home/marco/ros2_ws/build/robot_wasd/resource/robot_wasd -> /home/marco/ros2_ws/install/robot_wasd/share/ament_index/resource_index/packages
[1.396s] symbolically linking /home/marco/ros2_ws/build/robot_wasd/package.xml -> /home/marco/ros2_ws/install/robot_wasd/share/robot_wasd
[1.396s] creating /home/marco/ros2_ws/install/robot_wasd/share/robot_wasd/launch
[1.429s] Invoked command in '/home/marco/ros2_ws/build/robot_wasd' returned '0': DEBUGINFOD_URLS=https://debuginfod.ubuntu.com PYTHONPATH=/home/marco/ros2_ws/build/robot_wasd/prefix_override:/usr/lib/python3/dist-packages/colcon_core/task/python/colcon_distutils_commands:/home/marco/ros2_ws/install/robot_wasd/lib/python3.12/site-packages:${PYTHONPATH} /usr/bin/python3 -W ignore:setup.py install is deprecated -W ignore:easy_install command is deprecated setup.py develop --editable --build-directory /home/marco/ros2_ws/build/robot_wasd/build --no-deps symlink_data
