running develop
running egg_info
writing 6dof_package.egg-info/PKG-INFO
writing dependency_links to 6dof_package.egg-info/dependency_links.txt
writing entry points to 6dof_package.egg-info/entry_points.txt
writing requirements to 6dof_package.egg-info/requires.txt
writing top-level names to 6dof_package.egg-info/top_level.txt
reading manifest file '6dof_package.egg-info/SOURCES.txt'
writing manifest file '6dof_package.egg-info/SOURCES.txt'
running build_ext
Creating /home/marco/ros2_ws/install/6dof_package/lib/python3.12/site-packages/6dof-package.egg-link (link to .)
Installing 6dof_node script to /home/marco/ros2_ws/install/6dof_package/lib/6dof_package

Installed /home/marco/ros2_ws/build/6dof_package
running symlink_data
symbolically linking /home/marco/ros2_ws/build/6dof_package/resource/6dof_package -> /home/marco/ros2_ws/install/6dof_package/share/ament_index/resource_index/packages
symbolically linking /home/marco/ros2_ws/build/6dof_package/package.xml -> /home/marco/ros2_ws/install/6dof_package/share/6dof_package
symbolically linking /home/marco/ros2_ws/build/6dof_package/6dof_package/launch/6dof.launch.py -> /home/marco/ros2_ws/install/6dof_package/share/6dof_package/launch
symbolically linking /home/marco/ros2_ws/build/6dof_package/6dof_package/urdf/robot_6dof.urdf -> /home/marco/ros2_ws/install/6dof_package/share/6dof_package/urdf
symbolically linking /home/marco/ros2_ws/build/6dof_package/6dof_package/urdf/cylinder.urdf.disable -> /home/marco/ros2_ws/install/6dof_package/share/6dof_package/urdf
symbolically linking /home/marco/ros2_ws/build/6dof_package/6dof_package/rviz/view.rviz.disable -> /home/marco/ros2_ws/install/6dof_package/share/6dof_package/rviz
symbolically linking /home/marco/ros2_ws/build/6dof_package/6dof_package/rviz/view.rviz -> /home/marco/ros2_ws/install/6dof_package/share/6dof_package/rviz
