[0.992s] Invoking command in '/home/marco/ros2_ws/build/6dof_package': DEBUGINFOD_URLS=https://debuginfod.ubuntu.com PYTHONPATH=/home/marco/ros2_ws/build/6dof_package/prefix_override:/usr/lib/python3/dist-packages/colcon_core/task/python/colcon_distutils_commands:/home/marco/ros2_ws/install/6dof_package/lib/python3.12/site-packages:${PYTHONPATH} /usr/bin/python3 -W ignore:setup.py install is deprecated -W ignore:easy_install command is deprecated setup.py develop --editable --build-directory /home/marco/ros2_ws/build/6dof_package/build --no-deps symlink_data --force
[1.189s] running develop
[1.294s] running egg_info
[1.303s] writing 6dof_package.egg-info/PKG-INFO
[1.304s] writing dependency_links to 6dof_package.egg-info/dependency_links.txt
[1.304s] writing entry points to 6dof_package.egg-info/entry_points.txt
[1.304s] writing requirements to 6dof_package.egg-info/requires.txt
[1.304s] writing top-level names to 6dof_package.egg-info/top_level.txt
[1.324s] reading manifest file '6dof_package.egg-info/SOURCES.txt'
[1.325s] writing manifest file '6dof_package.egg-info/SOURCES.txt'
[1.337s] running build_ext
[1.337s] Creating /home/marco/ros2_ws/install/6dof_package/lib/python3.12/site-packages/6dof-package.egg-link (link to .)
[1.338s] Installing 6dof_node script to /home/marco/ros2_ws/install/6dof_package/lib/6dof_package
[1.338s] 
[1.338s] Installed /home/marco/ros2_ws/build/6dof_package
[1.338s] running symlink_data
[1.338s] symbolically linking /home/marco/ros2_ws/build/6dof_package/resource/6dof_package -> /home/marco/ros2_ws/install/6dof_package/share/ament_index/resource_index/packages
[1.338s] symbolically linking /home/marco/ros2_ws/build/6dof_package/package.xml -> /home/marco/ros2_ws/install/6dof_package/share/6dof_package
[1.338s] symbolically linking /home/marco/ros2_ws/build/6dof_package/6dof_package/launch/6dof.launch.py -> /home/marco/ros2_ws/install/6dof_package/share/6dof_package/launch
[1.339s] symbolically linking /home/marco/ros2_ws/build/6dof_package/6dof_package/urdf/robot_6dof.urdf -> /home/marco/ros2_ws/install/6dof_package/share/6dof_package/urdf
[1.339s] symbolically linking /home/marco/ros2_ws/build/6dof_package/6dof_package/urdf/cylinder.urdf.disable -> /home/marco/ros2_ws/install/6dof_package/share/6dof_package/urdf
[1.339s] symbolically linking /home/marco/ros2_ws/build/6dof_package/6dof_package/rviz/view.rviz.disable -> /home/marco/ros2_ws/install/6dof_package/share/6dof_package/rviz
[1.339s] symbolically linking /home/marco/ros2_ws/build/6dof_package/6dof_package/rviz/view.rviz -> /home/marco/ros2_ws/install/6dof_package/share/6dof_package/rviz
[1.368s] Invoked command in '/home/marco/ros2_ws/build/6dof_package' returned '0': DEBUGINFOD_URLS=https://debuginfod.ubuntu.com PYTHONPATH=/home/marco/ros2_ws/build/6dof_package/prefix_override:/usr/lib/python3/dist-packages/colcon_core/task/python/colcon_distutils_commands:/home/marco/ros2_ws/install/6dof_package/lib/python3.12/site-packages:${PYTHONPATH} /usr/bin/python3 -W ignore:setup.py install is deprecated -W ignore:easy_install command is deprecated setup.py develop --editable --build-directory /home/marco/ros2_ws/build/6dof_package/build --no-deps symlink_data --force
