[0.437s] Invoking command in '/home/marco/ros2_ws/build/robot_square': DEBUGINFOD_URLS=https://debuginfod.ubuntu.com PYTHONPATH=/home/marco/ros2_ws/build/robot_square/prefix_override:/usr/lib/python3/dist-packages/colcon_core/task/python/colcon_distutils_commands:/home/marco/ros2_ws/install/robot_square/lib/python3.12/site-packages:${PYTHONPATH} /usr/bin/python3 -W ignore:setup.py install is deprecated -W ignore:easy_install command is deprecated setup.py develop --editable --build-directory /home/marco/ros2_ws/build/robot_square/build --no-deps symlink_data
[0.593s] running develop
[0.676s] running egg_info
[0.676s] creating robot_square.egg-info
[0.684s] writing robot_square.egg-info/PKG-INFO
[0.684s] writing dependency_links to robot_square.egg-info/dependency_links.txt
[0.685s] writing entry points to robot_square.egg-info/entry_points.txt
[0.685s] writing requirements to robot_square.egg-info/requires.txt
[0.685s] writing top-level names to robot_square.egg-info/top_level.txt
[0.685s] writing manifest file 'robot_square.egg-info/SOURCES.txt'
[0.701s] reading manifest file 'robot_square.egg-info/SOURCES.txt'
[0.701s] writing manifest file 'robot_square.egg-info/SOURCES.txt'
[0.710s] running build_ext
[0.710s] Creating /home/marco/ros2_ws/install/robot_square/lib/python3.12/site-packages/robot-square.egg-link (link to .)
[0.711s] Installing talker script to /home/marco/ros2_ws/install/robot_square/lib/robot_square
[0.711s] 
[0.711s] Installed /home/marco/ros2_ws/build/robot_square
[0.711s] running symlink_data
[0.711s] creating /home/marco/ros2_ws/install/robot_square/share/ament_index
[0.711s] creating /home/marco/ros2_ws/install/robot_square/share/ament_index/resource_index
[0.711s] creating /home/marco/ros2_ws/install/robot_square/share/ament_index/resource_index/packages
[0.711s] symbolically linking /home/marco/ros2_ws/build/robot_square/resource/robot_square -> /home/marco/ros2_ws/install/robot_square/share/ament_index/resource_index/packages
[0.711s] symbolically linking /home/marco/ros2_ws/build/robot_square/package.xml -> /home/marco/ros2_ws/install/robot_square/share/robot_square
[0.711s] creating /home/marco/ros2_ws/install/robot_square/share/robot_square/launch
[0.711s] symbolically linking /home/marco/ros2_ws/build/robot_square/robot_square/launch/robot.launch.py -> /home/marco/ros2_ws/install/robot_square/share/robot_square/launch
[0.711s] creating /home/marco/ros2_ws/install/robot_square/share/robot_square/urdf
[0.712s] symbolically linking /home/marco/ros2_ws/build/robot_square/robot_square/urdf/robot.urdf -> /home/marco/ros2_ws/install/robot_square/share/robot_square/urdf
[0.712s] creating /home/marco/ros2_ws/install/robot_square/share/robot_square/rviz
[0.728s] Invoked command in '/home/marco/ros2_ws/build/robot_square' returned '0': DEBUGINFOD_URLS=https://debuginfod.ubuntu.com PYTHONPATH=/home/marco/ros2_ws/build/robot_square/prefix_override:/usr/lib/python3/dist-packages/colcon_core/task/python/colcon_distutils_commands:/home/marco/ros2_ws/install/robot_square/lib/python3.12/site-packages:${PYTHONPATH} /usr/bin/python3 -W ignore:setup.py install is deprecated -W ignore:easy_install command is deprecated setup.py develop --editable --build-directory /home/marco/ros2_ws/build/robot_square/build --no-deps symlink_data
