running develop
Removing /home/marco/ros2_ws/install/robot_wasd/lib/python3.12/site-packages/robot-wasd.egg-link (link to .)
running egg_info
writing ../../build/robot_wasd/robot_wasd.egg-info/PKG-INFO
writing dependency_links to ../../build/robot_wasd/robot_wasd.egg-info/dependency_links.txt
writing entry points to ../../build/robot_wasd/robot_wasd.egg-info/entry_points.txt
writing requirements to ../../build/robot_wasd/robot_wasd.egg-info/requires.txt
writing top-level names to ../../build/robot_wasd/robot_wasd.egg-info/top_level.txt
reading manifest file '../../build/robot_wasd/robot_wasd.egg-info/SOURCES.txt'
adding license file 'LICENSE'
writing manifest file '../../build/robot_wasd/robot_wasd.egg-info/SOURCES.txt'
running build
running build_py
creating /home/marco/ros2_ws/build/robot_wasd/build
creating /home/marco/ros2_ws/build/robot_wasd/build/lib
creating /home/marco/ros2_ws/build/robot_wasd/build/lib/robot_wasd
copying robot_wasd/publisher_fun.py -> /home/marco/ros2_ws/build/robot_wasd/build/lib/robot_wasd
copying robot_wasd/__init__.py -> /home/marco/ros2_ws/build/robot_wasd/build/lib/robot_wasd
running install
running install_lib
creating /home/marco/ros2_ws/install/robot_wasd/lib/python3.12/site-packages/robot_wasd
copying /home/marco/ros2_ws/build/robot_wasd/build/lib/robot_wasd/publisher_fun.py -> /home/marco/ros2_ws/install/robot_wasd/lib/python3.12/site-packages/robot_wasd
copying /home/marco/ros2_ws/build/robot_wasd/build/lib/robot_wasd/__init__.py -> /home/marco/ros2_ws/install/robot_wasd/lib/python3.12/site-packages/robot_wasd
byte-compiling /home/marco/ros2_ws/install/robot_wasd/lib/python3.12/site-packages/robot_wasd/publisher_fun.py to publisher_fun.cpython-312.pyc
byte-compiling /home/marco/ros2_ws/install/robot_wasd/lib/python3.12/site-packages/robot_wasd/__init__.py to __init__.cpython-312.pyc
running install_data
copying resource/robot_wasd -> /home/marco/ros2_ws/install/robot_wasd/share/ament_index/resource_index/packages
copying package.xml -> /home/marco/ros2_ws/install/robot_wasd/share/robot_wasd
copying robot_wasd/launch/rob.launch.py -> /home/marco/ros2_ws/install/robot_wasd/share/robot_wasd/launch
copying robot_wasd/urdf/robot_plan.urdf -> /home/marco/ros2_ws/install/robot_wasd/share/robot_wasd/urdf
copying robot_wasd/rviz/view.rviz -> /home/marco/ros2_ws/install/robot_wasd/share/robot_wasd/rviz
running install_egg_info
Copying ../../build/robot_wasd/robot_wasd.egg-info to /home/marco/ros2_ws/install/robot_wasd/lib/python3.12/site-packages/robot_wasd-0.0.0-py3.12.egg-info
running install_scripts
Installing main_node script to /home/marco/ros2_ws/install/robot_wasd/lib/robot_wasd
writing list of installed files to '/home/marco/ros2_ws/build/robot_wasd/install.log'
