[0.915s] Invoking command in '/home/marco/ros2_ws/build/robot_wasd': DEBUGINFOD_URLS=https://debuginfod.ubuntu.com PYTHONPATH=/home/marco/ros2_ws/build/robot_wasd/prefix_override:/usr/lib/python3/dist-packages/colcon_core/task/python/colcon_distutils_commands:/home/marco/ros2_ws/install/robot_wasd/lib/python3.12/site-packages:${PYTHONPATH} /usr/bin/python3 -W ignore:setup.py install is deprecated -W ignore:easy_install command is deprecated setup.py develop --uninstall --editable --build-directory /home/marco/ros2_ws/build/robot_wasd/build
[1.093s] running develop
[1.195s] Removing /home/marco/ros2_ws/install/robot_wasd/lib/python3.12/site-packages/robot-wasd.egg-link (link to .)
[1.223s] Invoked command in '/home/marco/ros2_ws/build/robot_wasd' returned '0': DEBUGINFOD_URLS=https://debuginfod.ubuntu.com PYTHONPATH=/home/marco/ros2_ws/build/robot_wasd/prefix_override:/usr/lib/python3/dist-packages/colcon_core/task/python/colcon_distutils_commands:/home/marco/ros2_ws/install/robot_wasd/lib/python3.12/site-packages:${PYTHONPATH} /usr/bin/python3 -W ignore:setup.py install is deprecated -W ignore:easy_install command is deprecated setup.py develop --uninstall --editable --build-directory /home/marco/ros2_ws/build/robot_wasd/build
[1.224s] Invoking command in '/home/marco/ros2_ws/src/robot_wasd': DEBUGINFOD_URLS=https://debuginfod.ubuntu.com PYTHONPATH=/home/marco/ros2_ws/build/robot_wasd/prefix_override:/usr/lib/python3/dist-packages/colcon_core/task/python/colcon_distutils_commands:/home/marco/ros2_ws/install/robot_wasd/lib/python3.12/site-packages:${PYTHONPATH} /usr/bin/python3 -W ignore:setup.py install is deprecated -W ignore:easy_install command is deprecated setup.py egg_info --egg-base ../../build/robot_wasd build --build-base /home/marco/ros2_ws/build/robot_wasd/build install --record /home/marco/ros2_ws/build/robot_wasd/install.log --single-version-externally-managed install_data --force
[1.375s] running egg_info
[1.385s] writing ../../build/robot_wasd/robot_wasd.egg-info/PKG-INFO
[1.385s] writing dependency_links to ../../build/robot_wasd/robot_wasd.egg-info/dependency_links.txt
[1.385s] writing entry points to ../../build/robot_wasd/robot_wasd.egg-info/entry_points.txt
[1.385s] writing requirements to ../../build/robot_wasd/robot_wasd.egg-info/requires.txt
[1.385s] writing top-level names to ../../build/robot_wasd/robot_wasd.egg-info/top_level.txt
[1.405s] reading manifest file '../../build/robot_wasd/robot_wasd.egg-info/SOURCES.txt'
[1.405s] adding license file 'LICENSE'
[1.406s] writing manifest file '../../build/robot_wasd/robot_wasd.egg-info/SOURCES.txt'
[1.406s] running build
[1.406s] running build_py
[1.406s] creating /home/marco/ros2_ws/build/robot_wasd/build
[1.406s] creating /home/marco/ros2_ws/build/robot_wasd/build/lib
[1.406s] creating /home/marco/ros2_ws/build/robot_wasd/build/lib/robot_wasd
[1.406s] copying robot_wasd/publisher_fun.py -> /home/marco/ros2_ws/build/robot_wasd/build/lib/robot_wasd
[1.406s] copying robot_wasd/__init__.py -> /home/marco/ros2_ws/build/robot_wasd/build/lib/robot_wasd
[1.406s] running install
[1.410s] running install_lib
[1.420s] creating /home/marco/ros2_ws/install/robot_wasd/lib/python3.12/site-packages/robot_wasd
[1.420s] copying /home/marco/ros2_ws/build/robot_wasd/build/lib/robot_wasd/publisher_fun.py -> /home/marco/ros2_ws/install/robot_wasd/lib/python3.12/site-packages/robot_wasd
[1.420s] copying /home/marco/ros2_ws/build/robot_wasd/build/lib/robot_wasd/__init__.py -> /home/marco/ros2_ws/install/robot_wasd/lib/python3.12/site-packages/robot_wasd
[1.420s] byte-compiling /home/marco/ros2_ws/install/robot_wasd/lib/python3.12/site-packages/robot_wasd/publisher_fun.py to publisher_fun.cpython-312.pyc
[1.421s] byte-compiling /home/marco/ros2_ws/install/robot_wasd/lib/python3.12/site-packages/robot_wasd/__init__.py to __init__.cpython-312.pyc
[1.421s] running install_data
[1.421s] copying resource/robot_wasd -> /home/marco/ros2_ws/install/robot_wasd/share/ament_index/resource_index/packages
[1.421s] copying package.xml -> /home/marco/ros2_ws/install/robot_wasd/share/robot_wasd
[1.422s] copying robot_wasd/launch/rob.launch.py -> /home/marco/ros2_ws/install/robot_wasd/share/robot_wasd/launch
[1.422s] copying robot_wasd/urdf/robot_plan.urdf -> /home/marco/ros2_ws/install/robot_wasd/share/robot_wasd/urdf
[1.422s] copying robot_wasd/rviz/view.rviz -> /home/marco/ros2_ws/install/robot_wasd/share/robot_wasd/rviz
[1.422s] running install_egg_info
[1.432s] Copying ../../build/robot_wasd/robot_wasd.egg-info to /home/marco/ros2_ws/install/robot_wasd/lib/python3.12/site-packages/robot_wasd-0.0.0-py3.12.egg-info
[1.433s] running install_scripts
[1.504s] Installing main_node script to /home/marco/ros2_ws/install/robot_wasd/lib/robot_wasd
[1.505s] writing list of installed files to '/home/marco/ros2_ws/build/robot_wasd/install.log'
[1.528s] Invoked command in '/home/marco/ros2_ws/src/robot_wasd' returned '0': DEBUGINFOD_URLS=https://debuginfod.ubuntu.com PYTHONPATH=/home/marco/ros2_ws/build/robot_wasd/prefix_override:/usr/lib/python3/dist-packages/colcon_core/task/python/colcon_distutils_commands:/home/marco/ros2_ws/install/robot_wasd/lib/python3.12/site-packages:${PYTHONPATH} /usr/bin/python3 -W ignore:setup.py install is deprecated -W ignore:easy_install command is deprecated setup.py egg_info --egg-base ../../build/robot_wasd build --build-base /home/marco/ros2_ws/build/robot_wasd/build install --record /home/marco/ros2_ws/build/robot_wasd/install.log --single-version-externally-managed install_data --force
