[0.921s] Invoking command in '/home/marco/ros2_ws/build/6dof_package': DEBUGINFOD_URLS=https://debuginfod.ubuntu.com PYTHONPATH=/home/marco/ros2_ws/build/6dof_package/prefix_override:/usr/lib/python3/dist-packages/colcon_core/task/python/colcon_distutils_commands:/home/marco/ros2_ws/install/6dof_package/lib/python3.12/site-packages:${PYTHONPATH} /usr/bin/python3 -W ignore:setup.py install is deprecated -W ignore:easy_install command is deprecated setup.py develop --uninstall --editable --build-directory /home/marco/ros2_ws/build/6dof_package/build
[1.097s] running develop
[1.200s] Removing /home/marco/ros2_ws/install/6dof_package/lib/python3.12/site-packages/6dof-package.egg-link (link to .)
[1.226s] Invoked command in '/home/marco/ros2_ws/build/6dof_package' returned '0': DEBUGINFOD_URLS=https://debuginfod.ubuntu.com PYTHONPATH=/home/marco/ros2_ws/build/6dof_package/prefix_override:/usr/lib/python3/dist-packages/colcon_core/task/python/colcon_distutils_commands:/home/marco/ros2_ws/install/6dof_package/lib/python3.12/site-packages:${PYTHONPATH} /usr/bin/python3 -W ignore:setup.py install is deprecated -W ignore:easy_install command is deprecated setup.py develop --uninstall --editable --build-directory /home/marco/ros2_ws/build/6dof_package/build
[1.227s] Invoking command in '/home/marco/ros2_ws/src/6dof_package': DEBUGINFOD_URLS=https://debuginfod.ubuntu.com PYTHONPATH=/home/marco/ros2_ws/build/6dof_package/prefix_override:/usr/lib/python3/dist-packages/colcon_core/task/python/colcon_distutils_commands:/home/marco/ros2_ws/install/6dof_package/lib/python3.12/site-packages:${PYTHONPATH} /usr/bin/python3 -W ignore:setup.py install is deprecated -W ignore:easy_install command is deprecated setup.py egg_info --egg-base ../../build/6dof_package build --build-base /home/marco/ros2_ws/build/6dof_package/build install --record /home/marco/ros2_ws/build/6dof_package/install.log --single-version-externally-managed install_data --force
[1.380s] running egg_info
[1.389s] writing ../../build/6dof_package/6dof_package.egg-info/PKG-INFO
[1.389s] writing dependency_links to ../../build/6dof_package/6dof_package.egg-info/dependency_links.txt
[1.389s] writing entry points to ../../build/6dof_package/6dof_package.egg-info/entry_points.txt
[1.390s] writing requirements to ../../build/6dof_package/6dof_package.egg-info/requires.txt
[1.390s] writing top-level names to ../../build/6dof_package/6dof_package.egg-info/top_level.txt
[1.410s] reading manifest file '../../build/6dof_package/6dof_package.egg-info/SOURCES.txt'
[1.410s] adding license file 'LICENSE'
[1.410s] writing manifest file '../../build/6dof_package/6dof_package.egg-info/SOURCES.txt'
[1.410s] running build
[1.410s] running build_py
[1.410s] creating /home/marco/ros2_ws/build/6dof_package/build
[1.410s] creating /home/marco/ros2_ws/build/6dof_package/build/lib
[1.410s] creating /home/marco/ros2_ws/build/6dof_package/build/lib/6dof_package
[1.410s] copying 6dof_package/__init__.py -> /home/marco/ros2_ws/build/6dof_package/build/lib/6dof_package
[1.410s] copying 6dof_package/6dof_node.py -> /home/marco/ros2_ws/build/6dof_package/build/lib/6dof_package
[1.410s] running install
[1.414s] running install_lib
[1.424s] creating /home/marco/ros2_ws/install/6dof_package/lib/python3.12/site-packages/6dof_package
[1.424s] copying /home/marco/ros2_ws/build/6dof_package/build/lib/6dof_package/__init__.py -> /home/marco/ros2_ws/install/6dof_package/lib/python3.12/site-packages/6dof_package
[1.424s] copying /home/marco/ros2_ws/build/6dof_package/build/lib/6dof_package/6dof_node.py -> /home/marco/ros2_ws/install/6dof_package/lib/python3.12/site-packages/6dof_package
[1.425s] byte-compiling /home/marco/ros2_ws/install/6dof_package/lib/python3.12/site-packages/6dof_package/__init__.py to __init__.cpython-312.pyc
[1.425s] byte-compiling /home/marco/ros2_ws/install/6dof_package/lib/python3.12/site-packages/6dof_package/6dof_node.py to 6dof_node.cpython-312.pyc
[1.425s] running install_data
[1.425s] copying resource/6dof_package -> /home/marco/ros2_ws/install/6dof_package/share/ament_index/resource_index/packages
[1.425s] copying package.xml -> /home/marco/ros2_ws/install/6dof_package/share/6dof_package
[1.425s] copying 6dof_package/launch/6dof.launch.py -> /home/marco/ros2_ws/install/6dof_package/share/6dof_package/launch
[1.425s] copying 6dof_package/urdf/robot_6dof.urdf -> /home/marco/ros2_ws/install/6dof_package/share/6dof_package/urdf
[1.425s] copying 6dof_package/urdf/cylinder.urdf.disable -> /home/marco/ros2_ws/install/6dof_package/share/6dof_package/urdf
[1.425s] copying 6dof_package/rviz/view.rviz.disable -> /home/marco/ros2_ws/install/6dof_package/share/6dof_package/rviz
[1.425s] copying 6dof_package/rviz/view.rviz -> /home/marco/ros2_ws/install/6dof_package/share/6dof_package/rviz
[1.425s] running install_egg_info
[1.436s] Copying ../../build/6dof_package/6dof_package.egg-info to /home/marco/ros2_ws/install/6dof_package/lib/python3.12/site-packages/6dof_package-0.0.0-py3.12.egg-info
[1.437s] running install_scripts
[1.508s] Installing 6dof_node script to /home/marco/ros2_ws/install/6dof_package/lib/6dof_package
[1.508s] writing list of installed files to '/home/marco/ros2_ws/build/6dof_package/install.log'
[1.530s] Invoked command in '/home/marco/ros2_ws/src/6dof_package' returned '0': DEBUGINFOD_URLS=https://debuginfod.ubuntu.com PYTHONPATH=/home/marco/ros2_ws/build/6dof_package/prefix_override:/usr/lib/python3/dist-packages/colcon_core/task/python/colcon_distutils_commands:/home/marco/ros2_ws/install/6dof_package/lib/python3.12/site-packages:${PYTHONPATH} /usr/bin/python3 -W ignore:setup.py install is deprecated -W ignore:easy_install command is deprecated setup.py egg_info --egg-base ../../build/6dof_package build --build-base /home/marco/ros2_ws/build/6dof_package/build install --record /home/marco/ros2_ws/build/6dof_package/install.log --single-version-externally-managed install_data --force
