[0.937s] Invoking command in '/home/marco/ros2_ws/src/6dof_package': DEBUGINFOD_URLS=https://debuginfod.ubuntu.com PYTHONPATH=/home/marco/ros2_ws/build/6dof_package/prefix_override:/usr/lib/python3/dist-packages/colcon_core/task/python/colcon_distutils_commands:/home/marco/ros2_ws/install/6dof_package/lib/python3.12/site-packages:${PYTHONPATH} /usr/bin/python3 -W ignore:setup.py install is deprecated -W ignore:easy_install command is deprecated setup.py egg_info --egg-base ../../build/6dof_package build --build-base /home/marco/ros2_ws/build/6dof_package/build install --record /home/marco/ros2_ws/build/6dof_package/install.log --single-version-externally-managed install_data
[1.092s] running egg_info
[1.102s] writing ../../build/6dof_package/6dof_package.egg-info/PKG-INFO
[1.102s] writing dependency_links to ../../build/6dof_package/6dof_package.egg-info/dependency_links.txt
[1.102s] writing entry points to ../../build/6dof_package/6dof_package.egg-info/entry_points.txt
[1.102s] writing requirements to ../../build/6dof_package/6dof_package.egg-info/requires.txt
[1.102s] writing top-level names to ../../build/6dof_package/6dof_package.egg-info/top_level.txt
[1.124s] reading manifest file '../../build/6dof_package/6dof_package.egg-info/SOURCES.txt'
[1.124s] adding license file 'LICENSE'
[1.125s] writing manifest file '../../build/6dof_package/6dof_package.egg-info/SOURCES.txt'
[1.125s] running build
[1.125s] running build_py
[1.125s] running install
[1.129s] running install_lib
[1.139s] creating /home/marco/ros2_ws/install/6dof_package/lib/python3.12/site-packages/6dof_package
[1.139s] copying /home/marco/ros2_ws/build/6dof_package/build/lib/6dof_package/__init__.py -> /home/marco/ros2_ws/install/6dof_package/lib/python3.12/site-packages/6dof_package
[1.139s] copying /home/marco/ros2_ws/build/6dof_package/build/lib/6dof_package/6dof_node.py -> /home/marco/ros2_ws/install/6dof_package/lib/python3.12/site-packages/6dof_package
[1.139s] byte-compiling /home/marco/ros2_ws/install/6dof_package/lib/python3.12/site-packages/6dof_package/__init__.py to __init__.cpython-312.pyc
[1.140s] byte-compiling /home/marco/ros2_ws/install/6dof_package/lib/python3.12/site-packages/6dof_package/6dof_node.py to 6dof_node.cpython-312.pyc
[1.140s] running install_data
[1.140s] creating /home/marco/ros2_ws/install/6dof_package/share/ament_index
[1.140s] creating /home/marco/ros2_ws/install/6dof_package/share/ament_index/resource_index
[1.140s] creating /home/marco/ros2_ws/install/6dof_package/share/ament_index/resource_index/packages
[1.140s] copying resource/6dof_package -> /home/marco/ros2_ws/install/6dof_package/share/ament_index/resource_index/packages
[1.140s] copying package.xml -> /home/marco/ros2_ws/install/6dof_package/share/6dof_package
[1.140s] creating /home/marco/ros2_ws/install/6dof_package/share/6dof_package/launch
[1.140s] copying 6dof_package/launch/6dof.launch.py -> /home/marco/ros2_ws/install/6dof_package/share/6dof_package/launch
[1.140s] creating /home/marco/ros2_ws/install/6dof_package/share/6dof_package/urdf
[1.140s] copying 6dof_package/urdf/robot_6dof.urdf -> /home/marco/ros2_ws/install/6dof_package/share/6dof_package/urdf
[1.140s] copying 6dof_package/urdf/cylinder.urdf.disable -> /home/marco/ros2_ws/install/6dof_package/share/6dof_package/urdf
[1.140s] creating /home/marco/ros2_ws/install/6dof_package/share/6dof_package/rviz
[1.141s] copying 6dof_package/rviz/view.rviz.disable -> /home/marco/ros2_ws/install/6dof_package/share/6dof_package/rviz
[1.141s] copying 6dof_package/rviz/view.rviz -> /home/marco/ros2_ws/install/6dof_package/share/6dof_package/rviz
[1.141s] running install_egg_info
[1.151s] Copying ../../build/6dof_package/6dof_package.egg-info to /home/marco/ros2_ws/install/6dof_package/lib/python3.12/site-packages/6dof_package-0.0.0-py3.12.egg-info
[1.152s] running install_scripts
[1.224s] Installing 6dof_node script to /home/marco/ros2_ws/install/6dof_package/lib/6dof_package
[1.224s] writing list of installed files to '/home/marco/ros2_ws/build/6dof_package/install.log'
[1.251s] Invoked command in '/home/marco/ros2_ws/src/6dof_package' returned '0': DEBUGINFOD_URLS=https://debuginfod.ubuntu.com PYTHONPATH=/home/marco/ros2_ws/build/6dof_package/prefix_override:/usr/lib/python3/dist-packages/colcon_core/task/python/colcon_distutils_commands:/home/marco/ros2_ws/install/6dof_package/lib/python3.12/site-packages:${PYTHONPATH} /usr/bin/python3 -W ignore:setup.py install is deprecated -W ignore:easy_install command is deprecated setup.py egg_info --egg-base ../../build/6dof_package build --build-base /home/marco/ros2_ws/build/6dof_package/build install --record /home/marco/ros2_ws/build/6dof_package/install.log --single-version-externally-managed install_data
