[0.393s] DEBUG:colcon:Command line arguments: ['/usr/bin/colcon', 'build', '--symlink-install']
[0.393s] DEBUG:colcon:Parsed command line arguments: Namespace(log_base=None, log_level=None, verb_name='build', build_base='build', install_base='install', merge_install=False, symlink_install=True, test_result_base=None, continue_on_error=False, executor='parallel', parallel_workers=16, event_handlers=None, ignore_user_meta=False, metas=['./colcon.meta'], base_paths=['.'], packages_ignore=None, packages_ignore_regex=None, paths=None, packages_up_to=None, packages_up_to_regex=None, packages_above=None, packages_above_and_dependencies=None, packages_above_depth=None, packages_select_by_dep=None, packages_skip_by_dep=None, packages_skip_up_to=None, packages_select_build_failed=False, packages_skip_build_finished=False, packages_select_test_failures=False, packages_skip_test_passed=False, packages_select=None, packages_skip=None, packages_select_regex=None, packages_skip_regex=None, packages_start=None, packages_end=None, allow_overriding=[], cmake_args=None, cmake_target=None, cmake_target_skip_unavailable=False, cmake_clean_cache=False, cmake_clean_first=False, cmake_force_configure=False, ament_cmake_args=None, catkin_cmake_args=None, catkin_skip_building_tests=False, verb_parser=<colcon_defaults.argument_parser.defaults.DefaultArgumentsDecorator object at 0x78420c377560>, verb_extension=<colcon_core.verb.build.BuildVerb object at 0x78420c31e9c0>, main=<bound method BuildVerb.main of <colcon_core.verb.build.BuildVerb object at 0x78420c31e9c0>>)
[0.536s] Level 1:colcon.colcon_core.package_discovery:discover_packages(colcon_meta) check parameters
[0.536s] Level 1:colcon.colcon_core.package_discovery:discover_packages(recursive) check parameters
[0.536s] Level 1:colcon.colcon_core.package_discovery:discover_packages(ignore) check parameters
[0.536s] Level 1:colcon.colcon_core.package_discovery:discover_packages(path) check parameters
[0.536s] Level 1:colcon.colcon_core.package_discovery:discover_packages(colcon_meta) discover
[0.536s] Level 1:colcon.colcon_core.package_discovery:discover_packages(recursive) discover
[0.536s] INFO:colcon.colcon_core.package_discovery:Crawling recursively for packages in '/home/marco/ros2_ws'
[0.536s] Level 1:colcon.colcon_core.package_identification:_identify(.) by extensions ['ignore', 'ignore_ament_install']
[0.536s] Level 1:colcon.colcon_core.package_identification:_identify(.) by extension 'ignore'
[0.536s] Level 1:colcon.colcon_core.package_identification:_identify(.) by extension 'ignore_ament_install'
[0.537s] Level 1:colcon.colcon_core.package_identification:_identify(.) by extensions ['colcon_pkg']
[0.537s] Level 1:colcon.colcon_core.package_identification:_identify(.) by extension 'colcon_pkg'
[0.537s] Level 1:colcon.colcon_core.package_identification:_identify(.) by extensions ['colcon_meta']
[0.537s] Level 1:colcon.colcon_core.package_identification:_identify(.) by extension 'colcon_meta'
[0.537s] Level 1:colcon.colcon_core.package_identification:_identify(.) by extensions ['ros']
[0.537s] Level 1:colcon.colcon_core.package_identification:_identify(.) by extension 'ros'
[0.567s] Level 1:colcon.colcon_core.package_identification:_identify(.) by extensions ['cmake', 'python']
[0.567s] Level 1:colcon.colcon_core.package_identification:_identify(.) by extension 'cmake'
[0.567s] Level 1:colcon.colcon_core.package_identification:_identify(.) by extension 'python'
[0.567s] Level 1:colcon.colcon_core.package_identification:_identify(.) by extensions ['python_setup_py']
[0.567s] Level 1:colcon.colcon_core.package_identification:_identify(.) by extension 'python_setup_py'
[0.567s] Level 1:colcon.colcon_core.package_identification:_identify(build) by extensions ['ignore', 'ignore_ament_install']
[0.567s] Level 1:colcon.colcon_core.package_identification:_identify(build) by extension 'ignore'
[0.567s] Level 1:colcon.colcon_core.package_identification:_identify(build) ignored
[0.568s] Level 1:colcon.colcon_core.package_identification:_identify(install) by extensions ['ignore', 'ignore_ament_install']
[0.568s] Level 1:colcon.colcon_core.package_identification:_identify(install) by extension 'ignore'
[0.568s] Level 1:colcon.colcon_core.package_identification:_identify(install) ignored
[0.570s] Level 1:colcon.colcon_core.package_identification:_identify(log) by extensions ['ignore', 'ignore_ament_install']
[0.571s] Level 1:colcon.colcon_core.package_identification:_identify(log) by extension 'ignore'
[0.571s] Level 1:colcon.colcon_core.package_identification:_identify(log) ignored
[0.571s] Level 1:colcon.colcon_core.package_identification:_identify(src) by extensions ['ignore', 'ignore_ament_install']
[0.571s] Level 1:colcon.colcon_core.package_identification:_identify(src) by extension 'ignore'
[0.571s] Level 1:colcon.colcon_core.package_identification:_identify(src) by extension 'ignore_ament_install'
[0.571s] Level 1:colcon.colcon_core.package_identification:_identify(src) by extensions ['colcon_pkg']
[0.571s] Level 1:colcon.colcon_core.package_identification:_identify(src) by extension 'colcon_pkg'
[0.571s] Level 1:colcon.colcon_core.package_identification:_identify(src) by extensions ['colcon_meta']
[0.571s] Level 1:colcon.colcon_core.package_identification:_identify(src) by extension 'colcon_meta'
[0.571s] Level 1:colcon.colcon_core.package_identification:_identify(src) by extensions ['ros']
[0.571s] Level 1:colcon.colcon_core.package_identification:_identify(src) by extension 'ros'
[0.571s] Level 1:colcon.colcon_core.package_identification:_identify(src) by extensions ['cmake', 'python']
[0.571s] Level 1:colcon.colcon_core.package_identification:_identify(src) by extension 'cmake'
[0.571s] Level 1:colcon.colcon_core.package_identification:_identify(src) by extension 'python'
[0.571s] Level 1:colcon.colcon_core.package_identification:_identify(src) by extensions ['python_setup_py']
[0.571s] Level 1:colcon.colcon_core.package_identification:_identify(src) by extension 'python_setup_py'
[0.571s] Level 1:colcon.colcon_core.package_identification:_identify(src/6dof_package) by extensions ['ignore', 'ignore_ament_install']
[0.571s] Level 1:colcon.colcon_core.package_identification:_identify(src/6dof_package) by extension 'ignore'
[0.572s] Level 1:colcon.colcon_core.package_identification:_identify(src/6dof_package) by extension 'ignore_ament_install'
[0.572s] Level 1:colcon.colcon_core.package_identification:_identify(src/6dof_package) by extensions ['colcon_pkg']
[0.572s] Level 1:colcon.colcon_core.package_identification:_identify(src/6dof_package) by extension 'colcon_pkg'
[0.572s] Level 1:colcon.colcon_core.package_identification:_identify(src/6dof_package) by extensions ['colcon_meta']
[0.572s] Level 1:colcon.colcon_core.package_identification:_identify(src/6dof_package) by extension 'colcon_meta'
[0.572s] Level 1:colcon.colcon_core.package_identification:_identify(src/6dof_package) by extensions ['ros']
[0.572s] Level 1:colcon.colcon_core.package_identification:_identify(src/6dof_package) by extension 'ros'
[0.574s] DEBUG:colcon.colcon_core.package_identification:Package 'src/6dof_package' with type 'ros.ament_python' and name '6dof_package'
[0.575s] Level 1:colcon.colcon_core.package_identification:_identify(src/prova_gz) by extensions ['ignore', 'ignore_ament_install']
[0.575s] Level 1:colcon.colcon_core.package_identification:_identify(src/prova_gz) by extension 'ignore'
[0.575s] Level 1:colcon.colcon_core.package_identification:_identify(src/prova_gz) by extension 'ignore_ament_install'
[0.575s] Level 1:colcon.colcon_core.package_identification:_identify(src/prova_gz) by extensions ['colcon_pkg']
[0.575s] Level 1:colcon.colcon_core.package_identification:_identify(src/prova_gz) by extension 'colcon_pkg'
[0.575s] Level 1:colcon.colcon_core.package_identification:_identify(src/prova_gz) by extensions ['colcon_meta']
[0.575s] Level 1:colcon.colcon_core.package_identification:_identify(src/prova_gz) by extension 'colcon_meta'
[0.575s] Level 1:colcon.colcon_core.package_identification:_identify(src/prova_gz) by extensions ['ros']
[0.575s] Level 1:colcon.colcon_core.package_identification:_identify(src/prova_gz) by extension 'ros'
[0.575s] DEBUG:colcon.colcon_core.package_identification:Package 'src/prova_gz' with type 'ros.ament_python' and name 'prova_gz'
[0.576s] Level 1:colcon.colcon_core.package_identification:_identify(src/robot_plan_1dof) by extensions ['ignore', 'ignore_ament_install']
[0.576s] Level 1:colcon.colcon_core.package_identification:_identify(src/robot_plan_1dof) by extension 'ignore'
[0.576s] Level 1:colcon.colcon_core.package_identification:_identify(src/robot_plan_1dof) by extension 'ignore_ament_install'
[0.576s] Level 1:colcon.colcon_core.package_identification:_identify(src/robot_plan_1dof) by extensions ['colcon_pkg']
[0.576s] Level 1:colcon.colcon_core.package_identification:_identify(src/robot_plan_1dof) by extension 'colcon_pkg'
[0.576s] Level 1:colcon.colcon_core.package_identification:_identify(src/robot_plan_1dof) by extensions ['colcon_meta']
[0.576s] Level 1:colcon.colcon_core.package_identification:_identify(src/robot_plan_1dof) by extension 'colcon_meta'
[0.576s] Level 1:colcon.colcon_core.package_identification:_identify(src/robot_plan_1dof) by extensions ['ros']
[0.576s] Level 1:colcon.colcon_core.package_identification:_identify(src/robot_plan_1dof) by extension 'ros'
[0.576s] DEBUG:colcon.colcon_core.package_identification:Package 'src/robot_plan_1dof' with type 'ros.ament_python' and name 'robot_plan_1dof'
[0.577s] Level 1:colcon.colcon_core.package_identification:_identify(src/robot_square) by extensions ['ignore', 'ignore_ament_install']
[0.577s] Level 1:colcon.colcon_core.package_identification:_identify(src/robot_square) by extension 'ignore'
[0.577s] Level 1:colcon.colcon_core.package_identification:_identify(src/robot_square) by extension 'ignore_ament_install'
[0.577s] Level 1:colcon.colcon_core.package_identification:_identify(src/robot_square) by extensions ['colcon_pkg']
[0.577s] Level 1:colcon.colcon_core.package_identification:_identify(src/robot_square) by extension 'colcon_pkg'
[0.577s] Level 1:colcon.colcon_core.package_identification:_identify(src/robot_square) by extensions ['colcon_meta']
[0.577s] Level 1:colcon.colcon_core.package_identification:_identify(src/robot_square) by extension 'colcon_meta'
[0.577s] Level 1:colcon.colcon_core.package_identification:_identify(src/robot_square) by extensions ['ros']
[0.577s] Level 1:colcon.colcon_core.package_identification:_identify(src/robot_square) by extension 'ros'
[0.577s] DEBUG:colcon.colcon_core.package_identification:Package 'src/robot_square' with type 'ros.ament_python' and name 'robot_square'
[0.577s] Level 1:colcon.colcon_core.package_identification:_identify(src/robot_wasd) by extensions ['ignore', 'ignore_ament_install']
[0.578s] Level 1:colcon.colcon_core.package_identification:_identify(src/robot_wasd) by extension 'ignore'
[0.578s] Level 1:colcon.colcon_core.package_identification:_identify(src/robot_wasd) by extension 'ignore_ament_install'
[0.578s] Level 1:colcon.colcon_core.package_identification:_identify(src/robot_wasd) by extensions ['colcon_pkg']
[0.578s] Level 1:colcon.colcon_core.package_identification:_identify(src/robot_wasd) by extension 'colcon_pkg'
[0.578s] Level 1:colcon.colcon_core.package_identification:_identify(src/robot_wasd) by extensions ['colcon_meta']
[0.578s] Level 1:colcon.colcon_core.package_identification:_identify(src/robot_wasd) by extension 'colcon_meta'
[0.578s] Level 1:colcon.colcon_core.package_identification:_identify(src/robot_wasd) by extensions ['ros']
[0.578s] Level 1:colcon.colcon_core.package_identification:_identify(src/robot_wasd) by extension 'ros'
[0.578s] DEBUG:colcon.colcon_core.package_identification:Package 'src/robot_wasd' with type 'ros.ament_python' and name 'robot_wasd'
[0.578s] Level 1:colcon.colcon_core.package_identification:_identify(src/urdf_tutorial) by extensions ['ignore', 'ignore_ament_install']
[0.579s] Level 1:colcon.colcon_core.package_identification:_identify(src/urdf_tutorial) by extension 'ignore'
[0.579s] Level 1:colcon.colcon_core.package_identification:_identify(src/urdf_tutorial) by extension 'ignore_ament_install'
[0.579s] Level 1:colcon.colcon_core.package_identification:_identify(src/urdf_tutorial) by extensions ['colcon_pkg']
[0.579s] Level 1:colcon.colcon_core.package_identification:_identify(src/urdf_tutorial) by extension 'colcon_pkg'
[0.579s] Level 1:colcon.colcon_core.package_identification:_identify(src/urdf_tutorial) by extensions ['colcon_meta']
[0.579s] Level 1:colcon.colcon_core.package_identification:_identify(src/urdf_tutorial) by extension 'colcon_meta'
[0.579s] Level 1:colcon.colcon_core.package_identification:_identify(src/urdf_tutorial) by extensions ['ros']
[0.579s] Level 1:colcon.colcon_core.package_identification:_identify(src/urdf_tutorial) by extension 'ros'
[0.579s] DEBUG:colcon.colcon_core.package_identification:Package 'src/urdf_tutorial' with type 'ros.ament_cmake' and name 'urdf_tutorial'
[0.580s] Level 1:colcon.colcon_core.package_identification:_identify(src/utils) by extensions ['ignore', 'ignore_ament_install']
[0.580s] Level 1:colcon.colcon_core.package_identification:_identify(src/utils) by extension 'ignore'
[0.580s] Level 1:colcon.colcon_core.package_identification:_identify(src/utils) by extension 'ignore_ament_install'
[0.580s] Level 1:colcon.colcon_core.package_identification:_identify(src/utils) by extensions ['colcon_pkg']
[0.580s] Level 1:colcon.colcon_core.package_identification:_identify(src/utils) by extension 'colcon_pkg'
[0.580s] Level 1:colcon.colcon_core.package_identification:_identify(src/utils) by extensions ['colcon_meta']
[0.580s] Level 1:colcon.colcon_core.package_identification:_identify(src/utils) by extension 'colcon_meta'
[0.580s] Level 1:colcon.colcon_core.package_identification:_identify(src/utils) by extensions ['ros']
[0.580s] Level 1:colcon.colcon_core.package_identification:_identify(src/utils) by extension 'ros'
[0.580s] Level 1:colcon.colcon_core.package_identification:_identify(src/utils) by extensions ['cmake', 'python']
[0.580s] Level 1:colcon.colcon_core.package_identification:_identify(src/utils) by extension 'cmake'
[0.580s] Level 1:colcon.colcon_core.package_identification:_identify(src/utils) by extension 'python'
[0.580s] Level 1:colcon.colcon_core.package_identification:_identify(src/utils) by extensions ['python_setup_py']
[0.580s] Level 1:colcon.colcon_core.package_identification:_identify(src/utils) by extension 'python_setup_py'
[0.580s] Level 1:colcon.colcon_core.package_discovery:discover_packages(recursive) using defaults
[0.581s] Level 1:colcon.colcon_core.package_discovery:discover_packages(ignore) discover
[0.581s] Level 1:colcon.colcon_core.package_discovery:discover_packages(ignore) using defaults
[0.581s] Level 1:colcon.colcon_core.package_discovery:discover_packages(path) discover
[0.581s] Level 1:colcon.colcon_core.package_discovery:discover_packages(path) using defaults
[0.642s] Level 1:colcon.colcon_core.package_discovery:discover_packages(prefix_path) check parameters
[0.642s] Level 1:colcon.colcon_core.package_discovery:discover_packages(prefix_path) discover
[0.654s] DEBUG:colcon.colcon_installed_package_information.package_discovery:Found 6 installed packages in /home/marco/ros2_ws/install
[0.661s] DEBUG:colcon.colcon_installed_package_information.package_discovery:Found 318 installed packages in /opt/ros/jazzy
[0.667s] Level 1:colcon.colcon_core.package_discovery:discover_packages(prefix_path) using defaults
[0.730s] Level 5:colcon.colcon_core.verb:set package '6dof_package' build argument 'cmake_args' from command line to 'None'
[0.730s] Level 5:colcon.colcon_core.verb:set package '6dof_package' build argument 'cmake_target' from command line to 'None'
[0.730s] Level 5:colcon.colcon_core.verb:set package '6dof_package' build argument 'cmake_target_skip_unavailable' from command line to 'False'
[0.730s] Level 5:colcon.colcon_core.verb:set package '6dof_package' build argument 'cmake_clean_cache' from command line to 'False'
[0.730s] Level 5:colcon.colcon_core.verb:set package '6dof_package' build argument 'cmake_clean_first' from command line to 'False'
[0.730s] Level 5:colcon.colcon_core.verb:set package '6dof_package' build argument 'cmake_force_configure' from command line to 'False'
[0.730s] Level 5:colcon.colcon_core.verb:set package '6dof_package' build argument 'ament_cmake_args' from command line to 'None'
[0.730s] Level 5:colcon.colcon_core.verb:set package '6dof_package' build argument 'catkin_cmake_args' from command line to 'None'
[0.730s] Level 5:colcon.colcon_core.verb:set package '6dof_package' build argument 'catkin_skip_building_tests' from command line to 'False'
[0.730s] DEBUG:colcon.colcon_core.verb:Building package '6dof_package' with the following arguments: {'ament_cmake_args': None, 'build_base': '/home/marco/ros2_ws/build/6dof_package', 'catkin_cmake_args': None, 'catkin_skip_building_tests': False, 'cmake_args': None, 'cmake_clean_cache': False, 'cmake_clean_first': False, 'cmake_force_configure': False, 'cmake_target': None, 'cmake_target_skip_unavailable': False, 'install_base': '/home/marco/ros2_ws/install/6dof_package', 'merge_install': False, 'path': '/home/marco/ros2_ws/src/6dof_package', 'symlink_install': True, 'test_result_base': None}
[0.730s] Level 5:colcon.colcon_core.verb:set package 'prova_gz' build argument 'cmake_args' from command line to 'None'
[0.730s] Level 5:colcon.colcon_core.verb:set package 'prova_gz' build argument 'cmake_target' from command line to 'None'
[0.730s] Level 5:colcon.colcon_core.verb:set package 'prova_gz' build argument 'cmake_target_skip_unavailable' from command line to 'False'
[0.730s] Level 5:colcon.colcon_core.verb:set package 'prova_gz' build argument 'cmake_clean_cache' from command line to 'False'
[0.730s] Level 5:colcon.colcon_core.verb:set package 'prova_gz' build argument 'cmake_clean_first' from command line to 'False'
[0.730s] Level 5:colcon.colcon_core.verb:set package 'prova_gz' build argument 'cmake_force_configure' from command line to 'False'
[0.730s] Level 5:colcon.colcon_core.verb:set package 'prova_gz' build argument 'ament_cmake_args' from command line to 'None'
[0.730s] Level 5:colcon.colcon_core.verb:set package 'prova_gz' build argument 'catkin_cmake_args' from command line to 'None'
[0.730s] Level 5:colcon.colcon_core.verb:set package 'prova_gz' build argument 'catkin_skip_building_tests' from command line to 'False'
[0.730s] DEBUG:colcon.colcon_core.verb:Building package 'prova_gz' with the following arguments: {'ament_cmake_args': None, 'build_base': '/home/marco/ros2_ws/build/prova_gz', 'catkin_cmake_args': None, 'catkin_skip_building_tests': False, 'cmake_args': None, 'cmake_clean_cache': False, 'cmake_clean_first': False, 'cmake_force_configure': False, 'cmake_target': None, 'cmake_target_skip_unavailable': False, 'install_base': '/home/marco/ros2_ws/install/prova_gz', 'merge_install': False, 'path': '/home/marco/ros2_ws/src/prova_gz', 'symlink_install': True, 'test_result_base': None}
[0.731s] Level 5:colcon.colcon_core.verb:set package 'robot_plan_1dof' build argument 'cmake_args' from command line to 'None'
[0.731s] Level 5:colcon.colcon_core.verb:set package 'robot_plan_1dof' build argument 'cmake_target' from command line to 'None'
[0.731s] Level 5:colcon.colcon_core.verb:set package 'robot_plan_1dof' build argument 'cmake_target_skip_unavailable' from command line to 'False'
[0.731s] Level 5:colcon.colcon_core.verb:set package 'robot_plan_1dof' build argument 'cmake_clean_cache' from command line to 'False'
[0.731s] Level 5:colcon.colcon_core.verb:set package 'robot_plan_1dof' build argument 'cmake_clean_first' from command line to 'False'
[0.731s] Level 5:colcon.colcon_core.verb:set package 'robot_plan_1dof' build argument 'cmake_force_configure' from command line to 'False'
[0.731s] Level 5:colcon.colcon_core.verb:set package 'robot_plan_1dof' build argument 'ament_cmake_args' from command line to 'None'
[0.731s] Level 5:colcon.colcon_core.verb:set package 'robot_plan_1dof' build argument 'catkin_cmake_args' from command line to 'None'
[0.731s] Level 5:colcon.colcon_core.verb:set package 'robot_plan_1dof' build argument 'catkin_skip_building_tests' from command line to 'False'
[0.731s] DEBUG:colcon.colcon_core.verb:Building package 'robot_plan_1dof' with the following arguments: {'ament_cmake_args': None, 'build_base': '/home/marco/ros2_ws/build/robot_plan_1dof', 'catkin_cmake_args': None, 'catkin_skip_building_tests': False, 'cmake_args': None, 'cmake_clean_cache': False, 'cmake_clean_first': False, 'cmake_force_configure': False, 'cmake_target': None, 'cmake_target_skip_unavailable': False, 'install_base': '/home/marco/ros2_ws/install/robot_plan_1dof', 'merge_install': False, 'path': '/home/marco/ros2_ws/src/robot_plan_1dof', 'symlink_install': True, 'test_result_base': None}
[0.731s] Level 5:colcon.colcon_core.verb:set package 'robot_square' build argument 'cmake_args' from command line to 'None'
[0.731s] Level 5:colcon.colcon_core.verb:set package 'robot_square' build argument 'cmake_target' from command line to 'None'
[0.731s] Level 5:colcon.colcon_core.verb:set package 'robot_square' build argument 'cmake_target_skip_unavailable' from command line to 'False'
[0.731s] Level 5:colcon.colcon_core.verb:set package 'robot_square' build argument 'cmake_clean_cache' from command line to 'False'
[0.731s] Level 5:colcon.colcon_core.verb:set package 'robot_square' build argument 'cmake_clean_first' from command line to 'False'
[0.731s] Level 5:colcon.colcon_core.verb:set package 'robot_square' build argument 'cmake_force_configure' from command line to 'False'
[0.731s] Level 5:colcon.colcon_core.verb:set package 'robot_square' build argument 'ament_cmake_args' from command line to 'None'
[0.731s] Level 5:colcon.colcon_core.verb:set package 'robot_square' build argument 'catkin_cmake_args' from command line to 'None'
[0.731s] Level 5:colcon.colcon_core.verb:set package 'robot_square' build argument 'catkin_skip_building_tests' from command line to 'False'
[0.731s] DEBUG:colcon.colcon_core.verb:Building package 'robot_square' with the following arguments: {'ament_cmake_args': None, 'build_base': '/home/marco/ros2_ws/build/robot_square', 'catkin_cmake_args': None, 'catkin_skip_building_tests': False, 'cmake_args': None, 'cmake_clean_cache': False, 'cmake_clean_first': False, 'cmake_force_configure': False, 'cmake_target': None, 'cmake_target_skip_unavailable': False, 'install_base': '/home/marco/ros2_ws/install/robot_square', 'merge_install': False, 'path': '/home/marco/ros2_ws/src/robot_square', 'symlink_install': True, 'test_result_base': None}
[0.731s] Level 5:colcon.colcon_core.verb:set package 'robot_wasd' build argument 'cmake_args' from command line to 'None'
[0.731s] Level 5:colcon.colcon_core.verb:set package 'robot_wasd' build argument 'cmake_target' from command line to 'None'
[0.731s] Level 5:colcon.colcon_core.verb:set package 'robot_wasd' build argument 'cmake_target_skip_unavailable' from command line to 'False'
[0.732s] Level 5:colcon.colcon_core.verb:set package 'robot_wasd' build argument 'cmake_clean_cache' from command line to 'False'
[0.732s] Level 5:colcon.colcon_core.verb:set package 'robot_wasd' build argument 'cmake_clean_first' from command line to 'False'
[0.732s] Level 5:colcon.colcon_core.verb:set package 'robot_wasd' build argument 'cmake_force_configure' from command line to 'False'
[0.732s] Level 5:colcon.colcon_core.verb:set package 'robot_wasd' build argument 'ament_cmake_args' from command line to 'None'
[0.732s] Level 5:colcon.colcon_core.verb:set package 'robot_wasd' build argument 'catkin_cmake_args' from command line to 'None'
[0.732s] Level 5:colcon.colcon_core.verb:set package 'robot_wasd' build argument 'catkin_skip_building_tests' from command line to 'False'
[0.732s] DEBUG:colcon.colcon_core.verb:Building package 'robot_wasd' with the following arguments: {'ament_cmake_args': None, 'build_base': '/home/marco/ros2_ws/build/robot_wasd', 'catkin_cmake_args': None, 'catkin_skip_building_tests': False, 'cmake_args': None, 'cmake_clean_cache': False, 'cmake_clean_first': False, 'cmake_force_configure': False, 'cmake_target': None, 'cmake_target_skip_unavailable': False, 'install_base': '/home/marco/ros2_ws/install/robot_wasd', 'merge_install': False, 'path': '/home/marco/ros2_ws/src/robot_wasd', 'symlink_install': True, 'test_result_base': None}
[0.732s] Level 5:colcon.colcon_core.verb:set package 'urdf_tutorial' build argument 'cmake_args' from command line to 'None'
[0.732s] Level 5:colcon.colcon_core.verb:set package 'urdf_tutorial' build argument 'cmake_target' from command line to 'None'
[0.732s] Level 5:colcon.colcon_core.verb:set package 'urdf_tutorial' build argument 'cmake_target_skip_unavailable' from command line to 'False'
[0.732s] Level 5:colcon.colcon_core.verb:set package 'urdf_tutorial' build argument 'cmake_clean_cache' from command line to 'False'
[0.732s] Level 5:colcon.colcon_core.verb:set package 'urdf_tutorial' build argument 'cmake_clean_first' from command line to 'False'
[0.732s] Level 5:colcon.colcon_core.verb:set package 'urdf_tutorial' build argument 'cmake_force_configure' from command line to 'False'
[0.732s] Level 5:colcon.colcon_core.verb:set package 'urdf_tutorial' build argument 'ament_cmake_args' from command line to 'None'
[0.732s] Level 5:colcon.colcon_core.verb:set package 'urdf_tutorial' build argument 'catkin_cmake_args' from command line to 'None'
[0.732s] Level 5:colcon.colcon_core.verb:set package 'urdf_tutorial' build argument 'catkin_skip_building_tests' from command line to 'False'
[0.732s] DEBUG:colcon.colcon_core.verb:Building package 'urdf_tutorial' with the following arguments: {'ament_cmake_args': None, 'build_base': '/home/marco/ros2_ws/build/urdf_tutorial', 'catkin_cmake_args': None, 'catkin_skip_building_tests': False, 'cmake_args': None, 'cmake_clean_cache': False, 'cmake_clean_first': False, 'cmake_force_configure': False, 'cmake_target': None, 'cmake_target_skip_unavailable': False, 'install_base': '/home/marco/ros2_ws/install/urdf_tutorial', 'merge_install': False, 'path': '/home/marco/ros2_ws/src/urdf_tutorial', 'symlink_install': True, 'test_result_base': None}
[0.732s] INFO:colcon.colcon_core.executor:Executing jobs using 'parallel' executor
[0.733s] DEBUG:colcon.colcon_parallel_executor.executor.parallel:run_until_complete
[0.733s] INFO:colcon.colcon_ros.task.ament_python.build:Building ROS package in '/home/marco/ros2_ws/src/6dof_package' with build type 'ament_python'
[0.733s] Level 1:colcon.colcon_core.shell:create_environment_hook('6dof_package', 'ament_prefix_path')
[0.738s] INFO:colcon.colcon_core.plugin_system:Skipping extension 'colcon_core.shell.bat': Not used on non-Windows systems
[0.739s] INFO:colcon.colcon_core.shell:Creating environment hook '/home/marco/ros2_ws/install/6dof_package/share/6dof_package/hook/ament_prefix_path.ps1'
[0.740s] INFO:colcon.colcon_core.shell:Creating environment descriptor '/home/marco/ros2_ws/install/6dof_package/share/6dof_package/hook/ament_prefix_path.dsv'
[0.741s] INFO:colcon.colcon_core.shell:Creating environment hook '/home/marco/ros2_ws/install/6dof_package/share/6dof_package/hook/ament_prefix_path.sh'
[0.742s] INFO:colcon.colcon_core.shell:Skip shell extension 'powershell' for command environment: Not usable outside of PowerShell
[0.742s] DEBUG:colcon.colcon_core.shell:Skip shell extension 'dsv' for command environment
[0.747s] INFO:colcon.colcon_ros.task.ament_python.build:Building ROS package in '/home/marco/ros2_ws/src/prova_gz' with build type 'ament_python'
[0.747s] Level 1:colcon.colcon_core.shell:create_environment_hook('prova_gz', 'ament_prefix_path')
[0.747s] INFO:colcon.colcon_core.shell:Creating environment hook '/home/marco/ros2_ws/install/prova_gz/share/prova_gz/hook/ament_prefix_path.ps1'
[0.748s] INFO:colcon.colcon_core.shell:Creating environment descriptor '/home/marco/ros2_ws/install/prova_gz/share/prova_gz/hook/ament_prefix_path.dsv'
[0.749s] INFO:colcon.colcon_core.shell:Creating environment hook '/home/marco/ros2_ws/install/prova_gz/share/prova_gz/hook/ament_prefix_path.sh'
[0.749s] INFO:colcon.colcon_core.shell:Skip shell extension 'powershell' for command environment: Not usable outside of PowerShell
[0.750s] DEBUG:colcon.colcon_core.shell:Skip shell extension 'dsv' for command environment
[0.755s] INFO:colcon.colcon_ros.task.ament_python.build:Building ROS package in '/home/marco/ros2_ws/src/robot_plan_1dof' with build type 'ament_python'
[0.755s] Level 1:colcon.colcon_core.shell:create_environment_hook('robot_plan_1dof', 'ament_prefix_path')
[0.755s] INFO:colcon.colcon_core.shell:Creating environment hook '/home/marco/ros2_ws/install/robot_plan_1dof/share/robot_plan_1dof/hook/ament_prefix_path.ps1'
[0.757s] INFO:colcon.colcon_core.shell:Creating environment descriptor '/home/marco/ros2_ws/install/robot_plan_1dof/share/robot_plan_1dof/hook/ament_prefix_path.dsv'
[0.757s] INFO:colcon.colcon_core.shell:Creating environment hook '/home/marco/ros2_ws/install/robot_plan_1dof/share/robot_plan_1dof/hook/ament_prefix_path.sh'
[0.758s] INFO:colcon.colcon_core.shell:Skip shell extension 'powershell' for command environment: Not usable outside of PowerShell
[0.758s] DEBUG:colcon.colcon_core.shell:Skip shell extension 'dsv' for command environment
[0.763s] INFO:colcon.colcon_ros.task.ament_python.build:Building ROS package in '/home/marco/ros2_ws/src/robot_square' with build type 'ament_python'
[0.763s] Level 1:colcon.colcon_core.shell:create_environment_hook('robot_square', 'ament_prefix_path')
[0.764s] INFO:colcon.colcon_core.shell:Creating environment hook '/home/marco/ros2_ws/install/robot_square/share/robot_square/hook/ament_prefix_path.ps1'
[0.765s] INFO:colcon.colcon_core.shell:Creating environment descriptor '/home/marco/ros2_ws/install/robot_square/share/robot_square/hook/ament_prefix_path.dsv'
[0.766s] INFO:colcon.colcon_core.shell:Creating environment hook '/home/marco/ros2_ws/install/robot_square/share/robot_square/hook/ament_prefix_path.sh'
[0.767s] INFO:colcon.colcon_core.shell:Skip shell extension 'powershell' for command environment: Not usable outside of PowerShell
[0.767s] DEBUG:colcon.colcon_core.shell:Skip shell extension 'dsv' for command environment
[0.776s] INFO:colcon.colcon_ros.task.ament_python.build:Building ROS package in '/home/marco/ros2_ws/src/robot_wasd' with build type 'ament_python'
[0.776s] Level 1:colcon.colcon_core.shell:create_environment_hook('robot_wasd', 'ament_prefix_path')
[0.777s] INFO:colcon.colcon_core.shell:Creating environment hook '/home/marco/ros2_ws/install/robot_wasd/share/robot_wasd/hook/ament_prefix_path.ps1'
[0.779s] INFO:colcon.colcon_core.shell:Creating environment descriptor '/home/marco/ros2_ws/install/robot_wasd/share/robot_wasd/hook/ament_prefix_path.dsv'
[0.781s] INFO:colcon.colcon_core.shell:Creating environment hook '/home/marco/ros2_ws/install/robot_wasd/share/robot_wasd/hook/ament_prefix_path.sh'
[0.783s] INFO:colcon.colcon_core.shell:Skip shell extension 'powershell' for command environment: Not usable outside of PowerShell
[0.783s] DEBUG:colcon.colcon_core.shell:Skip shell extension 'dsv' for command environment
[0.795s] INFO:colcon.colcon_ros.task.ament_cmake.build:Building ROS package in '/home/marco/ros2_ws/src/urdf_tutorial' with build type 'ament_cmake'
[0.795s] INFO:colcon.colcon_cmake.task.cmake.build:Building CMake package in '/home/marco/ros2_ws/src/urdf_tutorial'
[0.796s] INFO:colcon.colcon_core.shell:Skip shell extension 'powershell' for command environment: Not usable outside of PowerShell
[0.796s] DEBUG:colcon.colcon_core.shell:Skip shell extension 'dsv' for command environment
[1.145s] INFO:colcon.colcon_core.task.python.build:Building Python package in '/home/marco/ros2_ws/src/6dof_package'
[1.146s] INFO:colcon.colcon_core.shell:Skip shell extension 'powershell' for command environment: Not usable outside of PowerShell
[1.146s] DEBUG:colcon.colcon_core.shell:Skip shell extension 'dsv' for command environment
[1.450s] INFO:colcon.colcon_core.task.python.build:Building Python package in '/home/marco/ros2_ws/src/prova_gz'
[1.450s] INFO:colcon.colcon_core.shell:Skip shell extension 'powershell' for command environment: Not usable outside of PowerShell
[1.450s] DEBUG:colcon.colcon_core.shell:Skip shell extension 'dsv' for command environment
[1.802s] INFO:colcon.colcon_core.task.python.build:Building Python package in '/home/marco/ros2_ws/src/robot_plan_1dof'
[1.802s] INFO:colcon.colcon_core.shell:Skip shell extension 'powershell' for command environment: Not usable outside of PowerShell
[1.802s] DEBUG:colcon.colcon_core.shell:Skip shell extension 'dsv' for command environment
[2.119s] INFO:colcon.colcon_core.task.python.build:Building Python package in '/home/marco/ros2_ws/src/robot_square'
[2.119s] INFO:colcon.colcon_core.shell:Skip shell extension 'powershell' for command environment: Not usable outside of PowerShell
[2.119s] DEBUG:colcon.colcon_core.shell:Skip shell extension 'dsv' for command environment
[2.447s] INFO:colcon.colcon_core.task.python.build:Building Python package in '/home/marco/ros2_ws/src/robot_wasd'
[2.448s] INFO:colcon.colcon_core.shell:Skip shell extension 'powershell' for command environment: Not usable outside of PowerShell
[2.448s] DEBUG:colcon.colcon_core.shell:Skip shell extension 'dsv' for command environment
[2.457s] DEBUG:colcon.colcon_core.event_handler.log_command:Invoking command in '/home/marco/ros2_ws/build/urdf_tutorial': CMAKE_PREFIX_PATH=${CMAKE_PREFIX_PATH}:/home/marco/ros2_ws/install/robot_wasd:/home/marco/ros2_ws/install/robot_square:/home/marco/ros2_ws/install/robot_plan_1dof:/home/marco/ros2_ws/install/prova_gz:/home/marco/ros2_ws/install/6dof_package:/opt/ros/jazzy DEBUGINFOD_URLS=https://debuginfod.ubuntu.com /usr/bin/cmake --build /home/marco/ros2_ws/build/urdf_tutorial -- -j16 -l16
[2.554s] DEBUG:colcon.colcon_core.event_handler.log_command:Invoked command in '/home/marco/ros2_ws/build/urdf_tutorial' returned '0': CMAKE_PREFIX_PATH=${CMAKE_PREFIX_PATH}:/home/marco/ros2_ws/install/robot_wasd:/home/marco/ros2_ws/install/robot_square:/home/marco/ros2_ws/install/robot_plan_1dof:/home/marco/ros2_ws/install/prova_gz:/home/marco/ros2_ws/install/6dof_package:/opt/ros/jazzy DEBUGINFOD_URLS=https://debuginfod.ubuntu.com /usr/bin/cmake --build /home/marco/ros2_ws/build/urdf_tutorial -- -j16 -l16
[2.571s] DEBUG:colcon.colcon_core.event_handler.log_command:Invoking command in '/home/marco/ros2_ws/build/urdf_tutorial': CMAKE_PREFIX_PATH=${CMAKE_PREFIX_PATH}:/home/marco/ros2_ws/install/robot_wasd:/home/marco/ros2_ws/install/robot_square:/home/marco/ros2_ws/install/robot_plan_1dof:/home/marco/ros2_ws/install/prova_gz:/home/marco/ros2_ws/install/6dof_package:/opt/ros/jazzy DEBUGINFOD_URLS=https://debuginfod.ubuntu.com /usr/bin/cmake --install /home/marco/ros2_ws/build/urdf_tutorial
[2.615s] Level 1:colcon.colcon_core.environment:create_environment_scripts_only(urdf_tutorial)
[2.616s] DEBUG:colcon.colcon_core.event_handler.log_command:Invoked command in '/home/marco/ros2_ws/build/urdf_tutorial' returned '0': CMAKE_PREFIX_PATH=${CMAKE_PREFIX_PATH}:/home/marco/ros2_ws/install/robot_wasd:/home/marco/ros2_ws/install/robot_square:/home/marco/ros2_ws/install/robot_plan_1dof:/home/marco/ros2_ws/install/prova_gz:/home/marco/ros2_ws/install/6dof_package:/opt/ros/jazzy DEBUGINFOD_URLS=https://debuginfod.ubuntu.com /usr/bin/cmake --install /home/marco/ros2_ws/build/urdf_tutorial
[2.623s] Level 1:colcon.colcon_core.environment:checking '/home/marco/ros2_ws/install/urdf_tutorial' for CMake module files
[2.624s] Level 1:colcon.colcon_core.environment:checking '/home/marco/ros2_ws/install/urdf_tutorial' for CMake config files
[2.625s] Level 1:colcon.colcon_core.shell:create_environment_hook('urdf_tutorial', 'cmake_prefix_path')
[2.625s] INFO:colcon.colcon_core.shell:Creating environment hook '/home/marco/ros2_ws/install/urdf_tutorial/share/urdf_tutorial/hook/cmake_prefix_path.ps1'
[2.626s] INFO:colcon.colcon_core.shell:Creating environment descriptor '/home/marco/ros2_ws/install/urdf_tutorial/share/urdf_tutorial/hook/cmake_prefix_path.dsv'
[2.626s] INFO:colcon.colcon_core.shell:Creating environment hook '/home/marco/ros2_ws/install/urdf_tutorial/share/urdf_tutorial/hook/cmake_prefix_path.sh'
[2.627s] Level 1:colcon.colcon_core.environment:checking '/home/marco/ros2_ws/install/urdf_tutorial/bin'
[2.627s] Level 1:colcon.colcon_core.environment:checking '/home/marco/ros2_ws/install/urdf_tutorial/lib/pkgconfig/urdf_tutorial.pc'
[2.627s] Level 1:colcon.colcon_core.environment:checking '/home/marco/ros2_ws/install/urdf_tutorial/lib/python3.12/site-packages'
[2.627s] Level 1:colcon.colcon_core.environment:checking '/home/marco/ros2_ws/install/urdf_tutorial/bin'
[2.628s] INFO:colcon.colcon_core.shell:Creating package script '/home/marco/ros2_ws/install/urdf_tutorial/share/urdf_tutorial/package.ps1'
[2.629s] INFO:colcon.colcon_core.shell:Creating package descriptor '/home/marco/ros2_ws/install/urdf_tutorial/share/urdf_tutorial/package.dsv'
[2.630s] INFO:colcon.colcon_core.shell:Creating package script '/home/marco/ros2_ws/install/urdf_tutorial/share/urdf_tutorial/package.sh'
[2.631s] INFO:colcon.colcon_core.shell:Creating package script '/home/marco/ros2_ws/install/urdf_tutorial/share/urdf_tutorial/package.bash'
[2.632s] INFO:colcon.colcon_core.shell:Creating package script '/home/marco/ros2_ws/install/urdf_tutorial/share/urdf_tutorial/package.zsh'
[2.633s] Level 1:colcon.colcon_core.environment:create_file_with_runtime_dependencies(/home/marco/ros2_ws/install/urdf_tutorial/share/colcon-core/packages/urdf_tutorial)
[2.634s] Level 1:colcon.colcon_core.environment:create_environment_scripts_only(urdf_tutorial)
[2.634s] Level 1:colcon.colcon_core.environment:checking '/home/marco/ros2_ws/install/urdf_tutorial' for CMake module files
[2.635s] Level 1:colcon.colcon_core.environment:checking '/home/marco/ros2_ws/install/urdf_tutorial' for CMake config files
[2.635s] Level 1:colcon.colcon_core.shell:create_environment_hook('urdf_tutorial', 'cmake_prefix_path')
[2.635s] INFO:colcon.colcon_core.shell:Creating environment hook '/home/marco/ros2_ws/install/urdf_tutorial/share/urdf_tutorial/hook/cmake_prefix_path.ps1'
[2.636s] INFO:colcon.colcon_core.shell:Creating environment descriptor '/home/marco/ros2_ws/install/urdf_tutorial/share/urdf_tutorial/hook/cmake_prefix_path.dsv'
[2.636s] INFO:colcon.colcon_core.shell:Creating environment hook '/home/marco/ros2_ws/install/urdf_tutorial/share/urdf_tutorial/hook/cmake_prefix_path.sh'
[2.636s] Level 1:colcon.colcon_core.environment:checking '/home/marco/ros2_ws/install/urdf_tutorial/bin'
[2.637s] Level 1:colcon.colcon_core.environment:checking '/home/marco/ros2_ws/install/urdf_tutorial/lib/pkgconfig/urdf_tutorial.pc'
[2.637s] Level 1:colcon.colcon_core.environment:checking '/home/marco/ros2_ws/install/urdf_tutorial/lib/python3.12/site-packages'
[2.637s] Level 1:colcon.colcon_core.environment:checking '/home/marco/ros2_ws/install/urdf_tutorial/bin'
[2.637s] INFO:colcon.colcon_core.shell:Creating package script '/home/marco/ros2_ws/install/urdf_tutorial/share/urdf_tutorial/package.ps1'
[2.638s] INFO:colcon.colcon_core.shell:Creating package descriptor '/home/marco/ros2_ws/install/urdf_tutorial/share/urdf_tutorial/package.dsv'
[2.638s] INFO:colcon.colcon_core.shell:Creating package script '/home/marco/ros2_ws/install/urdf_tutorial/share/urdf_tutorial/package.sh'
[2.639s] INFO:colcon.colcon_core.shell:Creating package script '/home/marco/ros2_ws/install/urdf_tutorial/share/urdf_tutorial/package.bash'
[2.639s] INFO:colcon.colcon_core.shell:Creating package script '/home/marco/ros2_ws/install/urdf_tutorial/share/urdf_tutorial/package.zsh'
[2.640s] Level 1:colcon.colcon_core.environment:create_file_with_runtime_dependencies(/home/marco/ros2_ws/install/urdf_tutorial/share/colcon-core/packages/urdf_tutorial)
[3.307s] DEBUG:colcon.colcon_core.event_handler.log_command:Invoking command in '/home/marco/ros2_ws/build/6dof_package': DEBUGINFOD_URLS=https://debuginfod.ubuntu.com PYTHONPATH=/home/marco/ros2_ws/build/6dof_package/prefix_override:/usr/lib/python3/dist-packages/colcon_core/task/python/colcon_distutils_commands:/home/marco/ros2_ws/install/6dof_package/lib/python3.12/site-packages:${PYTHONPATH} /usr/bin/python3 -W ignore:setup.py install is deprecated -W ignore:easy_install command is deprecated setup.py develop --editable --build-directory /home/marco/ros2_ws/build/6dof_package/build --no-deps symlink_data
[3.309s] DEBUG:colcon.colcon_core.event_handler.log_command:Invoking command in '/home/marco/ros2_ws/build/robot_wasd': DEBUGINFOD_URLS=https://debuginfod.ubuntu.com PYTHONPATH=/home/marco/ros2_ws/build/robot_wasd/prefix_override:/usr/lib/python3/dist-packages/colcon_core/task/python/colcon_distutils_commands:/home/marco/ros2_ws/install/robot_wasd/lib/python3.12/site-packages:${PYTHONPATH} /usr/bin/python3 -W ignore:setup.py install is deprecated -W ignore:easy_install command is deprecated setup.py develop --editable --build-directory /home/marco/ros2_ws/build/robot_wasd/build --no-deps symlink_data
[3.310s] DEBUG:colcon.colcon_core.event_handler.log_command:Invoking command in '/home/marco/ros2_ws/build/prova_gz': DEBUGINFOD_URLS=https://debuginfod.ubuntu.com PYTHONPATH=/home/marco/ros2_ws/build/prova_gz/prefix_override:/usr/lib/python3/dist-packages/colcon_core/task/python/colcon_distutils_commands:/home/marco/ros2_ws/install/prova_gz/lib/python3.12/site-packages:${PYTHONPATH} /usr/bin/python3 -W ignore:setup.py install is deprecated -W ignore:easy_install command is deprecated setup.py develop --editable --build-directory /home/marco/ros2_ws/build/prova_gz/build --no-deps symlink_data
[3.312s] DEBUG:colcon.colcon_core.event_handler.log_command:Invoking command in '/home/marco/ros2_ws/build/robot_plan_1dof': DEBUGINFOD_URLS=https://debuginfod.ubuntu.com PYTHONPATH=/home/marco/ros2_ws/build/robot_plan_1dof/prefix_override:/usr/lib/python3/dist-packages/colcon_core/task/python/colcon_distutils_commands:/home/marco/ros2_ws/install/robot_plan_1dof/lib/python3.12/site-packages:${PYTHONPATH} /usr/bin/python3 -W ignore:setup.py install is deprecated -W ignore:easy_install command is deprecated setup.py develop --editable --build-directory /home/marco/ros2_ws/build/robot_plan_1dof/build --no-deps symlink_data
[3.313s] DEBUG:colcon.colcon_core.event_handler.log_command:Invoking command in '/home/marco/ros2_ws/build/robot_square': DEBUGINFOD_URLS=https://debuginfod.ubuntu.com PYTHONPATH=/home/marco/ros2_ws/build/robot_square/prefix_override:/usr/lib/python3/dist-packages/colcon_core/task/python/colcon_distutils_commands:/home/marco/ros2_ws/install/robot_square/lib/python3.12/site-packages:${PYTHONPATH} /usr/bin/python3 -W ignore:setup.py install is deprecated -W ignore:easy_install command is deprecated setup.py develop --editable --build-directory /home/marco/ros2_ws/build/robot_square/build --no-deps symlink_data
[4.030s] Level 1:colcon.colcon_core.shell:create_environment_hook('robot_wasd', 'pythonpath_develop')
[4.031s] INFO:colcon.colcon_core.shell:Creating environment hook '/home/marco/ros2_ws/build/robot_wasd/share/robot_wasd/hook/pythonpath_develop.ps1'
[4.031s] DEBUG:colcon.colcon_core.event_handler.log_command:Invoked command in '/home/marco/ros2_ws/build/robot_wasd' returned '0': DEBUGINFOD_URLS=https://debuginfod.ubuntu.com PYTHONPATH=/home/marco/ros2_ws/build/robot_wasd/prefix_override:/usr/lib/python3/dist-packages/colcon_core/task/python/colcon_distutils_commands:/home/marco/ros2_ws/install/robot_wasd/lib/python3.12/site-packages:${PYTHONPATH} /usr/bin/python3 -W ignore:setup.py install is deprecated -W ignore:easy_install command is deprecated setup.py develop --editable --build-directory /home/marco/ros2_ws/build/robot_wasd/build --no-deps symlink_data
[4.032s] INFO:colcon.colcon_core.shell:Creating environment descriptor '/home/marco/ros2_ws/build/robot_wasd/share/robot_wasd/hook/pythonpath_develop.dsv'
[4.033s] INFO:colcon.colcon_core.shell:Creating environment hook '/home/marco/ros2_ws/build/robot_wasd/share/robot_wasd/hook/pythonpath_develop.sh'
[4.033s] Level 1:colcon.colcon_core.environment:checking '/home/marco/ros2_ws/install/robot_wasd' for CMake module files
[4.034s] Level 1:colcon.colcon_core.environment:checking '/home/marco/ros2_ws/install/robot_wasd' for CMake config files
[4.035s] Level 1:colcon.colcon_core.environment:checking '/home/marco/ros2_ws/install/robot_wasd/lib'
[4.035s] Level 1:colcon.colcon_core.environment:checking '/home/marco/ros2_ws/install/robot_wasd/bin'
[4.035s] Level 1:colcon.colcon_core.environment:checking '/home/marco/ros2_ws/install/robot_wasd/lib/pkgconfig/robot_wasd.pc'
[4.035s] Level 1:colcon.colcon_core.environment:checking '/home/marco/ros2_ws/install/robot_wasd/lib/python3.12/site-packages'
[4.036s] Level 1:colcon.colcon_core.shell:create_environment_hook('robot_wasd', 'pythonpath')
[4.036s] INFO:colcon.colcon_core.shell:Creating environment hook '/home/marco/ros2_ws/install/robot_wasd/share/robot_wasd/hook/pythonpath.ps1'
[4.036s] INFO:colcon.colcon_core.shell:Creating environment descriptor '/home/marco/ros2_ws/install/robot_wasd/share/robot_wasd/hook/pythonpath.dsv'
[4.037s] INFO:colcon.colcon_core.shell:Creating environment hook '/home/marco/ros2_ws/install/robot_wasd/share/robot_wasd/hook/pythonpath.sh'
[4.037s] Level 1:colcon.colcon_core.environment:checking '/home/marco/ros2_ws/install/robot_wasd/bin'
[4.038s] Level 1:colcon.colcon_core.environment:create_environment_scripts_only(robot_wasd)
[4.038s] INFO:colcon.colcon_core.shell:Creating package script '/home/marco/ros2_ws/install/robot_wasd/share/robot_wasd/package.ps1'
[4.038s] INFO:colcon.colcon_core.shell:Creating package descriptor '/home/marco/ros2_ws/install/robot_wasd/share/robot_wasd/package.dsv'
[4.039s] INFO:colcon.colcon_core.shell:Creating package script '/home/marco/ros2_ws/install/robot_wasd/share/robot_wasd/package.sh'
[4.039s] INFO:colcon.colcon_core.shell:Creating package script '/home/marco/ros2_ws/install/robot_wasd/share/robot_wasd/package.bash'
[4.040s] INFO:colcon.colcon_core.shell:Creating package script '/home/marco/ros2_ws/install/robot_wasd/share/robot_wasd/package.zsh'
[4.040s] Level 1:colcon.colcon_core.environment:create_file_with_runtime_dependencies(/home/marco/ros2_ws/install/robot_wasd/share/colcon-core/packages/robot_wasd)
[4.041s] Level 1:colcon.colcon_core.shell:create_environment_hook('6dof_package', 'pythonpath_develop')
[4.042s] INFO:colcon.colcon_core.shell:Creating environment hook '/home/marco/ros2_ws/build/6dof_package/share/6dof_package/hook/pythonpath_develop.ps1'
[4.043s] INFO:colcon.colcon_core.shell:Creating environment descriptor '/home/marco/ros2_ws/build/6dof_package/share/6dof_package/hook/pythonpath_develop.dsv'
[4.043s] DEBUG:colcon.colcon_core.event_handler.log_command:Invoked command in '/home/marco/ros2_ws/build/6dof_package' returned '0': DEBUGINFOD_URLS=https://debuginfod.ubuntu.com PYTHONPATH=/home/marco/ros2_ws/build/6dof_package/prefix_override:/usr/lib/python3/dist-packages/colcon_core/task/python/colcon_distutils_commands:/home/marco/ros2_ws/install/6dof_package/lib/python3.12/site-packages:${PYTHONPATH} /usr/bin/python3 -W ignore:setup.py install is deprecated -W ignore:easy_install command is deprecated setup.py develop --editable --build-directory /home/marco/ros2_ws/build/6dof_package/build --no-deps symlink_data
[4.043s] INFO:colcon.colcon_core.shell:Creating environment hook '/home/marco/ros2_ws/build/6dof_package/share/6dof_package/hook/pythonpath_develop.sh'
[4.044s] Level 1:colcon.colcon_core.environment:checking '/home/marco/ros2_ws/install/6dof_package' for CMake module files
[4.045s] Level 1:colcon.colcon_core.environment:checking '/home/marco/ros2_ws/install/6dof_package' for CMake config files
[4.045s] Level 1:colcon.colcon_core.environment:checking '/home/marco/ros2_ws/install/6dof_package/lib'
[4.045s] Level 1:colcon.colcon_core.environment:checking '/home/marco/ros2_ws/install/6dof_package/bin'
[4.045s] Level 1:colcon.colcon_core.environment:checking '/home/marco/ros2_ws/install/6dof_package/lib/pkgconfig/6dof_package.pc'
[4.046s] Level 1:colcon.colcon_core.environment:checking '/home/marco/ros2_ws/install/6dof_package/lib/python3.12/site-packages'
[4.046s] Level 1:colcon.colcon_core.shell:create_environment_hook('6dof_package', 'pythonpath')
[4.046s] INFO:colcon.colcon_core.shell:Creating environment hook '/home/marco/ros2_ws/install/6dof_package/share/6dof_package/hook/pythonpath.ps1'
[4.046s] INFO:colcon.colcon_core.shell:Creating environment descriptor '/home/marco/ros2_ws/install/6dof_package/share/6dof_package/hook/pythonpath.dsv'
[4.047s] INFO:colcon.colcon_core.shell:Creating environment hook '/home/marco/ros2_ws/install/6dof_package/share/6dof_package/hook/pythonpath.sh'
[4.048s] Level 1:colcon.colcon_core.environment:checking '/home/marco/ros2_ws/install/6dof_package/bin'
[4.048s] Level 1:colcon.colcon_core.environment:create_environment_scripts_only(6dof_package)
[4.048s] INFO:colcon.colcon_core.shell:Creating package script '/home/marco/ros2_ws/install/6dof_package/share/6dof_package/package.ps1'
[4.048s] INFO:colcon.colcon_core.shell:Creating package descriptor '/home/marco/ros2_ws/install/6dof_package/share/6dof_package/package.dsv'
[4.049s] INFO:colcon.colcon_core.shell:Creating package script '/home/marco/ros2_ws/install/6dof_package/share/6dof_package/package.sh'
[4.049s] INFO:colcon.colcon_core.shell:Creating package script '/home/marco/ros2_ws/install/6dof_package/share/6dof_package/package.bash'
[4.050s] INFO:colcon.colcon_core.shell:Creating package script '/home/marco/ros2_ws/install/6dof_package/share/6dof_package/package.zsh'
[4.050s] Level 1:colcon.colcon_core.environment:create_file_with_runtime_dependencies(/home/marco/ros2_ws/install/6dof_package/share/colcon-core/packages/6dof_package)
[4.051s] Level 1:colcon.colcon_core.shell:create_environment_hook('robot_plan_1dof', 'pythonpath_develop')
[4.051s] INFO:colcon.colcon_core.shell:Creating environment hook '/home/marco/ros2_ws/build/robot_plan_1dof/share/robot_plan_1dof/hook/pythonpath_develop.ps1'
[4.051s] DEBUG:colcon.colcon_core.event_handler.log_command:Invoked command in '/home/marco/ros2_ws/build/robot_plan_1dof' returned '0': DEBUGINFOD_URLS=https://debuginfod.ubuntu.com PYTHONPATH=/home/marco/ros2_ws/build/robot_plan_1dof/prefix_override:/usr/lib/python3/dist-packages/colcon_core/task/python/colcon_distutils_commands:/home/marco/ros2_ws/install/robot_plan_1dof/lib/python3.12/site-packages:${PYTHONPATH} /usr/bin/python3 -W ignore:setup.py install is deprecated -W ignore:easy_install command is deprecated setup.py develop --editable --build-directory /home/marco/ros2_ws/build/robot_plan_1dof/build --no-deps symlink_data
[4.052s] INFO:colcon.colcon_core.shell:Creating environment descriptor '/home/marco/ros2_ws/build/robot_plan_1dof/share/robot_plan_1dof/hook/pythonpath_develop.dsv'
[4.052s] INFO:colcon.colcon_core.shell:Creating environment hook '/home/marco/ros2_ws/build/robot_plan_1dof/share/robot_plan_1dof/hook/pythonpath_develop.sh'
[4.052s] Level 1:colcon.colcon_core.environment:checking '/home/marco/ros2_ws/install/robot_plan_1dof' for CMake module files
[4.053s] Level 1:colcon.colcon_core.environment:checking '/home/marco/ros2_ws/install/robot_plan_1dof' for CMake config files
[4.053s] Level 1:colcon.colcon_core.environment:checking '/home/marco/ros2_ws/install/robot_plan_1dof/lib'
[4.053s] Level 1:colcon.colcon_core.environment:checking '/home/marco/ros2_ws/install/robot_plan_1dof/bin'
[4.054s] Level 1:colcon.colcon_core.environment:checking '/home/marco/ros2_ws/install/robot_plan_1dof/lib/pkgconfig/robot_plan_1dof.pc'
[4.054s] Level 1:colcon.colcon_core.environment:checking '/home/marco/ros2_ws/install/robot_plan_1dof/lib/python3.12/site-packages'
[4.054s] Level 1:colcon.colcon_core.shell:create_environment_hook('robot_plan_1dof', 'pythonpath')
[4.054s] INFO:colcon.colcon_core.shell:Creating environment hook '/home/marco/ros2_ws/install/robot_plan_1dof/share/robot_plan_1dof/hook/pythonpath.ps1'
[4.054s] INFO:colcon.colcon_core.shell:Creating environment descriptor '/home/marco/ros2_ws/install/robot_plan_1dof/share/robot_plan_1dof/hook/pythonpath.dsv'
[4.055s] INFO:colcon.colcon_core.shell:Creating environment hook '/home/marco/ros2_ws/install/robot_plan_1dof/share/robot_plan_1dof/hook/pythonpath.sh'
[4.055s] Level 1:colcon.colcon_core.environment:checking '/home/marco/ros2_ws/install/robot_plan_1dof/bin'
[4.056s] Level 1:colcon.colcon_core.environment:create_environment_scripts_only(robot_plan_1dof)
[4.056s] INFO:colcon.colcon_core.shell:Creating package script '/home/marco/ros2_ws/install/robot_plan_1dof/share/robot_plan_1dof/package.ps1'
[4.056s] INFO:colcon.colcon_core.shell:Creating package descriptor '/home/marco/ros2_ws/install/robot_plan_1dof/share/robot_plan_1dof/package.dsv'
[4.057s] INFO:colcon.colcon_core.shell:Creating package script '/home/marco/ros2_ws/install/robot_plan_1dof/share/robot_plan_1dof/package.sh'
[4.057s] INFO:colcon.colcon_core.shell:Creating package script '/home/marco/ros2_ws/install/robot_plan_1dof/share/robot_plan_1dof/package.bash'
[4.058s] INFO:colcon.colcon_core.shell:Creating package script '/home/marco/ros2_ws/install/robot_plan_1dof/share/robot_plan_1dof/package.zsh'
[4.058s] Level 1:colcon.colcon_core.environment:create_file_with_runtime_dependencies(/home/marco/ros2_ws/install/robot_plan_1dof/share/colcon-core/packages/robot_plan_1dof)
[4.060s] Level 1:colcon.colcon_core.shell:create_environment_hook('robot_square', 'pythonpath_develop')
[4.060s] DEBUG:colcon.colcon_core.event_handler.log_command:Invoked command in '/home/marco/ros2_ws/build/robot_square' returned '0': DEBUGINFOD_URLS=https://debuginfod.ubuntu.com PYTHONPATH=/home/marco/ros2_ws/build/robot_square/prefix_override:/usr/lib/python3/dist-packages/colcon_core/task/python/colcon_distutils_commands:/home/marco/ros2_ws/install/robot_square/lib/python3.12/site-packages:${PYTHONPATH} /usr/bin/python3 -W ignore:setup.py install is deprecated -W ignore:easy_install command is deprecated setup.py develop --editable --build-directory /home/marco/ros2_ws/build/robot_square/build --no-deps symlink_data
[4.060s] INFO:colcon.colcon_core.shell:Creating environment hook '/home/marco/ros2_ws/build/robot_square/share/robot_square/hook/pythonpath_develop.ps1'
[4.061s] INFO:colcon.colcon_core.shell:Creating environment descriptor '/home/marco/ros2_ws/build/robot_square/share/robot_square/hook/pythonpath_develop.dsv'
[4.061s] INFO:colcon.colcon_core.shell:Creating environment hook '/home/marco/ros2_ws/build/robot_square/share/robot_square/hook/pythonpath_develop.sh'
[4.062s] Level 1:colcon.colcon_core.environment:checking '/home/marco/ros2_ws/install/robot_square' for CMake module files
[4.062s] Level 1:colcon.colcon_core.environment:checking '/home/marco/ros2_ws/install/robot_square' for CMake config files
[4.063s] Level 1:colcon.colcon_core.environment:checking '/home/marco/ros2_ws/install/robot_square/lib'
[4.063s] Level 1:colcon.colcon_core.environment:checking '/home/marco/ros2_ws/install/robot_square/bin'
[4.063s] Level 1:colcon.colcon_core.environment:checking '/home/marco/ros2_ws/install/robot_square/lib/pkgconfig/robot_square.pc'
[4.063s] Level 1:colcon.colcon_core.environment:checking '/home/marco/ros2_ws/install/robot_square/lib/python3.12/site-packages'
[4.063s] Level 1:colcon.colcon_core.shell:create_environment_hook('robot_square', 'pythonpath')
[4.063s] INFO:colcon.colcon_core.shell:Creating environment hook '/home/marco/ros2_ws/install/robot_square/share/robot_square/hook/pythonpath.ps1'
[4.064s] INFO:colcon.colcon_core.shell:Creating environment descriptor '/home/marco/ros2_ws/install/robot_square/share/robot_square/hook/pythonpath.dsv'
[4.064s] INFO:colcon.colcon_core.shell:Creating environment hook '/home/marco/ros2_ws/install/robot_square/share/robot_square/hook/pythonpath.sh'
[4.065s] Level 1:colcon.colcon_core.environment:checking '/home/marco/ros2_ws/install/robot_square/bin'
[4.065s] Level 1:colcon.colcon_core.environment:create_environment_scripts_only(robot_square)
[4.065s] INFO:colcon.colcon_core.shell:Creating package script '/home/marco/ros2_ws/install/robot_square/share/robot_square/package.ps1'
[4.066s] INFO:colcon.colcon_core.shell:Creating package descriptor '/home/marco/ros2_ws/install/robot_square/share/robot_square/package.dsv'
[4.066s] INFO:colcon.colcon_core.shell:Creating package script '/home/marco/ros2_ws/install/robot_square/share/robot_square/package.sh'
[4.067s] INFO:colcon.colcon_core.shell:Creating package script '/home/marco/ros2_ws/install/robot_square/share/robot_square/package.bash'
[4.067s] INFO:colcon.colcon_core.shell:Creating package script '/home/marco/ros2_ws/install/robot_square/share/robot_square/package.zsh'
[4.067s] Level 1:colcon.colcon_core.environment:create_file_with_runtime_dependencies(/home/marco/ros2_ws/install/robot_square/share/colcon-core/packages/robot_square)
[4.067s] Level 1:colcon.colcon_core.shell:create_environment_hook('prova_gz', 'pythonpath_develop')
[4.067s] INFO:colcon.colcon_core.shell:Creating environment hook '/home/marco/ros2_ws/build/prova_gz/share/prova_gz/hook/pythonpath_develop.ps1'
[4.068s] DEBUG:colcon.colcon_core.event_handler.log_command:Invoked command in '/home/marco/ros2_ws/build/prova_gz' returned '0': DEBUGINFOD_URLS=https://debuginfod.ubuntu.com PYTHONPATH=/home/marco/ros2_ws/build/prova_gz/prefix_override:/usr/lib/python3/dist-packages/colcon_core/task/python/colcon_distutils_commands:/home/marco/ros2_ws/install/prova_gz/lib/python3.12/site-packages:${PYTHONPATH} /usr/bin/python3 -W ignore:setup.py install is deprecated -W ignore:easy_install command is deprecated setup.py develop --editable --build-directory /home/marco/ros2_ws/build/prova_gz/build --no-deps symlink_data
[4.068s] INFO:colcon.colcon_core.shell:Creating environment descriptor '/home/marco/ros2_ws/build/prova_gz/share/prova_gz/hook/pythonpath_develop.dsv'
[4.069s] INFO:colcon.colcon_core.shell:Creating environment hook '/home/marco/ros2_ws/build/prova_gz/share/prova_gz/hook/pythonpath_develop.sh'
[4.069s] Level 1:colcon.colcon_core.environment:checking '/home/marco/ros2_ws/install/prova_gz' for CMake module files
[4.070s] Level 1:colcon.colcon_core.environment:checking '/home/marco/ros2_ws/install/prova_gz' for CMake config files
[4.070s] Level 1:colcon.colcon_core.environment:checking '/home/marco/ros2_ws/install/prova_gz/lib'
[4.070s] Level 1:colcon.colcon_core.environment:checking '/home/marco/ros2_ws/install/prova_gz/bin'
[4.070s] Level 1:colcon.colcon_core.environment:checking '/home/marco/ros2_ws/install/prova_gz/lib/pkgconfig/prova_gz.pc'
[4.071s] Level 1:colcon.colcon_core.environment:checking '/home/marco/ros2_ws/install/prova_gz/lib/python3.12/site-packages'
[4.071s] Level 1:colcon.colcon_core.shell:create_environment_hook('prova_gz', 'pythonpath')
[4.071s] INFO:colcon.colcon_core.shell:Creating environment hook '/home/marco/ros2_ws/install/prova_gz/share/prova_gz/hook/pythonpath.ps1'
[4.071s] INFO:colcon.colcon_core.shell:Creating environment descriptor '/home/marco/ros2_ws/install/prova_gz/share/prova_gz/hook/pythonpath.dsv'
[4.072s] INFO:colcon.colcon_core.shell:Creating environment hook '/home/marco/ros2_ws/install/prova_gz/share/prova_gz/hook/pythonpath.sh'
[4.072s] Level 1:colcon.colcon_core.environment:checking '/home/marco/ros2_ws/install/prova_gz/bin'
[4.072s] Level 1:colcon.colcon_core.environment:create_environment_scripts_only(prova_gz)
[4.073s] INFO:colcon.colcon_core.shell:Creating package script '/home/marco/ros2_ws/install/prova_gz/share/prova_gz/package.ps1'
[4.073s] INFO:colcon.colcon_core.shell:Creating package descriptor '/home/marco/ros2_ws/install/prova_gz/share/prova_gz/package.dsv'
[4.073s] INFO:colcon.colcon_core.shell:Creating package script '/home/marco/ros2_ws/install/prova_gz/share/prova_gz/package.sh'
[4.074s] INFO:colcon.colcon_core.shell:Creating package script '/home/marco/ros2_ws/install/prova_gz/share/prova_gz/package.bash'
[4.074s] INFO:colcon.colcon_core.shell:Creating package script '/home/marco/ros2_ws/install/prova_gz/share/prova_gz/package.zsh'
[4.074s] Level 1:colcon.colcon_core.environment:create_file_with_runtime_dependencies(/home/marco/ros2_ws/install/prova_gz/share/colcon-core/packages/prova_gz)
[4.075s] DEBUG:colcon.colcon_parallel_executor.executor.parallel:closing loop
[4.075s] DEBUG:colcon.colcon_parallel_executor.executor.parallel:loop closed
[4.075s] DEBUG:colcon.colcon_parallel_executor.executor.parallel:run_until_complete finished with '0'
[4.075s] DEBUG:colcon.colcon_core.event_reactor:joining thread
[4.087s] INFO:colcon.colcon_core.plugin_system:Skipping extension 'colcon_notification.desktop_notification.terminal_notifier': Not used on non-Darwin systems
[4.087s] INFO:colcon.colcon_core.plugin_system:Skipping extension 'colcon_notification.desktop_notification.win32': Not used on non-Windows systems
[4.087s] INFO:colcon.colcon_notification.desktop_notification:Sending desktop notification using 'notify2'
[4.128s] DEBUG:colcon.colcon_core.event_reactor:joined thread
[4.128s] INFO:colcon.colcon_core.shell:Creating prefix script '/home/marco/ros2_ws/install/local_setup.ps1'
[4.130s] INFO:colcon.colcon_core.shell:Creating prefix util module '/home/marco/ros2_ws/install/_local_setup_util_ps1.py'
[4.132s] INFO:colcon.colcon_core.shell:Creating prefix chain script '/home/marco/ros2_ws/install/setup.ps1'
[4.134s] INFO:colcon.colcon_core.shell:Creating prefix script '/home/marco/ros2_ws/install/local_setup.sh'
[4.135s] INFO:colcon.colcon_core.shell:Creating prefix util module '/home/marco/ros2_ws/install/_local_setup_util_sh.py'
[4.136s] INFO:colcon.colcon_core.shell:Creating prefix chain script '/home/marco/ros2_ws/install/setup.sh'
[4.138s] INFO:colcon.colcon_core.shell:Creating prefix script '/home/marco/ros2_ws/install/local_setup.bash'
[4.138s] INFO:colcon.colcon_core.shell:Creating prefix chain script '/home/marco/ros2_ws/install/setup.bash'
[4.140s] INFO:colcon.colcon_core.shell:Creating prefix script '/home/marco/ros2_ws/install/local_setup.zsh'
[4.141s] INFO:colcon.colcon_core.shell:Creating prefix chain script '/home/marco/ros2_ws/install/setup.zsh'
