[0.935s] Invoking command in '/home/marco/ros2_ws/src/prova_gz': DEBUGINFOD_URLS=https://debuginfod.ubuntu.com PYTHONPATH=/home/marco/ros2_ws/build/prova_gz/prefix_override:/usr/lib/python3/dist-packages/colcon_core/task/python/colcon_distutils_commands:/home/marco/ros2_ws/install/prova_gz/lib/python3.12/site-packages:${PYTHONPATH} /usr/bin/python3 -W ignore:setup.py install is deprecated -W ignore:easy_install command is deprecated setup.py egg_info --egg-base ../../build/prova_gz build --build-base /home/marco/ros2_ws/build/prova_gz/build install --record /home/marco/ros2_ws/build/prova_gz/install.log --single-version-externally-managed install_data
[1.089s] running egg_info
[1.099s] writing ../../build/prova_gz/prova_gz.egg-info/PKG-INFO
[1.099s] writing dependency_links to ../../build/prova_gz/prova_gz.egg-info/dependency_links.txt
[1.099s] writing requirements to ../../build/prova_gz/prova_gz.egg-info/requires.txt
[1.099s] writing top-level names to ../../build/prova_gz/prova_gz.egg-info/top_level.txt
[1.119s] reading manifest file '../../build/prova_gz/prova_gz.egg-info/SOURCES.txt'
[1.119s] adding license file 'LICENSE'
[1.120s] writing manifest file '../../build/prova_gz/prova_gz.egg-info/SOURCES.txt'
[1.120s] running build
[1.120s] running build_py
[1.120s] running install
[1.124s] running install_lib
[1.135s] running install_data
[1.135s] creating /home/marco/ros2_ws/install/prova_gz/share/prova_gz/urdf
[1.135s] running install_egg_info
[1.146s] removing '/home/marco/ros2_ws/install/prova_gz/lib/python3.12/site-packages/prova_gz-0.0.0-py3.12.egg-info' (and everything under it)
[1.146s] Copying ../../build/prova_gz/prova_gz.egg-info to /home/marco/ros2_ws/install/prova_gz/lib/python3.12/site-packages/prova_gz-0.0.0-py3.12.egg-info
[1.147s] running install_scripts
[1.220s] writing list of installed files to '/home/marco/ros2_ws/build/prova_gz/install.log'
[1.245s] Invoked command in '/home/marco/ros2_ws/src/prova_gz' returned '0': DEBUGINFOD_URLS=https://debuginfod.ubuntu.com PYTHONPATH=/home/marco/ros2_ws/build/prova_gz/prefix_override:/usr/lib/python3/dist-packages/colcon_core/task/python/colcon_distutils_commands:/home/marco/ros2_ws/install/prova_gz/lib/python3.12/site-packages:${PYTHONPATH} /usr/bin/python3 -W ignore:setup.py install is deprecated -W ignore:easy_install command is deprecated setup.py egg_info --egg-base ../../build/prova_gz build --build-base /home/marco/ros2_ws/build/prova_gz/build install --record /home/marco/ros2_ws/build/prova_gz/install.log --single-version-externally-managed install_data
