running egg_info
writing ../../build/robot_plan_1dof/robot_plan_1dof.egg-info/PKG-INFO
writing dependency_links to ../../build/robot_plan_1dof/robot_plan_1dof.egg-info/dependency_links.txt
writing entry points to ../../build/robot_plan_1dof/robot_plan_1dof.egg-info/entry_points.txt
writing requirements to ../../build/robot_plan_1dof/robot_plan_1dof.egg-info/requires.txt
writing top-level names to ../../build/robot_plan_1dof/robot_plan_1dof.egg-info/top_level.txt
reading manifest file '../../build/robot_plan_1dof/robot_plan_1dof.egg-info/SOURCES.txt'
adding license file 'LICENSE'
writing manifest file '../../build/robot_plan_1dof/robot_plan_1dof.egg-info/SOURCES.txt'
running build
running build_py
running install
running install_lib
running install_data
running install_egg_info
removing '/home/marco/ros2_ws/install/robot_plan_1dof/lib/python3.12/site-packages/robot_plan_1dof-0.0.0-py3.12.egg-info' (and everything under it)
Copying ../../build/robot_plan_1dof/robot_plan_1dof.egg-info to /home/marco/ros2_ws/install/robot_plan_1dof/lib/python3.12/site-packages/robot_plan_1dof-0.0.0-py3.12.egg-info
running install_scripts
Installing listener script to /home/marco/ros2_ws/install/robot_plan_1dof/lib/robot_plan_1dof
Installing talker script to /home/marco/ros2_ws/install/robot_plan_1dof/lib/robot_plan_1dof
writing list of installed files to '/home/marco/ros2_ws/build/robot_plan_1dof/install.log'
