[0.931s] Invoking command in '/home/marco/ros2_ws/src/robot_plan_1dof': DEBUGINFOD_URLS=https://debuginfod.ubuntu.com PYTHONPATH=/home/marco/ros2_ws/build/robot_plan_1dof/prefix_override:/usr/lib/python3/dist-packages/colcon_core/task/python/colcon_distutils_commands:/home/marco/ros2_ws/install/robot_plan_1dof/lib/python3.12/site-packages:${PYTHONPATH} /usr/bin/python3 -W ignore:setup.py install is deprecated -W ignore:easy_install command is deprecated setup.py egg_info --egg-base ../../build/robot_plan_1dof build --build-base /home/marco/ros2_ws/build/robot_plan_1dof/build install --record /home/marco/ros2_ws/build/robot_plan_1dof/install.log --single-version-externally-managed install_data
[1.085s] running egg_info
[1.096s] writing ../../build/robot_plan_1dof/robot_plan_1dof.egg-info/PKG-INFO
[1.096s] writing dependency_links to ../../build/robot_plan_1dof/robot_plan_1dof.egg-info/dependency_links.txt
[1.096s] writing entry points to ../../build/robot_plan_1dof/robot_plan_1dof.egg-info/entry_points.txt
[1.096s] writing requirements to ../../build/robot_plan_1dof/robot_plan_1dof.egg-info/requires.txt
[1.096s] writing top-level names to ../../build/robot_plan_1dof/robot_plan_1dof.egg-info/top_level.txt
[1.117s] reading manifest file '../../build/robot_plan_1dof/robot_plan_1dof.egg-info/SOURCES.txt'
[1.117s] adding license file 'LICENSE'
[1.117s] writing manifest file '../../build/robot_plan_1dof/robot_plan_1dof.egg-info/SOURCES.txt'
[1.117s] running build
[1.117s] running build_py
[1.118s] running install
[1.122s] running install_lib
[1.133s] running install_data
[1.133s] running install_egg_info
[1.144s] removing '/home/marco/ros2_ws/install/robot_plan_1dof/lib/python3.12/site-packages/robot_plan_1dof-0.0.0-py3.12.egg-info' (and everything under it)
[1.145s] Copying ../../build/robot_plan_1dof/robot_plan_1dof.egg-info to /home/marco/ros2_ws/install/robot_plan_1dof/lib/python3.12/site-packages/robot_plan_1dof-0.0.0-py3.12.egg-info
[1.145s] running install_scripts
[1.219s] Installing listener script to /home/marco/ros2_ws/install/robot_plan_1dof/lib/robot_plan_1dof
[1.219s] Installing talker script to /home/marco/ros2_ws/install/robot_plan_1dof/lib/robot_plan_1dof
[1.219s] writing list of installed files to '/home/marco/ros2_ws/build/robot_plan_1dof/install.log'
[1.250s] Invoked command in '/home/marco/ros2_ws/src/robot_plan_1dof' returned '0': DEBUGINFOD_URLS=https://debuginfod.ubuntu.com PYTHONPATH=/home/marco/ros2_ws/build/robot_plan_1dof/prefix_override:/usr/lib/python3/dist-packages/colcon_core/task/python/colcon_distutils_commands:/home/marco/ros2_ws/install/robot_plan_1dof/lib/python3.12/site-packages:${PYTHONPATH} /usr/bin/python3 -W ignore:setup.py install is deprecated -W ignore:easy_install command is deprecated setup.py egg_info --egg-base ../../build/robot_plan_1dof build --build-base /home/marco/ros2_ws/build/robot_plan_1dof/build install --record /home/marco/ros2_ws/build/robot_plan_1dof/install.log --single-version-externally-managed install_data
