[0.925s] Invoking command in '/home/marco/ros2_ws/src/robot_wasd': DEBUGINFOD_URLS=https://debuginfod.ubuntu.com PYTHONPATH=/home/marco/ros2_ws/build/robot_wasd/prefix_override:/usr/lib/python3/dist-packages/colcon_core/task/python/colcon_distutils_commands:/home/marco/ros2_ws/install/robot_wasd/lib/python3.12/site-packages:${PYTHONPATH} /usr/bin/python3 -W ignore:setup.py install is deprecated -W ignore:easy_install command is deprecated setup.py egg_info --egg-base ../../build/robot_wasd build --build-base /home/marco/ros2_ws/build/robot_wasd/build install --record /home/marco/ros2_ws/build/robot_wasd/install.log --single-version-externally-managed install_data
[1.079s] running egg_info
[1.089s] writing ../../build/robot_wasd/robot_wasd.egg-info/PKG-INFO
[1.089s] writing dependency_links to ../../build/robot_wasd/robot_wasd.egg-info/dependency_links.txt
[1.089s] writing entry points to ../../build/robot_wasd/robot_wasd.egg-info/entry_points.txt
[1.089s] writing requirements to ../../build/robot_wasd/robot_wasd.egg-info/requires.txt
[1.089s] writing top-level names to ../../build/robot_wasd/robot_wasd.egg-info/top_level.txt
[1.110s] reading manifest file '../../build/robot_wasd/robot_wasd.egg-info/SOURCES.txt'
[1.110s] adding license file 'LICENSE'
[1.110s] writing manifest file '../../build/robot_wasd/robot_wasd.egg-info/SOURCES.txt'
[1.110s] running build
[1.110s] running build_py
[1.110s] running install
[1.115s] running install_lib
[1.124s] creating /home/marco/ros2_ws/install/robot_wasd/lib/python3.12/site-packages/robot_wasd
[1.125s] copying /home/marco/ros2_ws/build/robot_wasd/build/lib/robot_wasd/publisher_fun.py -> /home/marco/ros2_ws/install/robot_wasd/lib/python3.12/site-packages/robot_wasd
[1.125s] copying /home/marco/ros2_ws/build/robot_wasd/build/lib/robot_wasd/__init__.py -> /home/marco/ros2_ws/install/robot_wasd/lib/python3.12/site-packages/robot_wasd
[1.125s] byte-compiling /home/marco/ros2_ws/install/robot_wasd/lib/python3.12/site-packages/robot_wasd/publisher_fun.py to publisher_fun.cpython-312.pyc
[1.126s] byte-compiling /home/marco/ros2_ws/install/robot_wasd/lib/python3.12/site-packages/robot_wasd/__init__.py to __init__.cpython-312.pyc
[1.126s] running install_data
[1.126s] creating /home/marco/ros2_ws/install/robot_wasd/share/ament_index
[1.126s] creating /home/marco/ros2_ws/install/robot_wasd/share/ament_index/resource_index
[1.127s] creating /home/marco/ros2_ws/install/robot_wasd/share/ament_index/resource_index/packages
[1.127s] copying resource/robot_wasd -> /home/marco/ros2_ws/install/robot_wasd/share/ament_index/resource_index/packages
[1.127s] copying package.xml -> /home/marco/ros2_ws/install/robot_wasd/share/robot_wasd
[1.127s] creating /home/marco/ros2_ws/install/robot_wasd/share/robot_wasd/launch
[1.127s] copying robot_wasd/launch/rob.launch.py -> /home/marco/ros2_ws/install/robot_wasd/share/robot_wasd/launch
[1.127s] creating /home/marco/ros2_ws/install/robot_wasd/share/robot_wasd/urdf
[1.127s] copying robot_wasd/urdf/robot_plan.urdf -> /home/marco/ros2_ws/install/robot_wasd/share/robot_wasd/urdf
[1.127s] creating /home/marco/ros2_ws/install/robot_wasd/share/robot_wasd/rviz
[1.127s] copying robot_wasd/rviz/view.rviz -> /home/marco/ros2_ws/install/robot_wasd/share/robot_wasd/rviz
[1.127s] running install_egg_info
[1.138s] Copying ../../build/robot_wasd/robot_wasd.egg-info to /home/marco/ros2_ws/install/robot_wasd/lib/python3.12/site-packages/robot_wasd-0.0.0-py3.12.egg-info
[1.138s] running install_scripts
[1.209s] Installing main_node script to /home/marco/ros2_ws/install/robot_wasd/lib/robot_wasd
[1.209s] writing list of installed files to '/home/marco/ros2_ws/build/robot_wasd/install.log'
[1.238s] Invoked command in '/home/marco/ros2_ws/src/robot_wasd' returned '0': DEBUGINFOD_URLS=https://debuginfod.ubuntu.com PYTHONPATH=/home/marco/ros2_ws/build/robot_wasd/prefix_override:/usr/lib/python3/dist-packages/colcon_core/task/python/colcon_distutils_commands:/home/marco/ros2_ws/install/robot_wasd/lib/python3.12/site-packages:${PYTHONPATH} /usr/bin/python3 -W ignore:setup.py install is deprecated -W ignore:easy_install command is deprecated setup.py egg_info --egg-base ../../build/robot_wasd build --build-base /home/marco/ros2_ws/build/robot_wasd/build install --record /home/marco/ros2_ws/build/robot_wasd/install.log --single-version-externally-managed install_data
