[0.955s] Invoking command in '/home/marco/ros2_ws/build/robot_square': DEBUGINFOD_URLS=https://debuginfod.ubuntu.com PYTHONPATH=/home/marco/ros2_ws/build/robot_square/prefix_override:/usr/lib/python3/dist-packages/colcon_core/task/python/colcon_distutils_commands:/home/marco/ros2_ws/install/robot_square/lib/python3.12/site-packages:${PYTHONPATH} /usr/bin/python3 -W ignore:setup.py install is deprecated -W ignore:easy_install command is deprecated setup.py develop --editable --build-directory /home/marco/ros2_ws/build/robot_square/build --no-deps symlink_data --force
[1.146s] running develop
[1.250s] running egg_info
[1.260s] writing robot_square.egg-info/PKG-INFO
[1.260s] writing dependency_links to robot_square.egg-info/dependency_links.txt
[1.261s] writing entry points to robot_square.egg-info/entry_points.txt
[1.261s] writing requirements to robot_square.egg-info/requires.txt
[1.261s] writing top-level names to robot_square.egg-info/top_level.txt
[1.281s] reading manifest file 'robot_square.egg-info/SOURCES.txt'
[1.281s] writing manifest file 'robot_square.egg-info/SOURCES.txt'
[1.293s] running build_ext
[1.293s] Creating /home/marco/ros2_ws/install/robot_square/lib/python3.12/site-packages/robot-square.egg-link (link to .)
[1.293s] Installing talker script to /home/marco/ros2_ws/install/robot_square/lib/robot_square
[1.293s] 
[1.293s] Installed /home/marco/ros2_ws/build/robot_square
[1.293s] running symlink_data
[1.294s] creating /home/marco/ros2_ws/install/robot_square/share/ament_index
[1.294s] creating /home/marco/ros2_ws/install/robot_square/share/ament_index/resource_index
[1.294s] creating /home/marco/ros2_ws/install/robot_square/share/ament_index/resource_index/packages
[1.294s] error: [Errno 2] No such file or directory: '/home/marco/ros2_ws/install/robot_square/share/ament_index/resource_index/packages/robot_square'
