[0.614s] Invoking command in '/home/marco/ros2_ws/build/urdf_tutorial': CMAKE_PREFIX_PATH=${CMAKE_PREFIX_PATH}:/home/marco/ros2_ws/install/robot_wasd:/home/marco/ros2_ws/install/robot_square:/home/marco/ros2_ws/install/robot_plan_1dof:/home/marco/ros2_ws/install/robot_master_slave:/home/marco/ros2_ws/install/py_pubsub:/home/marco/ros2_ws/install/prova_gz:/home/marco/ros2_ws/install/6dof_package:/home/marco/ros2_ws/install/6dof:/opt/ros/jazzy DEBUGINFOD_URLS=https://debuginfod.ubuntu.com /usr/bin/cmake /home/marco/ros2_ws/src/urdf_tutorial -DCMAKE_INSTALL_PREFIX=/home/marco/ros2_ws/install/urdf_tutorial
[0.624s] -- Found ament_cmake: 2.5.4 (/opt/ros/jazzy/share/ament_cmake/cmake)
[0.799s] -- Override CMake install command with custom implementation using symlinks instead of copying resources
[0.806s] -- Found ament_lint_auto: 0.17.3 (/opt/ros/jazzy/share/ament_lint_auto/cmake)
[0.881s] -- Configuring done (0.3s)
[0.883s] -- Generating done (0.0s)
[0.883s] -- Build files have been written to: /home/marco/ros2_ws/build/urdf_tutorial
[0.885s] Invoked command in '/home/marco/ros2_ws/build/urdf_tutorial' returned '0': CMAKE_PREFIX_PATH=${CMAKE_PREFIX_PATH}:/home/marco/ros2_ws/install/robot_wasd:/home/marco/ros2_ws/install/robot_square:/home/marco/ros2_ws/install/robot_plan_1dof:/home/marco/ros2_ws/install/robot_master_slave:/home/marco/ros2_ws/install/py_pubsub:/home/marco/ros2_ws/install/prova_gz:/home/marco/ros2_ws/install/6dof_package:/home/marco/ros2_ws/install/6dof:/opt/ros/jazzy DEBUGINFOD_URLS=https://debuginfod.ubuntu.com /usr/bin/cmake /home/marco/ros2_ws/src/urdf_tutorial -DCMAKE_INSTALL_PREFIX=/home/marco/ros2_ws/install/urdf_tutorial
[0.887s] Invoking command in '/home/marco/ros2_ws/build/urdf_tutorial': CMAKE_PREFIX_PATH=${CMAKE_PREFIX_PATH}:/home/marco/ros2_ws/install/robot_wasd:/home/marco/ros2_ws/install/robot_square:/home/marco/ros2_ws/install/robot_plan_1dof:/home/marco/ros2_ws/install/robot_master_slave:/home/marco/ros2_ws/install/py_pubsub:/home/marco/ros2_ws/install/prova_gz:/home/marco/ros2_ws/install/6dof_package:/home/marco/ros2_ws/install/6dof:/opt/ros/jazzy DEBUGINFOD_URLS=https://debuginfod.ubuntu.com /usr/bin/cmake --build /home/marco/ros2_ws/build/urdf_tutorial -- -j16 -l16
[0.922s] Invoked command in '/home/marco/ros2_ws/build/urdf_tutorial' returned '0': CMAKE_PREFIX_PATH=${CMAKE_PREFIX_PATH}:/home/marco/ros2_ws/install/robot_wasd:/home/marco/ros2_ws/install/robot_square:/home/marco/ros2_ws/install/robot_plan_1dof:/home/marco/ros2_ws/install/robot_master_slave:/home/marco/ros2_ws/install/py_pubsub:/home/marco/ros2_ws/install/prova_gz:/home/marco/ros2_ws/install/6dof_package:/home/marco/ros2_ws/install/6dof:/opt/ros/jazzy DEBUGINFOD_URLS=https://debuginfod.ubuntu.com /usr/bin/cmake --build /home/marco/ros2_ws/build/urdf_tutorial -- -j16 -l16
[0.931s] Invoking command in '/home/marco/ros2_ws/build/urdf_tutorial': CMAKE_PREFIX_PATH=${CMAKE_PREFIX_PATH}:/home/marco/ros2_ws/install/robot_wasd:/home/marco/ros2_ws/install/robot_square:/home/marco/ros2_ws/install/robot_plan_1dof:/home/marco/ros2_ws/install/robot_master_slave:/home/marco/ros2_ws/install/py_pubsub:/home/marco/ros2_ws/install/prova_gz:/home/marco/ros2_ws/install/6dof_package:/home/marco/ros2_ws/install/6dof:/opt/ros/jazzy DEBUGINFOD_URLS=https://debuginfod.ubuntu.com /usr/bin/cmake --install /home/marco/ros2_ws/build/urdf_tutorial
[0.939s] -- Install configuration: ""
[0.939s] -- Execute custom install script
[0.940s] -- Up-to-date symlink: /home/marco/ros2_ws/install/urdf_tutorial/share/urdf_tutorial/images/flexible.png
[0.940s] -- Up-to-date symlink: /home/marco/ros2_ws/install/urdf_tutorial/share/urdf_tutorial/images/materials.png
[0.940s] -- Up-to-date symlink: /home/marco/ros2_ws/install/urdf_tutorial/share/urdf_tutorial/images/multipleshapes.png
[0.940s] -- Up-to-date symlink: /home/marco/ros2_ws/install/urdf_tutorial/share/urdf_tutorial/images/myfirst.png
[0.940s] -- Up-to-date symlink: /home/marco/ros2_ws/install/urdf_tutorial/share/urdf_tutorial/images/origins.png
[0.940s] -- Up-to-date symlink: /home/marco/ros2_ws/install/urdf_tutorial/share/urdf_tutorial/images/visual.png
[0.940s] -- Up-to-date symlink: /home/marco/ros2_ws/install/urdf_tutorial/share/urdf_tutorial/launch/display.launch.py
[0.941s] -- Up-to-date symlink: /home/marco/ros2_ws/install/urdf_tutorial/share/urdf_tutorial/meshes/l_finger.dae
[0.941s] -- Up-to-date symlink: /home/marco/ros2_ws/install/urdf_tutorial/share/urdf_tutorial/meshes/l_finger_color.png
[0.941s] -- Up-to-date symlink: /home/marco/ros2_ws/install/urdf_tutorial/share/urdf_tutorial/meshes/l_finger_tip.dae
[0.941s] -- Up-to-date symlink: /home/marco/ros2_ws/install/urdf_tutorial/share/urdf_tutorial/meshes/l_finger_tip_color.png
[0.941s] -- Up-to-date symlink: /home/marco/ros2_ws/install/urdf_tutorial/share/urdf_tutorial/rviz/urdf.rviz
[0.941s] -- Up-to-date symlink: /home/marco/ros2_ws/install/urdf_tutorial/share/urdf_tutorial/urdf/01-myfirst.urdf
[0.941s] -- Up-to-date symlink: /home/marco/ros2_ws/install/urdf_tutorial/share/urdf_tutorial/urdf/02-multipleshapes.urdf
[0.941s] -- Up-to-date symlink: /home/marco/ros2_ws/install/urdf_tutorial/share/urdf_tutorial/urdf/03-origins.urdf
[0.941s] -- Up-to-date symlink: /home/marco/ros2_ws/install/urdf_tutorial/share/urdf_tutorial/urdf/04-materials.urdf
[0.942s] -- Up-to-date symlink: /home/marco/ros2_ws/install/urdf_tutorial/share/urdf_tutorial/urdf/05-visual.urdf
[0.942s] -- Up-to-date symlink: /home/marco/ros2_ws/install/urdf_tutorial/share/urdf_tutorial/urdf/06-flexible.urdf
[0.942s] -- Up-to-date symlink: /home/marco/ros2_ws/install/urdf_tutorial/share/urdf_tutorial/urdf/07-physics.urdf
[0.942s] -- Up-to-date symlink: /home/marco/ros2_ws/install/urdf_tutorial/share/urdf_tutorial/urdf/08-macroed.urdf.xacro
[0.942s] -- Up-to-date symlink: /home/marco/ros2_ws/install/urdf_tutorial/share/ament_index/resource_index/package_run_dependencies/urdf_tutorial
[0.942s] -- Up-to-date symlink: /home/marco/ros2_ws/install/urdf_tutorial/share/ament_index/resource_index/parent_prefix_path/urdf_tutorial
[0.943s] -- Up-to-date symlink: /home/marco/ros2_ws/install/urdf_tutorial/share/urdf_tutorial/environment/ament_prefix_path.sh
[0.943s] -- Up-to-date symlink: /home/marco/ros2_ws/install/urdf_tutorial/share/urdf_tutorial/environment/ament_prefix_path.dsv
[0.943s] -- Up-to-date symlink: /home/marco/ros2_ws/install/urdf_tutorial/share/urdf_tutorial/environment/path.sh
[0.943s] -- Up-to-date symlink: /home/marco/ros2_ws/install/urdf_tutorial/share/urdf_tutorial/environment/path.dsv
[0.943s] -- Up-to-date symlink: /home/marco/ros2_ws/install/urdf_tutorial/share/urdf_tutorial/local_setup.bash
[0.943s] -- Up-to-date symlink: /home/marco/ros2_ws/install/urdf_tutorial/share/urdf_tutorial/local_setup.sh
[0.943s] -- Up-to-date symlink: /home/marco/ros2_ws/install/urdf_tutorial/share/urdf_tutorial/local_setup.zsh
[0.943s] -- Up-to-date symlink: /home/marco/ros2_ws/install/urdf_tutorial/share/urdf_tutorial/local_setup.dsv
[0.944s] -- Symlinking: /home/marco/ros2_ws/install/urdf_tutorial/share/urdf_tutorial/package.dsv
[0.954s] -- Up-to-date symlink: /home/marco/ros2_ws/install/urdf_tutorial/share/ament_index/resource_index/packages/urdf_tutorial
[0.954s] -- Up-to-date symlink: /home/marco/ros2_ws/install/urdf_tutorial/share/urdf_tutorial/cmake/urdf_tutorialConfig.cmake
[0.954s] -- Up-to-date symlink: /home/marco/ros2_ws/install/urdf_tutorial/share/urdf_tutorial/cmake/urdf_tutorialConfig-version.cmake
[0.954s] -- Up-to-date symlink: /home/marco/ros2_ws/install/urdf_tutorial/share/urdf_tutorial/package.xml
[0.956s] Invoked command in '/home/marco/ros2_ws/build/urdf_tutorial' returned '0': CMAKE_PREFIX_PATH=${CMAKE_PREFIX_PATH}:/home/marco/ros2_ws/install/robot_wasd:/home/marco/ros2_ws/install/robot_square:/home/marco/ros2_ws/install/robot_plan_1dof:/home/marco/ros2_ws/install/robot_master_slave:/home/marco/ros2_ws/install/py_pubsub:/home/marco/ros2_ws/install/prova_gz:/home/marco/ros2_ws/install/6dof_package:/home/marco/ros2_ws/install/6dof:/opt/ros/jazzy DEBUGINFOD_URLS=https://debuginfod.ubuntu.com /usr/bin/cmake --install /home/marco/ros2_ws/build/urdf_tutorial
