[0.964s] Invoking command in '/home/marco/ros2_ws/build/6dof_package': DEBUGINFOD_URLS=https://debuginfod.ubuntu.com PYTHONPATH=/home/marco/ros2_ws/build/6dof_package/prefix_override:/usr/lib/python3/dist-packages/colcon_core/task/python/colcon_distutils_commands:/home/marco/ros2_ws/install/6dof_package/lib/python3.12/site-packages:${PYTHONPATH} /usr/bin/python3 -W ignore:setup.py install is deprecated -W ignore:easy_install command is deprecated setup.py develop --editable --build-directory /home/marco/ros2_ws/build/6dof_package/build --no-deps symlink_data --force
[1.166s] running develop
[1.270s] running egg_info
[1.280s] writing 6dof_package.egg-info/PKG-INFO
[1.280s] writing dependency_links to 6dof_package.egg-info/dependency_links.txt
[1.280s] writing entry points to 6dof_package.egg-info/entry_points.txt
[1.280s] writing requirements to 6dof_package.egg-info/requires.txt
[1.280s] writing top-level names to 6dof_package.egg-info/top_level.txt
[1.301s] reading manifest file '6dof_package.egg-info/SOURCES.txt'
[1.302s] writing manifest file '6dof_package.egg-info/SOURCES.txt'
[1.314s] running build_ext
[1.314s] Creating /home/marco/ros2_ws/install/6dof_package/lib/python3.12/site-packages/6dof-package.egg-link (link to .)
[1.315s] Installing 6dof_node script to /home/marco/ros2_ws/install/6dof_package/lib/6dof_package
[1.315s] 
[1.315s] Installed /home/marco/ros2_ws/build/6dof_package
[1.315s] running symlink_data
[1.315s] creating /home/marco/ros2_ws/install/6dof_package/share/ament_index
[1.315s] creating /home/marco/ros2_ws/install/6dof_package/share/ament_index/resource_index
[1.315s] creating /home/marco/ros2_ws/install/6dof_package/share/ament_index/resource_index/packages
[1.315s] error: [Errno 2] No such file or directory: '/home/marco/ros2_ws/install/6dof_package/share/ament_index/resource_index/packages/6dof_package'
