[1.025s] Invoking command in '/home/marco/ros2_ws/build/prova_gz': DEBUGINFOD_URLS=https://debuginfod.ubuntu.com PYTHONPATH=/home/marco/ros2_ws/build/prova_gz/prefix_override:/usr/lib/python3/dist-packages/colcon_core/task/python/colcon_distutils_commands:/home/marco/ros2_ws/install/prova_gz/lib/python3.12/site-packages:${PYTHONPATH} /usr/bin/python3 -W ignore:setup.py install is deprecated -W ignore:easy_install command is deprecated setup.py develop --editable --build-directory /home/marco/ros2_ws/build/prova_gz/build --no-deps symlink_data
[1.205s] running develop
[1.306s] running egg_info
[1.306s] creating prova_gz.egg-info
[1.315s] writing prova_gz.egg-info/PKG-INFO
[1.315s] writing dependency_links to prova_gz.egg-info/dependency_links.txt
[1.315s] writing requirements to prova_gz.egg-info/requires.txt
[1.316s] writing top-level names to prova_gz.egg-info/top_level.txt
[1.316s] writing manifest file 'prova_gz.egg-info/SOURCES.txt'
[1.335s] reading manifest file 'prova_gz.egg-info/SOURCES.txt'
[1.335s] writing manifest file 'prova_gz.egg-info/SOURCES.txt'
[1.346s] running build_ext
[1.346s] Creating /home/marco/ros2_ws/install/prova_gz/lib/python3.12/site-packages/prova-gz.egg-link (link to .)
[1.346s] 
[1.346s] Installed /home/marco/ros2_ws/build/prova_gz
[1.346s] running symlink_data
[1.347s] creating /home/marco/ros2_ws/install/prova_gz/share/ament_index
[1.347s] creating /home/marco/ros2_ws/install/prova_gz/share/ament_index/resource_index
[1.347s] creating /home/marco/ros2_ws/install/prova_gz/share/ament_index/resource_index/packages
[1.347s] symbolically linking /home/marco/ros2_ws/build/prova_gz/resource/prova_gz -> /home/marco/ros2_ws/install/prova_gz/share/ament_index/resource_index/packages
[1.347s] symbolically linking /home/marco/ros2_ws/build/prova_gz/package.xml -> /home/marco/ros2_ws/install/prova_gz/share/prova_gz
[1.370s] Invoked command in '/home/marco/ros2_ws/build/prova_gz' returned '0': DEBUGINFOD_URLS=https://debuginfod.ubuntu.com PYTHONPATH=/home/marco/ros2_ws/build/prova_gz/prefix_override:/usr/lib/python3/dist-packages/colcon_core/task/python/colcon_distutils_commands:/home/marco/ros2_ws/install/prova_gz/lib/python3.12/site-packages:${PYTHONPATH} /usr/bin/python3 -W ignore:setup.py install is deprecated -W ignore:easy_install command is deprecated setup.py develop --editable --build-directory /home/marco/ros2_ws/build/prova_gz/build --no-deps symlink_data
