[0.448s] Invoking command in '/home/marco/ros2_ws/build/robot_plan_1dof': DEBUGINFOD_URLS=https://debuginfod.ubuntu.com PYTHONPATH=/home/marco/ros2_ws/build/robot_plan_1dof/prefix_override:/usr/lib/python3/dist-packages/colcon_core/task/python/colcon_distutils_commands:/home/marco/ros2_ws/install/robot_plan_1dof/lib/python3.12/site-packages:${PYTHONPATH} /usr/bin/python3 -W ignore:setup.py install is deprecated -W ignore:easy_install command is deprecated setup.py develop --editable --build-directory /home/marco/ros2_ws/build/robot_plan_1dof/build --no-deps symlink_data
[0.616s] running develop
[0.704s] running egg_info
[0.712s] writing robot_plan_1dof.egg-info/PKG-INFO
[0.712s] writing dependency_links to robot_plan_1dof.egg-info/dependency_links.txt
[0.712s] writing entry points to robot_plan_1dof.egg-info/entry_points.txt
[0.712s] writing requirements to robot_plan_1dof.egg-info/requires.txt
[0.712s] writing top-level names to robot_plan_1dof.egg-info/top_level.txt
[0.729s] reading manifest file 'robot_plan_1dof.egg-info/SOURCES.txt'
[0.730s] writing manifest file 'robot_plan_1dof.egg-info/SOURCES.txt'
[0.739s] running build_ext
[0.739s] Creating /home/marco/ros2_ws/install/robot_plan_1dof/lib/python3.12/site-packages/robot-plan-1dof.egg-link (link to .)
[0.739s] Installing listener script to /home/marco/ros2_ws/install/robot_plan_1dof/lib/robot_plan_1dof
[0.739s] Installing talker script to /home/marco/ros2_ws/install/robot_plan_1dof/lib/robot_plan_1dof
[0.739s] 
[0.739s] Installed /home/marco/ros2_ws/build/robot_plan_1dof
[0.739s] running symlink_data
[0.741s] creating /home/marco/ros2_ws/install/robot_plan_1dof/share/robot_plan_1dof/launch
[0.741s] creating /home/marco/ros2_ws/install/robot_plan_1dof/share/robot_plan_1dof/urdf
[0.741s] symbolically linking /home/marco/ros2_ws/build/robot_plan_1dof/robot_plan_1dof/urdf/robot_plan.urdf -> /home/marco/ros2_ws/install/robot_plan_1dof/share/robot_plan_1dof/urdf
[0.741s] creating /home/marco/ros2_ws/install/robot_plan_1dof/share/robot_plan_1dof/rviz
[0.741s] symbolically linking /home/marco/ros2_ws/build/robot_plan_1dof/robot_plan_1dof/rviz/view.rviz -> /home/marco/ros2_ws/install/robot_plan_1dof/share/robot_plan_1dof/rviz
[0.758s] Invoked command in '/home/marco/ros2_ws/build/robot_plan_1dof' returned '0': DEBUGINFOD_URLS=https://debuginfod.ubuntu.com PYTHONPATH=/home/marco/ros2_ws/build/robot_plan_1dof/prefix_override:/usr/lib/python3/dist-packages/colcon_core/task/python/colcon_distutils_commands:/home/marco/ros2_ws/install/robot_plan_1dof/lib/python3.12/site-packages:${PYTHONPATH} /usr/bin/python3 -W ignore:setup.py install is deprecated -W ignore:easy_install command is deprecated setup.py develop --editable --build-directory /home/marco/ros2_ws/build/robot_plan_1dof/build --no-deps symlink_data
