[0.257s] DEBUG:colcon:Command line arguments: ['/usr/bin/colcon', 'build', '--symlink-install']
[0.257s] DEBUG:colcon:Parsed command line arguments: Namespace(log_base=None, log_level=None, verb_name='build', build_base='build', install_base='install', merge_install=False, symlink_install=True, test_result_base=None, continue_on_error=False, executor='parallel', parallel_workers=16, event_handlers=None, ignore_user_meta=False, metas=['./colcon.meta'], base_paths=['.'], packages_ignore=None, packages_ignore_regex=None, paths=None, packages_up_to=None, packages_up_to_regex=None, packages_above=None, packages_above_and_dependencies=None, packages_above_depth=None, packages_select_by_dep=None, packages_skip_by_dep=None, packages_skip_up_to=None, packages_select_build_failed=False, packages_skip_build_finished=False, packages_select_test_failures=False, packages_skip_test_passed=False, packages_select=None, packages_skip=None, packages_select_regex=None, packages_skip_regex=None, packages_start=None, packages_end=None, allow_overriding=[], cmake_args=None, cmake_target=None, cmake_target_skip_unavailable=False, cmake_clean_cache=False, cmake_clean_first=False, cmake_force_configure=False, ament_cmake_args=None, catkin_cmake_args=None, catkin_skip_building_tests=False, verb_parser=<colcon_defaults.argument_parser.defaults.DefaultArgumentsDecorator object at 0x70193edc3a70>, verb_extension=<colcon_core.verb.build.BuildVerb object at 0x70193efbd970>, main=<bound method BuildVerb.main of <colcon_core.verb.build.BuildVerb object at 0x70193efbd970>>)
[0.375s] Level 1:colcon.colcon_core.package_discovery:discover_packages(colcon_meta) check parameters
[0.375s] Level 1:colcon.colcon_core.package_discovery:discover_packages(recursive) check parameters
[0.375s] Level 1:colcon.colcon_core.package_discovery:discover_packages(ignore) check parameters
[0.375s] Level 1:colcon.colcon_core.package_discovery:discover_packages(path) check parameters
[0.375s] Level 1:colcon.colcon_core.package_discovery:discover_packages(colcon_meta) discover
[0.375s] Level 1:colcon.colcon_core.package_discovery:discover_packages(recursive) discover
[0.375s] INFO:colcon.colcon_core.package_discovery:Crawling recursively for packages in '/home/marco/ros2_ws'
[0.375s] Level 1:colcon.colcon_core.package_identification:_identify(.) by extensions ['ignore', 'ignore_ament_install']
[0.375s] Level 1:colcon.colcon_core.package_identification:_identify(.) by extension 'ignore'
[0.375s] Level 1:colcon.colcon_core.package_identification:_identify(.) by extension 'ignore_ament_install'
[0.375s] Level 1:colcon.colcon_core.package_identification:_identify(.) by extensions ['colcon_pkg']
[0.375s] Level 1:colcon.colcon_core.package_identification:_identify(.) by extension 'colcon_pkg'
[0.375s] Level 1:colcon.colcon_core.package_identification:_identify(.) by extensions ['colcon_meta']
[0.375s] Level 1:colcon.colcon_core.package_identification:_identify(.) by extension 'colcon_meta'
[0.375s] Level 1:colcon.colcon_core.package_identification:_identify(.) by extensions ['ros']
[0.375s] Level 1:colcon.colcon_core.package_identification:_identify(.) by extension 'ros'
[0.395s] Level 1:colcon.colcon_core.package_identification:_identify(.) by extensions ['cmake', 'python']
[0.395s] Level 1:colcon.colcon_core.package_identification:_identify(.) by extension 'cmake'
[0.395s] Level 1:colcon.colcon_core.package_identification:_identify(.) by extension 'python'
[0.395s] Level 1:colcon.colcon_core.package_identification:_identify(.) by extensions ['python_setup_py']
[0.395s] Level 1:colcon.colcon_core.package_identification:_identify(.) by extension 'python_setup_py'
[0.395s] Level 1:colcon.colcon_core.package_identification:_identify(build) by extensions ['ignore', 'ignore_ament_install']
[0.395s] Level 1:colcon.colcon_core.package_identification:_identify(build) by extension 'ignore'
[0.395s] Level 1:colcon.colcon_core.package_identification:_identify(build) ignored
[0.395s] Level 1:colcon.colcon_core.package_identification:_identify(install) by extensions ['ignore', 'ignore_ament_install']
[0.395s] Level 1:colcon.colcon_core.package_identification:_identify(install) by extension 'ignore'
[0.395s] Level 1:colcon.colcon_core.package_identification:_identify(install) ignored
[0.396s] Level 1:colcon.colcon_core.package_identification:_identify(log) by extensions ['ignore', 'ignore_ament_install']
[0.396s] Level 1:colcon.colcon_core.package_identification:_identify(log) by extension 'ignore'
[0.396s] Level 1:colcon.colcon_core.package_identification:_identify(log) ignored
[0.396s] Level 1:colcon.colcon_core.package_identification:_identify(src) by extensions ['ignore', 'ignore_ament_install']
[0.396s] Level 1:colcon.colcon_core.package_identification:_identify(src) by extension 'ignore'
[0.396s] Level 1:colcon.colcon_core.package_identification:_identify(src) by extension 'ignore_ament_install'
[0.396s] Level 1:colcon.colcon_core.package_identification:_identify(src) by extensions ['colcon_pkg']
[0.396s] Level 1:colcon.colcon_core.package_identification:_identify(src) by extension 'colcon_pkg'
[0.396s] Level 1:colcon.colcon_core.package_identification:_identify(src) by extensions ['colcon_meta']
[0.396s] Level 1:colcon.colcon_core.package_identification:_identify(src) by extension 'colcon_meta'
[0.396s] Level 1:colcon.colcon_core.package_identification:_identify(src) by extensions ['ros']
[0.396s] Level 1:colcon.colcon_core.package_identification:_identify(src) by extension 'ros'
[0.396s] Level 1:colcon.colcon_core.package_identification:_identify(src) by extensions ['cmake', 'python']
[0.396s] Level 1:colcon.colcon_core.package_identification:_identify(src) by extension 'cmake'
[0.396s] Level 1:colcon.colcon_core.package_identification:_identify(src) by extension 'python'
[0.396s] Level 1:colcon.colcon_core.package_identification:_identify(src) by extensions ['python_setup_py']
[0.396s] Level 1:colcon.colcon_core.package_identification:_identify(src) by extension 'python_setup_py'
[0.399s] Level 1:colcon.colcon_core.package_identification:_identify(src/6dof_package) by extensions ['ignore', 'ignore_ament_install']
[0.399s] Level 1:colcon.colcon_core.package_identification:_identify(src/6dof_package) by extension 'ignore'
[0.399s] Level 1:colcon.colcon_core.package_identification:_identify(src/6dof_package) by extension 'ignore_ament_install'
[0.399s] Level 1:colcon.colcon_core.package_identification:_identify(src/6dof_package) by extensions ['colcon_pkg']
[0.399s] Level 1:colcon.colcon_core.package_identification:_identify(src/6dof_package) by extension 'colcon_pkg'
[0.399s] Level 1:colcon.colcon_core.package_identification:_identify(src/6dof_package) by extensions ['colcon_meta']
[0.399s] Level 1:colcon.colcon_core.package_identification:_identify(src/6dof_package) by extension 'colcon_meta'
[0.399s] Level 1:colcon.colcon_core.package_identification:_identify(src/6dof_package) by extensions ['ros']
[0.399s] Level 1:colcon.colcon_core.package_identification:_identify(src/6dof_package) by extension 'ros'
[0.403s] DEBUG:colcon.colcon_core.package_identification:Package 'src/6dof_package' with type 'ros.ament_python' and name '6dof_package'
[0.403s] Level 1:colcon.colcon_core.package_identification:_identify(src/robot_plan_1dof) by extensions ['ignore', 'ignore_ament_install']
[0.403s] Level 1:colcon.colcon_core.package_identification:_identify(src/robot_plan_1dof) by extension 'ignore'
[0.403s] Level 1:colcon.colcon_core.package_identification:_identify(src/robot_plan_1dof) by extension 'ignore_ament_install'
[0.403s] Level 1:colcon.colcon_core.package_identification:_identify(src/robot_plan_1dof) by extensions ['colcon_pkg']
[0.403s] Level 1:colcon.colcon_core.package_identification:_identify(src/robot_plan_1dof) by extension 'colcon_pkg'
[0.403s] Level 1:colcon.colcon_core.package_identification:_identify(src/robot_plan_1dof) by extensions ['colcon_meta']
[0.404s] Level 1:colcon.colcon_core.package_identification:_identify(src/robot_plan_1dof) by extension 'colcon_meta'
[0.404s] Level 1:colcon.colcon_core.package_identification:_identify(src/robot_plan_1dof) by extensions ['ros']
[0.404s] Level 1:colcon.colcon_core.package_identification:_identify(src/robot_plan_1dof) by extension 'ros'
[0.404s] DEBUG:colcon.colcon_core.package_identification:Package 'src/robot_plan_1dof' with type 'ros.ament_python' and name 'robot_plan_1dof'
[0.404s] Level 1:colcon.colcon_core.package_identification:_identify(src/robot_square) by extensions ['ignore', 'ignore_ament_install']
[0.404s] Level 1:colcon.colcon_core.package_identification:_identify(src/robot_square) by extension 'ignore'
[0.404s] Level 1:colcon.colcon_core.package_identification:_identify(src/robot_square) by extension 'ignore_ament_install'
[0.404s] Level 1:colcon.colcon_core.package_identification:_identify(src/robot_square) by extensions ['colcon_pkg']
[0.404s] Level 1:colcon.colcon_core.package_identification:_identify(src/robot_square) by extension 'colcon_pkg'
[0.404s] Level 1:colcon.colcon_core.package_identification:_identify(src/robot_square) by extensions ['colcon_meta']
[0.404s] Level 1:colcon.colcon_core.package_identification:_identify(src/robot_square) by extension 'colcon_meta'
[0.404s] Level 1:colcon.colcon_core.package_identification:_identify(src/robot_square) by extensions ['ros']
[0.405s] Level 1:colcon.colcon_core.package_identification:_identify(src/robot_square) by extension 'ros'
[0.405s] DEBUG:colcon.colcon_core.package_identification:Package 'src/robot_square' with type 'ros.ament_python' and name 'robot_square'
[0.405s] Level 1:colcon.colcon_core.package_identification:_identify(src/robot_wasd) by extensions ['ignore', 'ignore_ament_install']
[0.405s] Level 1:colcon.colcon_core.package_identification:_identify(src/robot_wasd) by extension 'ignore'
[0.406s] Level 1:colcon.colcon_core.package_identification:_identify(src/robot_wasd) by extension 'ignore_ament_install'
[0.406s] Level 1:colcon.colcon_core.package_identification:_identify(src/robot_wasd) by extensions ['colcon_pkg']
[0.406s] Level 1:colcon.colcon_core.package_identification:_identify(src/robot_wasd) by extension 'colcon_pkg'
[0.406s] Level 1:colcon.colcon_core.package_identification:_identify(src/robot_wasd) by extensions ['colcon_meta']
[0.406s] Level 1:colcon.colcon_core.package_identification:_identify(src/robot_wasd) by extension 'colcon_meta'
[0.406s] Level 1:colcon.colcon_core.package_identification:_identify(src/robot_wasd) by extensions ['ros']
[0.406s] Level 1:colcon.colcon_core.package_identification:_identify(src/robot_wasd) by extension 'ros'
[0.407s] DEBUG:colcon.colcon_core.package_identification:Package 'src/robot_wasd' with type 'ros.ament_python' and name 'robot_wasd'
[0.407s] Level 1:colcon.colcon_core.package_identification:_identify(src/urdf_tutorial) by extensions ['ignore', 'ignore_ament_install']
[0.407s] Level 1:colcon.colcon_core.package_identification:_identify(src/urdf_tutorial) by extension 'ignore'
[0.407s] Level 1:colcon.colcon_core.package_identification:_identify(src/urdf_tutorial) by extension 'ignore_ament_install'
[0.407s] Level 1:colcon.colcon_core.package_identification:_identify(src/urdf_tutorial) by extensions ['colcon_pkg']
[0.407s] Level 1:colcon.colcon_core.package_identification:_identify(src/urdf_tutorial) by extension 'colcon_pkg'
[0.407s] Level 1:colcon.colcon_core.package_identification:_identify(src/urdf_tutorial) by extensions ['colcon_meta']
[0.407s] Level 1:colcon.colcon_core.package_identification:_identify(src/urdf_tutorial) by extension 'colcon_meta'
[0.407s] Level 1:colcon.colcon_core.package_identification:_identify(src/urdf_tutorial) by extensions ['ros']
[0.407s] Level 1:colcon.colcon_core.package_identification:_identify(src/urdf_tutorial) by extension 'ros'
[0.408s] DEBUG:colcon.colcon_core.package_identification:Package 'src/urdf_tutorial' with type 'ros.ament_cmake' and name 'urdf_tutorial'
[0.408s] Level 1:colcon.colcon_core.package_identification:_identify(src/utils) by extensions ['ignore', 'ignore_ament_install']
[0.408s] Level 1:colcon.colcon_core.package_identification:_identify(src/utils) by extension 'ignore'
[0.408s] Level 1:colcon.colcon_core.package_identification:_identify(src/utils) by extension 'ignore_ament_install'
[0.408s] Level 1:colcon.colcon_core.package_identification:_identify(src/utils) by extensions ['colcon_pkg']
[0.408s] Level 1:colcon.colcon_core.package_identification:_identify(src/utils) by extension 'colcon_pkg'
[0.408s] Level 1:colcon.colcon_core.package_identification:_identify(src/utils) by extensions ['colcon_meta']
[0.408s] Level 1:colcon.colcon_core.package_identification:_identify(src/utils) by extension 'colcon_meta'
[0.408s] Level 1:colcon.colcon_core.package_identification:_identify(src/utils) by extensions ['ros']
[0.408s] Level 1:colcon.colcon_core.package_identification:_identify(src/utils) by extension 'ros'
[0.408s] Level 1:colcon.colcon_core.package_identification:_identify(src/utils) by extensions ['cmake', 'python']
[0.408s] Level 1:colcon.colcon_core.package_identification:_identify(src/utils) by extension 'cmake'
[0.409s] Level 1:colcon.colcon_core.package_identification:_identify(src/utils) by extension 'python'
[0.409s] Level 1:colcon.colcon_core.package_identification:_identify(src/utils) by extensions ['python_setup_py']
[0.409s] Level 1:colcon.colcon_core.package_identification:_identify(src/utils) by extension 'python_setup_py'
[0.409s] Level 1:colcon.colcon_core.package_discovery:discover_packages(recursive) using defaults
[0.409s] Level 1:colcon.colcon_core.package_discovery:discover_packages(ignore) discover
[0.409s] Level 1:colcon.colcon_core.package_discovery:discover_packages(ignore) using defaults
[0.409s] Level 1:colcon.colcon_core.package_discovery:discover_packages(path) discover
[0.409s] Level 1:colcon.colcon_core.package_discovery:discover_packages(path) using defaults
[0.433s] Level 1:colcon.colcon_core.package_discovery:discover_packages(prefix_path) check parameters
[0.434s] Level 1:colcon.colcon_core.package_discovery:discover_packages(prefix_path) discover
[0.436s] DEBUG:colcon.colcon_installed_package_information.package_discovery:Found 288 installed packages in /opt/ros/jazzy
[0.437s] Level 1:colcon.colcon_core.package_discovery:discover_packages(prefix_path) using defaults
[0.464s] Level 5:colcon.colcon_core.verb:set package '6dof_package' build argument 'cmake_args' from command line to 'None'
[0.464s] Level 5:colcon.colcon_core.verb:set package '6dof_package' build argument 'cmake_target' from command line to 'None'
[0.464s] Level 5:colcon.colcon_core.verb:set package '6dof_package' build argument 'cmake_target_skip_unavailable' from command line to 'False'
[0.464s] Level 5:colcon.colcon_core.verb:set package '6dof_package' build argument 'cmake_clean_cache' from command line to 'False'
[0.464s] Level 5:colcon.colcon_core.verb:set package '6dof_package' build argument 'cmake_clean_first' from command line to 'False'
[0.464s] Level 5:colcon.colcon_core.verb:set package '6dof_package' build argument 'cmake_force_configure' from command line to 'False'
[0.464s] Level 5:colcon.colcon_core.verb:set package '6dof_package' build argument 'ament_cmake_args' from command line to 'None'
[0.464s] Level 5:colcon.colcon_core.verb:set package '6dof_package' build argument 'catkin_cmake_args' from command line to 'None'
[0.464s] Level 5:colcon.colcon_core.verb:set package '6dof_package' build argument 'catkin_skip_building_tests' from command line to 'False'
[0.464s] DEBUG:colcon.colcon_core.verb:Building package '6dof_package' with the following arguments: {'ament_cmake_args': None, 'build_base': '/home/marco/ros2_ws/build/6dof_package', 'catkin_cmake_args': None, 'catkin_skip_building_tests': False, 'cmake_args': None, 'cmake_clean_cache': False, 'cmake_clean_first': False, 'cmake_force_configure': False, 'cmake_target': None, 'cmake_target_skip_unavailable': False, 'install_base': '/home/marco/ros2_ws/install/6dof_package', 'merge_install': False, 'path': '/home/marco/ros2_ws/src/6dof_package', 'symlink_install': True, 'test_result_base': None}
[0.465s] Level 5:colcon.colcon_core.verb:set package 'robot_plan_1dof' build argument 'cmake_args' from command line to 'None'
[0.465s] Level 5:colcon.colcon_core.verb:set package 'robot_plan_1dof' build argument 'cmake_target' from command line to 'None'
[0.465s] Level 5:colcon.colcon_core.verb:set package 'robot_plan_1dof' build argument 'cmake_target_skip_unavailable' from command line to 'False'
[0.465s] Level 5:colcon.colcon_core.verb:set package 'robot_plan_1dof' build argument 'cmake_clean_cache' from command line to 'False'
[0.465s] Level 5:colcon.colcon_core.verb:set package 'robot_plan_1dof' build argument 'cmake_clean_first' from command line to 'False'
[0.465s] Level 5:colcon.colcon_core.verb:set package 'robot_plan_1dof' build argument 'cmake_force_configure' from command line to 'False'
[0.465s] Level 5:colcon.colcon_core.verb:set package 'robot_plan_1dof' build argument 'ament_cmake_args' from command line to 'None'
[0.465s] Level 5:colcon.colcon_core.verb:set package 'robot_plan_1dof' build argument 'catkin_cmake_args' from command line to 'None'
[0.465s] Level 5:colcon.colcon_core.verb:set package 'robot_plan_1dof' build argument 'catkin_skip_building_tests' from command line to 'False'
[0.465s] DEBUG:colcon.colcon_core.verb:Building package 'robot_plan_1dof' with the following arguments: {'ament_cmake_args': None, 'build_base': '/home/marco/ros2_ws/build/robot_plan_1dof', 'catkin_cmake_args': None, 'catkin_skip_building_tests': False, 'cmake_args': None, 'cmake_clean_cache': False, 'cmake_clean_first': False, 'cmake_force_configure': False, 'cmake_target': None, 'cmake_target_skip_unavailable': False, 'install_base': '/home/marco/ros2_ws/install/robot_plan_1dof', 'merge_install': False, 'path': '/home/marco/ros2_ws/src/robot_plan_1dof', 'symlink_install': True, 'test_result_base': None}
[0.465s] Level 5:colcon.colcon_core.verb:set package 'robot_square' build argument 'cmake_args' from command line to 'None'
[0.465s] Level 5:colcon.colcon_core.verb:set package 'robot_square' build argument 'cmake_target' from command line to 'None'
[0.465s] Level 5:colcon.colcon_core.verb:set package 'robot_square' build argument 'cmake_target_skip_unavailable' from command line to 'False'
[0.465s] Level 5:colcon.colcon_core.verb:set package 'robot_square' build argument 'cmake_clean_cache' from command line to 'False'
[0.465s] Level 5:colcon.colcon_core.verb:set package 'robot_square' build argument 'cmake_clean_first' from command line to 'False'
[0.465s] Level 5:colcon.colcon_core.verb:set package 'robot_square' build argument 'cmake_force_configure' from command line to 'False'
[0.465s] Level 5:colcon.colcon_core.verb:set package 'robot_square' build argument 'ament_cmake_args' from command line to 'None'
[0.465s] Level 5:colcon.colcon_core.verb:set package 'robot_square' build argument 'catkin_cmake_args' from command line to 'None'
[0.465s] Level 5:colcon.colcon_core.verb:set package 'robot_square' build argument 'catkin_skip_building_tests' from command line to 'False'
[0.465s] DEBUG:colcon.colcon_core.verb:Building package 'robot_square' with the following arguments: {'ament_cmake_args': None, 'build_base': '/home/marco/ros2_ws/build/robot_square', 'catkin_cmake_args': None, 'catkin_skip_building_tests': False, 'cmake_args': None, 'cmake_clean_cache': False, 'cmake_clean_first': False, 'cmake_force_configure': False, 'cmake_target': None, 'cmake_target_skip_unavailable': False, 'install_base': '/home/marco/ros2_ws/install/robot_square', 'merge_install': False, 'path': '/home/marco/ros2_ws/src/robot_square', 'symlink_install': True, 'test_result_base': None}
[0.465s] Level 5:colcon.colcon_core.verb:set package 'robot_wasd' build argument 'cmake_args' from command line to 'None'
[0.465s] Level 5:colcon.colcon_core.verb:set package 'robot_wasd' build argument 'cmake_target' from command line to 'None'
[0.465s] Level 5:colcon.colcon_core.verb:set package 'robot_wasd' build argument 'cmake_target_skip_unavailable' from command line to 'False'
[0.465s] Level 5:colcon.colcon_core.verb:set package 'robot_wasd' build argument 'cmake_clean_cache' from command line to 'False'
[0.465s] Level 5:colcon.colcon_core.verb:set package 'robot_wasd' build argument 'cmake_clean_first' from command line to 'False'
[0.465s] Level 5:colcon.colcon_core.verb:set package 'robot_wasd' build argument 'cmake_force_configure' from command line to 'False'
[0.465s] Level 5:colcon.colcon_core.verb:set package 'robot_wasd' build argument 'ament_cmake_args' from command line to 'None'
[0.465s] Level 5:colcon.colcon_core.verb:set package 'robot_wasd' build argument 'catkin_cmake_args' from command line to 'None'
[0.465s] Level 5:colcon.colcon_core.verb:set package 'robot_wasd' build argument 'catkin_skip_building_tests' from command line to 'False'
[0.465s] DEBUG:colcon.colcon_core.verb:Building package 'robot_wasd' with the following arguments: {'ament_cmake_args': None, 'build_base': '/home/marco/ros2_ws/build/robot_wasd', 'catkin_cmake_args': None, 'catkin_skip_building_tests': False, 'cmake_args': None, 'cmake_clean_cache': False, 'cmake_clean_first': False, 'cmake_force_configure': False, 'cmake_target': None, 'cmake_target_skip_unavailable': False, 'install_base': '/home/marco/ros2_ws/install/robot_wasd', 'merge_install': False, 'path': '/home/marco/ros2_ws/src/robot_wasd', 'symlink_install': True, 'test_result_base': None}
[0.466s] Level 5:colcon.colcon_core.verb:set package 'urdf_tutorial' build argument 'cmake_args' from command line to 'None'
[0.466s] Level 5:colcon.colcon_core.verb:set package 'urdf_tutorial' build argument 'cmake_target' from command line to 'None'
[0.466s] Level 5:colcon.colcon_core.verb:set package 'urdf_tutorial' build argument 'cmake_target_skip_unavailable' from command line to 'False'
[0.466s] Level 5:colcon.colcon_core.verb:set package 'urdf_tutorial' build argument 'cmake_clean_cache' from command line to 'False'
[0.466s] Level 5:colcon.colcon_core.verb:set package 'urdf_tutorial' build argument 'cmake_clean_first' from command line to 'False'
[0.466s] Level 5:colcon.colcon_core.verb:set package 'urdf_tutorial' build argument 'cmake_force_configure' from command line to 'False'
[0.466s] Level 5:colcon.colcon_core.verb:set package 'urdf_tutorial' build argument 'ament_cmake_args' from command line to 'None'
[0.466s] Level 5:colcon.colcon_core.verb:set package 'urdf_tutorial' build argument 'catkin_cmake_args' from command line to 'None'
[0.466s] Level 5:colcon.colcon_core.verb:set package 'urdf_tutorial' build argument 'catkin_skip_building_tests' from command line to 'False'
[0.466s] DEBUG:colcon.colcon_core.verb:Building package 'urdf_tutorial' with the following arguments: {'ament_cmake_args': None, 'build_base': '/home/marco/ros2_ws/build/urdf_tutorial', 'catkin_cmake_args': None, 'catkin_skip_building_tests': False, 'cmake_args': None, 'cmake_clean_cache': False, 'cmake_clean_first': False, 'cmake_force_configure': False, 'cmake_target': None, 'cmake_target_skip_unavailable': False, 'install_base': '/home/marco/ros2_ws/install/urdf_tutorial', 'merge_install': False, 'path': '/home/marco/ros2_ws/src/urdf_tutorial', 'symlink_install': True, 'test_result_base': None}
[0.466s] INFO:colcon.colcon_core.executor:Executing jobs using 'parallel' executor
[0.467s] DEBUG:colcon.colcon_parallel_executor.executor.parallel:run_until_complete
[0.467s] INFO:colcon.colcon_ros.task.ament_python.build:Building ROS package in '/home/marco/ros2_ws/src/6dof_package' with build type 'ament_python'
[0.467s] Level 1:colcon.colcon_core.shell:create_environment_hook('6dof_package', 'ament_prefix_path')
[0.470s] INFO:colcon.colcon_core.plugin_system:Skipping extension 'colcon_core.shell.bat': Not used on non-Windows systems
[0.470s] INFO:colcon.colcon_core.shell:Creating environment hook '/home/marco/ros2_ws/install/6dof_package/share/6dof_package/hook/ament_prefix_path.ps1'
[0.472s] INFO:colcon.colcon_core.shell:Creating environment descriptor '/home/marco/ros2_ws/install/6dof_package/share/6dof_package/hook/ament_prefix_path.dsv'
[0.473s] INFO:colcon.colcon_core.shell:Creating environment hook '/home/marco/ros2_ws/install/6dof_package/share/6dof_package/hook/ament_prefix_path.sh'
[0.473s] INFO:colcon.colcon_core.shell:Skip shell extension 'powershell' for command environment: Not usable outside of PowerShell
[0.474s] DEBUG:colcon.colcon_core.shell:Skip shell extension 'dsv' for command environment
[0.476s] INFO:colcon.colcon_ros.task.ament_python.build:Building ROS package in '/home/marco/ros2_ws/src/robot_plan_1dof' with build type 'ament_python'
[0.476s] Level 1:colcon.colcon_core.shell:create_environment_hook('robot_plan_1dof', 'ament_prefix_path')
[0.476s] INFO:colcon.colcon_core.shell:Creating environment hook '/home/marco/ros2_ws/install/robot_plan_1dof/share/robot_plan_1dof/hook/ament_prefix_path.ps1'
[0.477s] INFO:colcon.colcon_core.shell:Creating environment descriptor '/home/marco/ros2_ws/install/robot_plan_1dof/share/robot_plan_1dof/hook/ament_prefix_path.dsv'
[0.477s] INFO:colcon.colcon_core.shell:Creating environment hook '/home/marco/ros2_ws/install/robot_plan_1dof/share/robot_plan_1dof/hook/ament_prefix_path.sh'
[0.478s] INFO:colcon.colcon_core.shell:Skip shell extension 'powershell' for command environment: Not usable outside of PowerShell
[0.478s] DEBUG:colcon.colcon_core.shell:Skip shell extension 'dsv' for command environment
[0.480s] INFO:colcon.colcon_ros.task.ament_python.build:Building ROS package in '/home/marco/ros2_ws/src/robot_square' with build type 'ament_python'
[0.480s] Level 1:colcon.colcon_core.shell:create_environment_hook('robot_square', 'ament_prefix_path')
[0.480s] INFO:colcon.colcon_core.shell:Creating environment hook '/home/marco/ros2_ws/install/robot_square/share/robot_square/hook/ament_prefix_path.ps1'
[0.481s] INFO:colcon.colcon_core.shell:Creating environment descriptor '/home/marco/ros2_ws/install/robot_square/share/robot_square/hook/ament_prefix_path.dsv'
[0.482s] INFO:colcon.colcon_core.shell:Creating environment hook '/home/marco/ros2_ws/install/robot_square/share/robot_square/hook/ament_prefix_path.sh'
[0.482s] INFO:colcon.colcon_core.shell:Skip shell extension 'powershell' for command environment: Not usable outside of PowerShell
[0.482s] DEBUG:colcon.colcon_core.shell:Skip shell extension 'dsv' for command environment
[0.484s] INFO:colcon.colcon_ros.task.ament_python.build:Building ROS package in '/home/marco/ros2_ws/src/robot_wasd' with build type 'ament_python'
[0.484s] Level 1:colcon.colcon_core.shell:create_environment_hook('robot_wasd', 'ament_prefix_path')
[0.484s] INFO:colcon.colcon_core.shell:Creating environment hook '/home/marco/ros2_ws/install/robot_wasd/share/robot_wasd/hook/ament_prefix_path.ps1'
[0.485s] INFO:colcon.colcon_core.shell:Creating environment descriptor '/home/marco/ros2_ws/install/robot_wasd/share/robot_wasd/hook/ament_prefix_path.dsv'
[0.485s] INFO:colcon.colcon_core.shell:Creating environment hook '/home/marco/ros2_ws/install/robot_wasd/share/robot_wasd/hook/ament_prefix_path.sh'
[0.485s] INFO:colcon.colcon_core.shell:Skip shell extension 'powershell' for command environment: Not usable outside of PowerShell
[0.485s] DEBUG:colcon.colcon_core.shell:Skip shell extension 'dsv' for command environment
[0.487s] INFO:colcon.colcon_ros.task.ament_cmake.build:Building ROS package in '/home/marco/ros2_ws/src/urdf_tutorial' with build type 'ament_cmake'
[0.487s] INFO:colcon.colcon_cmake.task.cmake.build:Building CMake package in '/home/marco/ros2_ws/src/urdf_tutorial'
[0.487s] INFO:colcon.colcon_core.shell:Skip shell extension 'powershell' for command environment: Not usable outside of PowerShell
[0.487s] DEBUG:colcon.colcon_core.shell:Skip shell extension 'dsv' for command environment
[0.640s] INFO:colcon.colcon_core.task.python.build:Building Python package in '/home/marco/ros2_ws/src/6dof_package'
[0.640s] INFO:colcon.colcon_core.shell:Skip shell extension 'powershell' for command environment: Not usable outside of PowerShell
[0.640s] DEBUG:colcon.colcon_core.shell:Skip shell extension 'dsv' for command environment
[0.793s] INFO:colcon.colcon_core.task.python.build:Building Python package in '/home/marco/ros2_ws/src/robot_plan_1dof'
[0.793s] INFO:colcon.colcon_core.shell:Skip shell extension 'powershell' for command environment: Not usable outside of PowerShell
[0.793s] DEBUG:colcon.colcon_core.shell:Skip shell extension 'dsv' for command environment
[0.939s] INFO:colcon.colcon_core.task.python.build:Building Python package in '/home/marco/ros2_ws/src/robot_square'
[0.939s] INFO:colcon.colcon_core.shell:Skip shell extension 'powershell' for command environment: Not usable outside of PowerShell
[0.939s] DEBUG:colcon.colcon_core.shell:Skip shell extension 'dsv' for command environment
[1.095s] INFO:colcon.colcon_core.task.python.build:Building Python package in '/home/marco/ros2_ws/src/robot_wasd'
[1.095s] INFO:colcon.colcon_core.shell:Skip shell extension 'powershell' for command environment: Not usable outside of PowerShell
[1.095s] DEBUG:colcon.colcon_core.shell:Skip shell extension 'dsv' for command environment
[1.100s] DEBUG:colcon.colcon_core.event_handler.log_command:Invoking command in '/home/marco/ros2_ws/build/urdf_tutorial': CMAKE_PREFIX_PATH=${CMAKE_PREFIX_PATH}:/opt/ros/jazzy DEBUGINFOD_URLS=https://debuginfod.ubuntu.com /usr/bin/cmake --build /home/marco/ros2_ws/build/urdf_tutorial -- -j16 -l16
[1.177s] DEBUG:colcon.colcon_core.event_handler.log_command:Invoked command in '/home/marco/ros2_ws/build/urdf_tutorial' returned '0': CMAKE_PREFIX_PATH=${CMAKE_PREFIX_PATH}:/opt/ros/jazzy DEBUGINFOD_URLS=https://debuginfod.ubuntu.com /usr/bin/cmake --build /home/marco/ros2_ws/build/urdf_tutorial -- -j16 -l16
[1.187s] DEBUG:colcon.colcon_core.event_handler.log_command:Invoking command in '/home/marco/ros2_ws/build/urdf_tutorial': CMAKE_PREFIX_PATH=${CMAKE_PREFIX_PATH}:/opt/ros/jazzy DEBUGINFOD_URLS=https://debuginfod.ubuntu.com /usr/bin/cmake --install /home/marco/ros2_ws/build/urdf_tutorial
[1.214s] Level 1:colcon.colcon_core.environment:create_environment_scripts_only(urdf_tutorial)
[1.215s] DEBUG:colcon.colcon_core.event_handler.log_command:Invoked command in '/home/marco/ros2_ws/build/urdf_tutorial' returned '0': CMAKE_PREFIX_PATH=${CMAKE_PREFIX_PATH}:/opt/ros/jazzy DEBUGINFOD_URLS=https://debuginfod.ubuntu.com /usr/bin/cmake --install /home/marco/ros2_ws/build/urdf_tutorial
[1.223s] Level 1:colcon.colcon_core.environment:checking '/home/marco/ros2_ws/install/urdf_tutorial' for CMake module files
[1.223s] Level 1:colcon.colcon_core.environment:checking '/home/marco/ros2_ws/install/urdf_tutorial' for CMake config files
[1.224s] Level 1:colcon.colcon_core.shell:create_environment_hook('urdf_tutorial', 'cmake_prefix_path')
[1.224s] INFO:colcon.colcon_core.shell:Creating environment hook '/home/marco/ros2_ws/install/urdf_tutorial/share/urdf_tutorial/hook/cmake_prefix_path.ps1'
[1.224s] INFO:colcon.colcon_core.shell:Creating environment descriptor '/home/marco/ros2_ws/install/urdf_tutorial/share/urdf_tutorial/hook/cmake_prefix_path.dsv'
[1.225s] INFO:colcon.colcon_core.shell:Creating environment hook '/home/marco/ros2_ws/install/urdf_tutorial/share/urdf_tutorial/hook/cmake_prefix_path.sh'
[1.226s] Level 1:colcon.colcon_core.environment:checking '/home/marco/ros2_ws/install/urdf_tutorial/bin'
[1.226s] Level 1:colcon.colcon_core.environment:checking '/home/marco/ros2_ws/install/urdf_tutorial/lib/pkgconfig/urdf_tutorial.pc'
[1.226s] Level 1:colcon.colcon_core.environment:checking '/home/marco/ros2_ws/install/urdf_tutorial/lib/python3.12/site-packages'
[1.226s] Level 1:colcon.colcon_core.environment:checking '/home/marco/ros2_ws/install/urdf_tutorial/bin'
[1.226s] INFO:colcon.colcon_core.shell:Creating package script '/home/marco/ros2_ws/install/urdf_tutorial/share/urdf_tutorial/package.ps1'
[1.227s] INFO:colcon.colcon_core.shell:Creating package descriptor '/home/marco/ros2_ws/install/urdf_tutorial/share/urdf_tutorial/package.dsv'
[1.228s] INFO:colcon.colcon_core.shell:Creating package script '/home/marco/ros2_ws/install/urdf_tutorial/share/urdf_tutorial/package.sh'
[1.228s] INFO:colcon.colcon_core.shell:Creating package script '/home/marco/ros2_ws/install/urdf_tutorial/share/urdf_tutorial/package.bash'
[1.230s] INFO:colcon.colcon_core.shell:Creating package script '/home/marco/ros2_ws/install/urdf_tutorial/share/urdf_tutorial/package.zsh'
[1.230s] Level 1:colcon.colcon_core.environment:create_file_with_runtime_dependencies(/home/marco/ros2_ws/install/urdf_tutorial/share/colcon-core/packages/urdf_tutorial)
[1.231s] Level 1:colcon.colcon_core.environment:create_environment_scripts_only(urdf_tutorial)
[1.231s] Level 1:colcon.colcon_core.environment:checking '/home/marco/ros2_ws/install/urdf_tutorial' for CMake module files
[1.231s] Level 1:colcon.colcon_core.environment:checking '/home/marco/ros2_ws/install/urdf_tutorial' for CMake config files
[1.232s] Level 1:colcon.colcon_core.shell:create_environment_hook('urdf_tutorial', 'cmake_prefix_path')
[1.232s] INFO:colcon.colcon_core.shell:Creating environment hook '/home/marco/ros2_ws/install/urdf_tutorial/share/urdf_tutorial/hook/cmake_prefix_path.ps1'
[1.232s] INFO:colcon.colcon_core.shell:Creating environment descriptor '/home/marco/ros2_ws/install/urdf_tutorial/share/urdf_tutorial/hook/cmake_prefix_path.dsv'
[1.232s] INFO:colcon.colcon_core.shell:Creating environment hook '/home/marco/ros2_ws/install/urdf_tutorial/share/urdf_tutorial/hook/cmake_prefix_path.sh'
[1.233s] Level 1:colcon.colcon_core.environment:checking '/home/marco/ros2_ws/install/urdf_tutorial/bin'
[1.233s] Level 1:colcon.colcon_core.environment:checking '/home/marco/ros2_ws/install/urdf_tutorial/lib/pkgconfig/urdf_tutorial.pc'
[1.233s] Level 1:colcon.colcon_core.environment:checking '/home/marco/ros2_ws/install/urdf_tutorial/lib/python3.12/site-packages'
[1.233s] Level 1:colcon.colcon_core.environment:checking '/home/marco/ros2_ws/install/urdf_tutorial/bin'
[1.233s] INFO:colcon.colcon_core.shell:Creating package script '/home/marco/ros2_ws/install/urdf_tutorial/share/urdf_tutorial/package.ps1'
[1.234s] INFO:colcon.colcon_core.shell:Creating package descriptor '/home/marco/ros2_ws/install/urdf_tutorial/share/urdf_tutorial/package.dsv'
[1.234s] INFO:colcon.colcon_core.shell:Creating package script '/home/marco/ros2_ws/install/urdf_tutorial/share/urdf_tutorial/package.sh'
[1.234s] INFO:colcon.colcon_core.shell:Creating package script '/home/marco/ros2_ws/install/urdf_tutorial/share/urdf_tutorial/package.bash'
[1.234s] INFO:colcon.colcon_core.shell:Creating package script '/home/marco/ros2_ws/install/urdf_tutorial/share/urdf_tutorial/package.zsh'
[1.234s] Level 1:colcon.colcon_core.environment:create_file_with_runtime_dependencies(/home/marco/ros2_ws/install/urdf_tutorial/share/colcon-core/packages/urdf_tutorial)
[1.580s] DEBUG:colcon.colcon_core.event_handler.log_command:Invoking command in '/home/marco/ros2_ws/build/robot_square': DEBUGINFOD_URLS=https://debuginfod.ubuntu.com PYTHONPATH=/home/marco/ros2_ws/build/robot_square/prefix_override:/usr/lib/python3/dist-packages/colcon_core/task/python/colcon_distutils_commands:/home/marco/ros2_ws/install/robot_square/lib/python3.12/site-packages:${PYTHONPATH} /usr/bin/python3 -W ignore:setup.py install is deprecated -W ignore:easy_install command is deprecated setup.py develop --editable --build-directory /home/marco/ros2_ws/build/robot_square/build --no-deps symlink_data
[1.582s] DEBUG:colcon.colcon_core.event_handler.log_command:Invoking command in '/home/marco/ros2_ws/build/robot_wasd': DEBUGINFOD_URLS=https://debuginfod.ubuntu.com PYTHONPATH=/home/marco/ros2_ws/build/robot_wasd/prefix_override:/usr/lib/python3/dist-packages/colcon_core/task/python/colcon_distutils_commands:/home/marco/ros2_ws/install/robot_wasd/lib/python3.12/site-packages:${PYTHONPATH} /usr/bin/python3 -W ignore:setup.py install is deprecated -W ignore:easy_install command is deprecated setup.py develop --editable --build-directory /home/marco/ros2_ws/build/robot_wasd/build --no-deps symlink_data
[1.584s] DEBUG:colcon.colcon_core.event_handler.log_command:Invoking command in '/home/marco/ros2_ws/build/robot_plan_1dof': DEBUGINFOD_URLS=https://debuginfod.ubuntu.com PYTHONPATH=/home/marco/ros2_ws/build/robot_plan_1dof/prefix_override:/usr/lib/python3/dist-packages/colcon_core/task/python/colcon_distutils_commands:/home/marco/ros2_ws/install/robot_plan_1dof/lib/python3.12/site-packages:${PYTHONPATH} /usr/bin/python3 -W ignore:setup.py install is deprecated -W ignore:easy_install command is deprecated setup.py develop --editable --build-directory /home/marco/ros2_ws/build/robot_plan_1dof/build --no-deps symlink_data
[1.585s] DEBUG:colcon.colcon_core.event_handler.log_command:Invoking command in '/home/marco/ros2_ws/build/6dof_package': DEBUGINFOD_URLS=https://debuginfod.ubuntu.com PYTHONPATH=/home/marco/ros2_ws/build/6dof_package/prefix_override:/usr/lib/python3/dist-packages/colcon_core/task/python/colcon_distutils_commands:/home/marco/ros2_ws/install/6dof_package/lib/python3.12/site-packages:${PYTHONPATH} /usr/bin/python3 -W ignore:setup.py install is deprecated -W ignore:easy_install command is deprecated setup.py develop --editable --build-directory /home/marco/ros2_ws/build/6dof_package/build --no-deps symlink_data
[2.149s] Level 1:colcon.colcon_core.shell:create_environment_hook('robot_square', 'pythonpath_develop')
[2.150s] INFO:colcon.colcon_core.shell:Creating environment hook '/home/marco/ros2_ws/build/robot_square/share/robot_square/hook/pythonpath_develop.ps1'
[2.150s] DEBUG:colcon.colcon_core.event_handler.log_command:Invoked command in '/home/marco/ros2_ws/build/robot_square' returned '0': DEBUGINFOD_URLS=https://debuginfod.ubuntu.com PYTHONPATH=/home/marco/ros2_ws/build/robot_square/prefix_override:/usr/lib/python3/dist-packages/colcon_core/task/python/colcon_distutils_commands:/home/marco/ros2_ws/install/robot_square/lib/python3.12/site-packages:${PYTHONPATH} /usr/bin/python3 -W ignore:setup.py install is deprecated -W ignore:easy_install command is deprecated setup.py develop --editable --build-directory /home/marco/ros2_ws/build/robot_square/build --no-deps symlink_data
[2.151s] INFO:colcon.colcon_core.shell:Creating environment descriptor '/home/marco/ros2_ws/build/robot_square/share/robot_square/hook/pythonpath_develop.dsv'
[2.152s] INFO:colcon.colcon_core.shell:Creating environment hook '/home/marco/ros2_ws/build/robot_square/share/robot_square/hook/pythonpath_develop.sh'
[2.153s] Level 1:colcon.colcon_core.environment:checking '/home/marco/ros2_ws/install/robot_square' for CMake module files
[2.154s] Level 1:colcon.colcon_core.environment:checking '/home/marco/ros2_ws/install/robot_square' for CMake config files
[2.155s] Level 1:colcon.colcon_core.environment:checking '/home/marco/ros2_ws/install/robot_square/lib'
[2.155s] Level 1:colcon.colcon_core.environment:checking '/home/marco/ros2_ws/install/robot_square/bin'
[2.155s] Level 1:colcon.colcon_core.environment:checking '/home/marco/ros2_ws/install/robot_square/lib/pkgconfig/robot_square.pc'
[2.156s] Level 1:colcon.colcon_core.environment:checking '/home/marco/ros2_ws/install/robot_square/lib/python3.12/site-packages'
[2.156s] Level 1:colcon.colcon_core.shell:create_environment_hook('robot_square', 'pythonpath')
[2.156s] INFO:colcon.colcon_core.shell:Creating environment hook '/home/marco/ros2_ws/install/robot_square/share/robot_square/hook/pythonpath.ps1'
[2.157s] INFO:colcon.colcon_core.shell:Creating environment descriptor '/home/marco/ros2_ws/install/robot_square/share/robot_square/hook/pythonpath.dsv'
[2.157s] INFO:colcon.colcon_core.shell:Creating environment hook '/home/marco/ros2_ws/install/robot_square/share/robot_square/hook/pythonpath.sh'
[2.157s] Level 1:colcon.colcon_core.environment:checking '/home/marco/ros2_ws/install/robot_square/bin'
[2.157s] Level 1:colcon.colcon_core.environment:create_environment_scripts_only(robot_square)
[2.157s] INFO:colcon.colcon_core.shell:Creating package script '/home/marco/ros2_ws/install/robot_square/share/robot_square/package.ps1'
[2.158s] INFO:colcon.colcon_core.shell:Creating package descriptor '/home/marco/ros2_ws/install/robot_square/share/robot_square/package.dsv'
[2.158s] INFO:colcon.colcon_core.shell:Creating package script '/home/marco/ros2_ws/install/robot_square/share/robot_square/package.sh'
[2.158s] INFO:colcon.colcon_core.shell:Creating package script '/home/marco/ros2_ws/install/robot_square/share/robot_square/package.bash'
[2.158s] INFO:colcon.colcon_core.shell:Creating package script '/home/marco/ros2_ws/install/robot_square/share/robot_square/package.zsh'
[2.159s] Level 1:colcon.colcon_core.environment:create_file_with_runtime_dependencies(/home/marco/ros2_ws/install/robot_square/share/colcon-core/packages/robot_square)
[2.159s] Level 1:colcon.colcon_core.shell:create_environment_hook('6dof_package', 'pythonpath_develop')
[2.160s] INFO:colcon.colcon_core.shell:Creating environment hook '/home/marco/ros2_ws/build/6dof_package/share/6dof_package/hook/pythonpath_develop.ps1'
[2.162s] DEBUG:colcon.colcon_core.event_handler.log_command:Invoked command in '/home/marco/ros2_ws/build/6dof_package' returned '0': DEBUGINFOD_URLS=https://debuginfod.ubuntu.com PYTHONPATH=/home/marco/ros2_ws/build/6dof_package/prefix_override:/usr/lib/python3/dist-packages/colcon_core/task/python/colcon_distutils_commands:/home/marco/ros2_ws/install/6dof_package/lib/python3.12/site-packages:${PYTHONPATH} /usr/bin/python3 -W ignore:setup.py install is deprecated -W ignore:easy_install command is deprecated setup.py develop --editable --build-directory /home/marco/ros2_ws/build/6dof_package/build --no-deps symlink_data
[2.162s] INFO:colcon.colcon_core.shell:Creating environment descriptor '/home/marco/ros2_ws/build/6dof_package/share/6dof_package/hook/pythonpath_develop.dsv'
[2.162s] INFO:colcon.colcon_core.shell:Creating environment hook '/home/marco/ros2_ws/build/6dof_package/share/6dof_package/hook/pythonpath_develop.sh'
[2.163s] Level 1:colcon.colcon_core.environment:checking '/home/marco/ros2_ws/install/6dof_package' for CMake module files
[2.163s] Level 1:colcon.colcon_core.environment:checking '/home/marco/ros2_ws/install/6dof_package' for CMake config files
[2.164s] Level 1:colcon.colcon_core.environment:checking '/home/marco/ros2_ws/install/6dof_package/lib'
[2.165s] Level 1:colcon.colcon_core.environment:checking '/home/marco/ros2_ws/install/6dof_package/bin'
[2.165s] Level 1:colcon.colcon_core.environment:checking '/home/marco/ros2_ws/install/6dof_package/lib/pkgconfig/6dof_package.pc'
[2.165s] Level 1:colcon.colcon_core.environment:checking '/home/marco/ros2_ws/install/6dof_package/lib/python3.12/site-packages'
[2.165s] Level 1:colcon.colcon_core.shell:create_environment_hook('6dof_package', 'pythonpath')
[2.165s] INFO:colcon.colcon_core.shell:Creating environment hook '/home/marco/ros2_ws/install/6dof_package/share/6dof_package/hook/pythonpath.ps1'
[2.165s] INFO:colcon.colcon_core.shell:Creating environment descriptor '/home/marco/ros2_ws/install/6dof_package/share/6dof_package/hook/pythonpath.dsv'
[2.165s] INFO:colcon.colcon_core.shell:Creating environment hook '/home/marco/ros2_ws/install/6dof_package/share/6dof_package/hook/pythonpath.sh'
[2.166s] Level 1:colcon.colcon_core.environment:checking '/home/marco/ros2_ws/install/6dof_package/bin'
[2.166s] Level 1:colcon.colcon_core.environment:create_environment_scripts_only(6dof_package)
[2.166s] INFO:colcon.colcon_core.shell:Creating package script '/home/marco/ros2_ws/install/6dof_package/share/6dof_package/package.ps1'
[2.167s] INFO:colcon.colcon_core.shell:Creating package descriptor '/home/marco/ros2_ws/install/6dof_package/share/6dof_package/package.dsv'
[2.167s] INFO:colcon.colcon_core.shell:Creating package script '/home/marco/ros2_ws/install/6dof_package/share/6dof_package/package.sh'
[2.168s] INFO:colcon.colcon_core.shell:Creating package script '/home/marco/ros2_ws/install/6dof_package/share/6dof_package/package.bash'
[2.168s] INFO:colcon.colcon_core.shell:Creating package script '/home/marco/ros2_ws/install/6dof_package/share/6dof_package/package.zsh'
[2.169s] Level 1:colcon.colcon_core.environment:create_file_with_runtime_dependencies(/home/marco/ros2_ws/install/6dof_package/share/colcon-core/packages/6dof_package)
[2.176s] Level 1:colcon.colcon_core.shell:create_environment_hook('robot_wasd', 'pythonpath_develop')
[2.177s] INFO:colcon.colcon_core.shell:Creating environment hook '/home/marco/ros2_ws/build/robot_wasd/share/robot_wasd/hook/pythonpath_develop.ps1'
[2.177s] DEBUG:colcon.colcon_core.event_handler.log_command:Invoked command in '/home/marco/ros2_ws/build/robot_wasd' returned '0': DEBUGINFOD_URLS=https://debuginfod.ubuntu.com PYTHONPATH=/home/marco/ros2_ws/build/robot_wasd/prefix_override:/usr/lib/python3/dist-packages/colcon_core/task/python/colcon_distutils_commands:/home/marco/ros2_ws/install/robot_wasd/lib/python3.12/site-packages:${PYTHONPATH} /usr/bin/python3 -W ignore:setup.py install is deprecated -W ignore:easy_install command is deprecated setup.py develop --editable --build-directory /home/marco/ros2_ws/build/robot_wasd/build --no-deps symlink_data
[2.178s] INFO:colcon.colcon_core.shell:Creating environment descriptor '/home/marco/ros2_ws/build/robot_wasd/share/robot_wasd/hook/pythonpath_develop.dsv'
[2.179s] INFO:colcon.colcon_core.shell:Creating environment hook '/home/marco/ros2_ws/build/robot_wasd/share/robot_wasd/hook/pythonpath_develop.sh'
[2.179s] Level 1:colcon.colcon_core.environment:checking '/home/marco/ros2_ws/install/robot_wasd' for CMake module files
[2.180s] Level 1:colcon.colcon_core.environment:checking '/home/marco/ros2_ws/install/robot_wasd' for CMake config files
[2.181s] Level 1:colcon.colcon_core.environment:checking '/home/marco/ros2_ws/install/robot_wasd/lib'
[2.181s] Level 1:colcon.colcon_core.environment:checking '/home/marco/ros2_ws/install/robot_wasd/bin'
[2.181s] Level 1:colcon.colcon_core.environment:checking '/home/marco/ros2_ws/install/robot_wasd/lib/pkgconfig/robot_wasd.pc'
[2.181s] Level 1:colcon.colcon_core.environment:checking '/home/marco/ros2_ws/install/robot_wasd/lib/python3.12/site-packages'
[2.181s] Level 1:colcon.colcon_core.shell:create_environment_hook('robot_wasd', 'pythonpath')
[2.181s] INFO:colcon.colcon_core.shell:Creating environment hook '/home/marco/ros2_ws/install/robot_wasd/share/robot_wasd/hook/pythonpath.ps1'
[2.182s] INFO:colcon.colcon_core.shell:Creating environment descriptor '/home/marco/ros2_ws/install/robot_wasd/share/robot_wasd/hook/pythonpath.dsv'
[2.182s] INFO:colcon.colcon_core.shell:Creating environment hook '/home/marco/ros2_ws/install/robot_wasd/share/robot_wasd/hook/pythonpath.sh'
[2.183s] Level 1:colcon.colcon_core.environment:checking '/home/marco/ros2_ws/install/robot_wasd/bin'
[2.183s] Level 1:colcon.colcon_core.environment:create_environment_scripts_only(robot_wasd)
[2.183s] INFO:colcon.colcon_core.shell:Creating package script '/home/marco/ros2_ws/install/robot_wasd/share/robot_wasd/package.ps1'
[2.183s] INFO:colcon.colcon_core.shell:Creating package descriptor '/home/marco/ros2_ws/install/robot_wasd/share/robot_wasd/package.dsv'
[2.184s] INFO:colcon.colcon_core.shell:Creating package script '/home/marco/ros2_ws/install/robot_wasd/share/robot_wasd/package.sh'
[2.184s] INFO:colcon.colcon_core.shell:Creating package script '/home/marco/ros2_ws/install/robot_wasd/share/robot_wasd/package.bash'
[2.185s] INFO:colcon.colcon_core.shell:Creating package script '/home/marco/ros2_ws/install/robot_wasd/share/robot_wasd/package.zsh'
[2.185s] Level 1:colcon.colcon_core.environment:create_file_with_runtime_dependencies(/home/marco/ros2_ws/install/robot_wasd/share/colcon-core/packages/robot_wasd)
[2.186s] Level 1:colcon.colcon_core.shell:create_environment_hook('robot_plan_1dof', 'pythonpath_develop')
[2.186s] INFO:colcon.colcon_core.shell:Creating environment hook '/home/marco/ros2_ws/build/robot_plan_1dof/share/robot_plan_1dof/hook/pythonpath_develop.ps1'
[2.186s] DEBUG:colcon.colcon_core.event_handler.log_command:Invoked command in '/home/marco/ros2_ws/build/robot_plan_1dof' returned '0': DEBUGINFOD_URLS=https://debuginfod.ubuntu.com PYTHONPATH=/home/marco/ros2_ws/build/robot_plan_1dof/prefix_override:/usr/lib/python3/dist-packages/colcon_core/task/python/colcon_distutils_commands:/home/marco/ros2_ws/install/robot_plan_1dof/lib/python3.12/site-packages:${PYTHONPATH} /usr/bin/python3 -W ignore:setup.py install is deprecated -W ignore:easy_install command is deprecated setup.py develop --editable --build-directory /home/marco/ros2_ws/build/robot_plan_1dof/build --no-deps symlink_data
[2.187s] INFO:colcon.colcon_core.shell:Creating environment descriptor '/home/marco/ros2_ws/build/robot_plan_1dof/share/robot_plan_1dof/hook/pythonpath_develop.dsv'
[2.187s] INFO:colcon.colcon_core.shell:Creating environment hook '/home/marco/ros2_ws/build/robot_plan_1dof/share/robot_plan_1dof/hook/pythonpath_develop.sh'
[2.188s] Level 1:colcon.colcon_core.environment:checking '/home/marco/ros2_ws/install/robot_plan_1dof' for CMake module files
[2.189s] Level 1:colcon.colcon_core.environment:checking '/home/marco/ros2_ws/install/robot_plan_1dof' for CMake config files
[2.190s] Level 1:colcon.colcon_core.environment:checking '/home/marco/ros2_ws/install/robot_plan_1dof/lib'
[2.190s] Level 1:colcon.colcon_core.environment:checking '/home/marco/ros2_ws/install/robot_plan_1dof/bin'
[2.190s] Level 1:colcon.colcon_core.environment:checking '/home/marco/ros2_ws/install/robot_plan_1dof/lib/pkgconfig/robot_plan_1dof.pc'
[2.190s] Level 1:colcon.colcon_core.environment:checking '/home/marco/ros2_ws/install/robot_plan_1dof/lib/python3.12/site-packages'
[2.190s] Level 1:colcon.colcon_core.shell:create_environment_hook('robot_plan_1dof', 'pythonpath')
[2.190s] INFO:colcon.colcon_core.shell:Creating environment hook '/home/marco/ros2_ws/install/robot_plan_1dof/share/robot_plan_1dof/hook/pythonpath.ps1'
[2.191s] INFO:colcon.colcon_core.shell:Creating environment descriptor '/home/marco/ros2_ws/install/robot_plan_1dof/share/robot_plan_1dof/hook/pythonpath.dsv'
[2.191s] INFO:colcon.colcon_core.shell:Creating environment hook '/home/marco/ros2_ws/install/robot_plan_1dof/share/robot_plan_1dof/hook/pythonpath.sh'
[2.191s] Level 1:colcon.colcon_core.environment:checking '/home/marco/ros2_ws/install/robot_plan_1dof/bin'
[2.191s] Level 1:colcon.colcon_core.environment:create_environment_scripts_only(robot_plan_1dof)
[2.192s] INFO:colcon.colcon_core.shell:Creating package script '/home/marco/ros2_ws/install/robot_plan_1dof/share/robot_plan_1dof/package.ps1'
[2.192s] INFO:colcon.colcon_core.shell:Creating package descriptor '/home/marco/ros2_ws/install/robot_plan_1dof/share/robot_plan_1dof/package.dsv'
[2.192s] INFO:colcon.colcon_core.shell:Creating package script '/home/marco/ros2_ws/install/robot_plan_1dof/share/robot_plan_1dof/package.sh'
[2.193s] INFO:colcon.colcon_core.shell:Creating package script '/home/marco/ros2_ws/install/robot_plan_1dof/share/robot_plan_1dof/package.bash'
[2.193s] INFO:colcon.colcon_core.shell:Creating package script '/home/marco/ros2_ws/install/robot_plan_1dof/share/robot_plan_1dof/package.zsh'
[2.193s] Level 1:colcon.colcon_core.environment:create_file_with_runtime_dependencies(/home/marco/ros2_ws/install/robot_plan_1dof/share/colcon-core/packages/robot_plan_1dof)
[2.193s] DEBUG:colcon.colcon_parallel_executor.executor.parallel:closing loop
[2.194s] DEBUG:colcon.colcon_parallel_executor.executor.parallel:loop closed
[2.194s] DEBUG:colcon.colcon_parallel_executor.executor.parallel:run_until_complete finished with '0'
[2.194s] DEBUG:colcon.colcon_core.event_reactor:joining thread
[2.205s] INFO:colcon.colcon_core.plugin_system:Skipping extension 'colcon_notification.desktop_notification.terminal_notifier': Not used on non-Darwin systems
[2.205s] INFO:colcon.colcon_core.plugin_system:Skipping extension 'colcon_notification.desktop_notification.win32': Not used on non-Windows systems
[2.205s] INFO:colcon.colcon_notification.desktop_notification:Sending desktop notification using 'notify2'
[2.225s] DEBUG:colcon.colcon_core.event_reactor:joined thread
[2.226s] INFO:colcon.colcon_core.shell:Creating prefix script '/home/marco/ros2_ws/install/local_setup.ps1'
[2.227s] INFO:colcon.colcon_core.shell:Creating prefix util module '/home/marco/ros2_ws/install/_local_setup_util_ps1.py'
[2.230s] INFO:colcon.colcon_core.shell:Creating prefix chain script '/home/marco/ros2_ws/install/setup.ps1'
[2.231s] INFO:colcon.colcon_core.shell:Creating prefix script '/home/marco/ros2_ws/install/local_setup.sh'
[2.233s] INFO:colcon.colcon_core.shell:Creating prefix util module '/home/marco/ros2_ws/install/_local_setup_util_sh.py'
[2.233s] INFO:colcon.colcon_core.shell:Creating prefix chain script '/home/marco/ros2_ws/install/setup.sh'
[2.234s] INFO:colcon.colcon_core.shell:Creating prefix script '/home/marco/ros2_ws/install/local_setup.bash'
[2.235s] INFO:colcon.colcon_core.shell:Creating prefix chain script '/home/marco/ros2_ws/install/setup.bash'
[2.236s] INFO:colcon.colcon_core.shell:Creating prefix script '/home/marco/ros2_ws/install/local_setup.zsh'
[2.237s] INFO:colcon.colcon_core.shell:Creating prefix chain script '/home/marco/ros2_ws/install/setup.zsh'
