running egg_info
writing ../../build/robot_square/robot_square.egg-info/PKG-INFO
writing dependency_links to ../../build/robot_square/robot_square.egg-info/dependency_links.txt
writing entry points to ../../build/robot_square/robot_square.egg-info/entry_points.txt
writing requirements to ../../build/robot_square/robot_square.egg-info/requires.txt
writing top-level names to ../../build/robot_square/robot_square.egg-info/top_level.txt
reading manifest file '../../build/robot_square/robot_square.egg-info/SOURCES.txt'
adding license file 'LICENSE'
writing manifest file '../../build/robot_square/robot_square.egg-info/SOURCES.txt'
running build
running build_py
running install
running install_lib
creating /home/marco/ros2_ws/install/robot_square/lib/python3.12/site-packages/robot_square
copying /home/marco/ros2_ws/build/robot_square/build/lib/robot_square/__init__.py -> /home/marco/ros2_ws/install/robot_square/lib/python3.12/site-packages/robot_square
copying /home/marco/ros2_ws/build/robot_square/build/lib/robot_square/main_node.py -> /home/marco/ros2_ws/install/robot_square/lib/python3.12/site-packages/robot_square
byte-compiling /home/marco/ros2_ws/install/robot_square/lib/python3.12/site-packages/robot_square/__init__.py to __init__.cpython-312.pyc
byte-compiling /home/marco/ros2_ws/install/robot_square/lib/python3.12/site-packages/robot_square/main_node.py to main_node.cpython-312.pyc
running install_data
creating /home/marco/ros2_ws/install/robot_square/share/ament_index
creating /home/marco/ros2_ws/install/robot_square/share/ament_index/resource_index
creating /home/marco/ros2_ws/install/robot_square/share/ament_index/resource_index/packages
copying resource/robot_square -> /home/marco/ros2_ws/install/robot_square/share/ament_index/resource_index/packages
copying package.xml -> /home/marco/ros2_ws/install/robot_square/share/robot_square
creating /home/marco/ros2_ws/install/robot_square/share/robot_square/launch
copying robot_square/launch/robot.launch.py -> /home/marco/ros2_ws/install/robot_square/share/robot_square/launch
creating /home/marco/ros2_ws/install/robot_square/share/robot_square/urdf
copying robot_square/urdf/robot.urdf -> /home/marco/ros2_ws/install/robot_square/share/robot_square/urdf
creating /home/marco/ros2_ws/install/robot_square/share/robot_square/rviz
copying robot_square/rviz/view.rviz -> /home/marco/ros2_ws/install/robot_square/share/robot_square/rviz
running install_egg_info
Copying ../../build/robot_square/robot_square.egg-info to /home/marco/ros2_ws/install/robot_square/lib/python3.12/site-packages/robot_square-0.0.0-py3.12.egg-info
running install_scripts
Installing talker script to /home/marco/ros2_ws/install/robot_square/lib/robot_square
writing list of installed files to '/home/marco/ros2_ws/build/robot_square/install.log'
